{"D:\\Project\\Yandex\\stellar-burgers\\src\\services\\store.ts": {"path":"D:\\Project\\Yandex\\stellar-burgers\\src\\services\\store.ts","all":false,"statementMap":{"0":{"start":{"line":1,"column":0},"end":{"line":1,"column":67}},"1":{"start":{"line":2,"column":0},"end":{"line":2,"column":0}},"2":{"start":{"line":3,"column":0},"end":{"line":3,"column":83}},"3":{"start":{"line":4,"column":0},"end":{"line":4,"column":61}},"4":{"start":{"line":5,"column":0},"end":{"line":5,"column":47}},"5":{"start":{"line":6,"column":0},"end":{"line":6,"column":47}},"6":{"start":{"line":7,"column":0},"end":{"line":7,"column":61}},"7":{"start":{"line":8,"column":0},"end":{"line":8,"column":49}},"8":{"start":{"line":9,"column":0},"end":{"line":9,"column":59}},"9":{"start":{"line":10,"column":0},"end":{"line":10,"column":0}},"10":{"start":{"line":11,"column":0},"end":{"line":11,"column":8}},"11":{"start":{"line":12,"column":0},"end":{"line":12,"column":23}},"12":{"start":{"line":13,"column":0},"end":{"line":13,"column":30}},"13":{"start":{"line":14,"column":0},"end":{"line":14,"column":29}},"14":{"start":{"line":15,"column":0},"end":{"line":15,"column":21}},"15":{"start":{"line":16,"column":0},"end":{"line":16,"column":0}},"16":{"start":{"line":17,"column":0},"end":{"line":17,"column":44}},"17":{"start":{"line":18,"column":0},"end":{"line":18,"column":52}},"18":{"start":{"line":19,"column":0},"end":{"line":19,"column":74}},"19":{"start":{"line":20,"column":0},"end":{"line":20,"column":38}},"20":{"start":{"line":21,"column":0},"end":{"line":21,"column":38}},"21":{"start":{"line":22,"column":0},"end":{"line":22,"column":52}},"22":{"start":{"line":23,"column":0},"end":{"line":23,"column":40}},"23":{"start":{"line":24,"column":0},"end":{"line":24,"column":49}},"24":{"start":{"line":25,"column":0},"end":{"line":25,"column":3}},"25":{"start":{"line":26,"column":0},"end":{"line":26,"column":0}},"26":{"start":{"line":27,"column":0},"end":{"line":27,"column":30}},"27":{"start":{"line":28,"column":0},"end":{"line":28,"column":23}},"28":{"start":{"line":29,"column":0},"end":{"line":29,"column":49}},"29":{"start":{"line":30,"column":0},"end":{"line":30,"column":3}},"30":{"start":{"line":31,"column":0},"end":{"line":31,"column":0}},"31":{"start":{"line":32,"column":0},"end":{"line":32,"column":55}},"32":{"start":{"line":33,"column":0},"end":{"line":33,"column":0}},"33":{"start":{"line":34,"column":0},"end":{"line":34,"column":48}},"34":{"start":{"line":35,"column":0},"end":{"line":35,"column":0}},"35":{"start":{"line":36,"column":0},"end":{"line":36,"column":67}},"36":{"start":{"line":37,"column":0},"end":{"line":37,"column":73}},"37":{"start":{"line":38,"column":0},"end":{"line":38,"column":0}},"38":{"start":{"line":39,"column":0},"end":{"line":39,"column":21}}},"s":{"0":1,"1":1,"2":1,"3":1,"4":1,"5":1,"6":1,"7":1,"8":1,"9":1,"10":1,"11":1,"12":1,"13":1,"14":1,"15":1,"16":1,"17":1,"18":1,"19":1,"20":1,"21":1,"22":1,"23":1,"24":1,"25":1,"26":1,"27":1,"28":1,"29":1,"30":1,"31":1,"32":1,"33":1,"34":1,"35":1,"36":1,"37":1,"38":1},"branchMap":{},"b":{},"fnMap":{"0":{"name":"useDispatch","decl":{"start":{"line":36,"column":46},"end":{"line":36,"column":67}},"loc":{"start":{"line":36,"column":46},"end":{"line":36,"column":67}},"line":36}},"f":{"0":0}}
,"D:\\Project\\Yandex\\stellar-burgers\\src\\services\\slices\\constructorIngredientsSlice.ts": {"path":"D:\\Project\\Yandex\\stellar-burgers\\src\\services\\slices\\constructorIngredientsSlice.ts","all":false,"statementMap":{"0":{"start":{"line":1,"column":0},"end":{"line":1,"column":67}},"1":{"start":{"line":2,"column":0},"end":{"line":2,"column":30}},"2":{"start":{"line":3,"column":0},"end":{"line":3,"column":70}},"3":{"start":{"line":4,"column":0},"end":{"line":4,"column":0}},"4":{"start":{"line":5,"column":0},"end":{"line":5,"column":26}},"5":{"start":{"line":6,"column":0},"end":{"line":6,"column":45}},"6":{"start":{"line":7,"column":0},"end":{"line":7,"column":8}},"7":{"start":{"line":8,"column":0},"end":{"line":8,"column":16}},"8":{"start":{"line":9,"column":0},"end":{"line":9,"column":46}},"9":{"start":{"line":10,"column":0},"end":{"line":10,"column":4}},"10":{"start":{"line":11,"column":0},"end":{"line":11,"column":2}},"11":{"start":{"line":12,"column":0},"end":{"line":12,"column":0}},"12":{"start":{"line":13,"column":0},"end":{"line":13,"column":41}},"13":{"start":{"line":14,"column":0},"end":{"line":14,"column":23}},"14":{"start":{"line":15,"column":0},"end":{"line":15,"column":8}},"15":{"start":{"line":16,"column":0},"end":{"line":16,"column":12}},"16":{"start":{"line":17,"column":0},"end":{"line":17,"column":20}},"17":{"start":{"line":18,"column":0},"end":{"line":18,"column":3}},"18":{"start":{"line":19,"column":0},"end":{"line":19,"column":2}},"19":{"start":{"line":20,"column":0},"end":{"line":20,"column":0}},"20":{"start":{"line":21,"column":0},"end":{"line":21,"column":56}},"21":{"start":{"line":22,"column":0},"end":{"line":22,"column":33}},"22":{"start":{"line":23,"column":0},"end":{"line":23,"column":15}},"23":{"start":{"line":24,"column":0},"end":{"line":24,"column":13}},"24":{"start":{"line":25,"column":0},"end":{"line":25,"column":20}},"25":{"start":{"line":26,"column":0},"end":{"line":26,"column":74}},"26":{"start":{"line":27,"column":0},"end":{"line":27,"column":44}},"27":{"start":{"line":28,"column":0},"end":{"line":28,"column":45}},"28":{"start":{"line":29,"column":0},"end":{"line":29,"column":48}},"29":{"start":{"line":30,"column":0},"end":{"line":30,"column":16}},"30":{"start":{"line":31,"column":0},"end":{"line":31,"column":54}},"31":{"start":{"line":32,"column":0},"end":{"line":32,"column":9}},"32":{"start":{"line":33,"column":0},"end":{"line":33,"column":8}},"33":{"start":{"line":34,"column":0},"end":{"line":34,"column":45}},"34":{"start":{"line":35,"column":0},"end":{"line":35,"column":28}},"35":{"start":{"line":36,"column":0},"end":{"line":36,"column":50}},"36":{"start":{"line":37,"column":0},"end":{"line":37,"column":7}},"37":{"start":{"line":38,"column":0},"end":{"line":38,"column":6}},"38":{"start":{"line":39,"column":0},"end":{"line":39,"column":42}},"39":{"start":{"line":40,"column":0},"end":{"line":40,"column":61}},"40":{"start":{"line":41,"column":0},"end":{"line":41,"column":47}},"41":{"start":{"line":42,"column":0},"end":{"line":42,"column":8}},"42":{"start":{"line":43,"column":0},"end":{"line":43,"column":6}},"43":{"start":{"line":44,"column":0},"end":{"line":44,"column":42}},"44":{"start":{"line":45,"column":0},"end":{"line":45,"column":64}},"45":{"start":{"line":46,"column":0},"end":{"line":46,"column":47}},"46":{"start":{"line":47,"column":0},"end":{"line":47,"column":8}},"47":{"start":{"line":48,"column":0},"end":{"line":48,"column":56}},"48":{"start":{"line":49,"column":0},"end":{"line":49,"column":28}},"49":{"start":{"line":50,"column":0},"end":{"line":50,"column":38}},"50":{"start":{"line":51,"column":0},"end":{"line":51,"column":23}},"51":{"start":{"line":52,"column":0},"end":{"line":52,"column":22}},"52":{"start":{"line":53,"column":0},"end":{"line":53,"column":12}},"53":{"start":{"line":54,"column":0},"end":{"line":54,"column":64}},"54":{"start":{"line":55,"column":0},"end":{"line":55,"column":8}},"55":{"start":{"line":56,"column":0},"end":{"line":56,"column":19}},"56":{"start":{"line":57,"column":0},"end":{"line":57,"column":31}},"57":{"start":{"line":58,"column":0},"end":{"line":58,"column":29}},"58":{"start":{"line":59,"column":0},"end":{"line":59,"column":24}},"59":{"start":{"line":60,"column":0},"end":{"line":60,"column":8}},"60":{"start":{"line":61,"column":0},"end":{"line":61,"column":6}},"61":{"start":{"line":62,"column":0},"end":{"line":62,"column":44}},"62":{"start":{"line":63,"column":0},"end":{"line":63,"column":64}},"63":{"start":{"line":64,"column":0},"end":{"line":64,"column":47}},"64":{"start":{"line":65,"column":0},"end":{"line":65,"column":8}},"65":{"start":{"line":66,"column":0},"end":{"line":66,"column":56}},"66":{"start":{"line":67,"column":0},"end":{"line":67,"column":28}},"67":{"start":{"line":68,"column":0},"end":{"line":68,"column":38}},"68":{"start":{"line":69,"column":0},"end":{"line":69,"column":23}},"69":{"start":{"line":70,"column":0},"end":{"line":70,"column":22}},"70":{"start":{"line":71,"column":0},"end":{"line":71,"column":12}},"71":{"start":{"line":72,"column":0},"end":{"line":72,"column":64}},"72":{"start":{"line":73,"column":0},"end":{"line":73,"column":8}},"73":{"start":{"line":74,"column":0},"end":{"line":74,"column":19}},"74":{"start":{"line":75,"column":0},"end":{"line":75,"column":31}},"75":{"start":{"line":76,"column":0},"end":{"line":76,"column":25}},"76":{"start":{"line":77,"column":0},"end":{"line":77,"column":28}},"77":{"start":{"line":78,"column":0},"end":{"line":78,"column":8}},"78":{"start":{"line":79,"column":0},"end":{"line":79,"column":6}},"79":{"start":{"line":80,"column":0},"end":{"line":80,"column":34}},"80":{"start":{"line":81,"column":0},"end":{"line":81,"column":34}},"81":{"start":{"line":82,"column":0},"end":{"line":82,"column":25}},"82":{"start":{"line":83,"column":0},"end":{"line":83,"column":34}},"83":{"start":{"line":84,"column":0},"end":{"line":84,"column":5}},"84":{"start":{"line":85,"column":0},"end":{"line":85,"column":4}},"85":{"start":{"line":86,"column":0},"end":{"line":86,"column":14}},"86":{"start":{"line":87,"column":0},"end":{"line":87,"column":62}},"87":{"start":{"line":88,"column":0},"end":{"line":88,"column":47}},"88":{"start":{"line":89,"column":0},"end":{"line":89,"column":58}},"89":{"start":{"line":90,"column":0},"end":{"line":90,"column":3}},"90":{"start":{"line":91,"column":0},"end":{"line":91,"column":3}},"91":{"start":{"line":92,"column":0},"end":{"line":92,"column":0}},"92":{"start":{"line":93,"column":0},"end":{"line":93,"column":14}},"93":{"start":{"line":94,"column":0},"end":{"line":94,"column":25}},"94":{"start":{"line":95,"column":0},"end":{"line":95,"column":19}},"95":{"start":{"line":96,"column":0},"end":{"line":96,"column":23}},"96":{"start":{"line":97,"column":0},"end":{"line":97,"column":42}},"97":{"start":{"line":98,"column":0},"end":{"line":98,"column":44}},"98":{"start":{"line":99,"column":0},"end":{"line":99,"column":38}},"99":{"start":{"line":100,"column":0},"end":{"line":100,"column":0}},"100":{"start":{"line":101,"column":0},"end":{"line":101,"column":14}},"101":{"start":{"line":102,"column":0},"end":{"line":102,"column":16}},"102":{"start":{"line":103,"column":0},"end":{"line":103,"column":19}},"103":{"start":{"line":104,"column":0},"end":{"line":104,"column":19}},"104":{"start":{"line":105,"column":0},"end":{"line":105,"column":21}},"105":{"start":{"line":106,"column":0},"end":{"line":106,"column":18}},"106":{"start":{"line":107,"column":0},"end":{"line":107,"column":40}}},"s":{"0":1,"1":1,"2":1,"3":1,"4":1,"5":1,"6":1,"7":1,"8":1,"9":1,"10":1,"11":1,"12":1,"13":1,"14":1,"15":1,"16":1,"17":1,"18":1,"19":1,"20":1,"21":1,"22":1,"23":1,"24":1,"25":1,"26":0,"27":0,"28":0,"29":0,"30":0,"31":0,"32":1,"33":1,"34":0,"35":0,"36":0,"37":1,"38":1,"39":0,"40":0,"41":0,"42":1,"43":1,"44":0,"45":0,"46":0,"47":0,"48":0,"49":0,"50":0,"51":0,"52":0,"53":0,"54":0,"55":0,"56":0,"57":0,"58":0,"59":0,"60":1,"61":1,"62":0,"63":0,"64":0,"65":0,"66":0,"67":0,"68":0,"69":0,"70":0,"71":0,"72":0,"73":0,"74":0,"75":0,"76":0,"77":0,"78":1,"79":1,"80":0,"81":0,"82":0,"83":0,"84":1,"85":1,"86":1,"87":1,"88":1,"89":1,"90":1,"91":1,"92":1,"93":1,"94":1,"95":1,"96":1,"97":1,"98":1,"99":1,"100":1,"101":1,"102":1,"103":1,"104":1,"105":1,"106":1},"branchMap":{},"b":{},"fnMap":{"0":{"name":"reducer","decl":{"start":{"line":26,"column":15},"end":{"line":33,"column":7}},"loc":{"start":{"line":26,"column":15},"end":{"line":33,"column":7}},"line":26},"1":{"name":"prepare","decl":{"start":{"line":34,"column":15},"end":{"line":37,"column":7}},"loc":{"start":{"line":34,"column":15},"end":{"line":37,"column":7}},"line":34},"2":{"name":"removeIngredient","decl":{"start":{"line":39,"column":22},"end":{"line":43,"column":5}},"loc":{"start":{"line":39,"column":22},"end":{"line":43,"column":5}},"line":39},"3":{"name":"moveUpIngredient","decl":{"start":{"line":44,"column":22},"end":{"line":61,"column":5}},"loc":{"start":{"line":44,"column":22},"end":{"line":61,"column":5}},"line":44},"4":{"name":"moveDownIngredient","decl":{"start":{"line":62,"column":24},"end":{"line":79,"column":5}},"loc":{"start":{"line":62,"column":24},"end":{"line":79,"column":5}},"line":62},"5":{"name":"clearConstructor","decl":{"start":{"line":80,"column":22},"end":{"line":84,"column":5}},"loc":{"start":{"line":80,"column":22},"end":{"line":84,"column":5}},"line":80},"6":{"name":"selectAddedIngredients","decl":{"start":{"line":87,"column":28},"end":{"line":87,"column":62}},"loc":{"start":{"line":87,"column":28},"end":{"line":87,"column":62}},"line":87},"7":{"name":"selectAddedBunId","decl":{"start":{"line":88,"column":22},"end":{"line":88,"column":47}},"loc":{"start":{"line":88,"column":22},"end":{"line":88,"column":47}},"line":88},"8":{"name":"selectAddedBunDetails","decl":{"start":{"line":89,"column":27},"end":{"line":89,"column":58}},"loc":{"start":{"line":89,"column":27},"end":{"line":89,"column":58}},"line":89}},"f":{"0":0,"1":0,"2":0,"3":0,"4":0,"5":0,"6":0,"7":0,"8":0}}
,"D:\\Project\\Yandex\\stellar-burgers\\src\\services\\slices\\feedSlice.ts": {"path":"D:\\Project\\Yandex\\stellar-burgers\\src\\services\\slices\\feedSlice.ts","all":false,"statementMap":{"0":{"start":{"line":1,"column":0},"end":{"line":1,"column":38}},"1":{"start":{"line":2,"column":0},"end":{"line":2,"column":53}},"2":{"start":{"line":3,"column":0},"end":{"line":3,"column":65}},"3":{"start":{"line":4,"column":0},"end":{"line":4,"column":0}},"4":{"start":{"line":5,"column":0},"end":{"line":5,"column":22}},"5":{"start":{"line":6,"column":0},"end":{"line":6,"column":19}},"6":{"start":{"line":7,"column":0},"end":{"line":7,"column":16}},"7":{"start":{"line":8,"column":0},"end":{"line":8,"column":21}},"8":{"start":{"line":9,"column":0},"end":{"line":9,"column":2}},"9":{"start":{"line":10,"column":0},"end":{"line":10,"column":0}},"10":{"start":{"line":11,"column":0},"end":{"line":11,"column":37}},"11":{"start":{"line":12,"column":0},"end":{"line":12,"column":13}},"12":{"start":{"line":13,"column":0},"end":{"line":13,"column":11}},"13":{"start":{"line":14,"column":0},"end":{"line":14,"column":15}},"14":{"start":{"line":15,"column":0},"end":{"line":15,"column":2}},"15":{"start":{"line":16,"column":0},"end":{"line":16,"column":0}},"16":{"start":{"line":17,"column":0},"end":{"line":17,"column":45}},"17":{"start":{"line":18,"column":0},"end":{"line":18,"column":16}},"18":{"start":{"line":19,"column":0},"end":{"line":19,"column":30}},"19":{"start":{"line":20,"column":0},"end":{"line":20,"column":26}},"20":{"start":{"line":21,"column":0},"end":{"line":21,"column":37}},"21":{"start":{"line":22,"column":0},"end":{"line":22,"column":16}},"22":{"start":{"line":23,"column":0},"end":{"line":23,"column":3}},"23":{"start":{"line":24,"column":0},"end":{"line":24,"column":2}},"24":{"start":{"line":25,"column":0},"end":{"line":25,"column":0}},"25":{"start":{"line":26,"column":0},"end":{"line":26,"column":38}},"26":{"start":{"line":27,"column":0},"end":{"line":27,"column":15}},"27":{"start":{"line":28,"column":0},"end":{"line":28,"column":15}},"28":{"start":{"line":29,"column":0},"end":{"line":29,"column":13}},"29":{"start":{"line":30,"column":0},"end":{"line":30,"column":33}},"30":{"start":{"line":31,"column":0},"end":{"line":31,"column":4}},"31":{"start":{"line":32,"column":0},"end":{"line":32,"column":14}},"32":{"start":{"line":33,"column":0},"end":{"line":33,"column":40}},"33":{"start":{"line":34,"column":0},"end":{"line":34,"column":40}},"34":{"start":{"line":35,"column":0},"end":{"line":35,"column":50}},"35":{"start":{"line":36,"column":0},"end":{"line":36,"column":32}},"36":{"start":{"line":37,"column":0},"end":{"line":37,"column":4}},"37":{"start":{"line":38,"column":0},"end":{"line":38,"column":31}},"38":{"start":{"line":39,"column":0},"end":{"line":39,"column":64}},"39":{"start":{"line":40,"column":0},"end":{"line":40,"column":43}},"40":{"start":{"line":41,"column":0},"end":{"line":41,"column":41}},"41":{"start":{"line":42,"column":0},"end":{"line":42,"column":51}},"42":{"start":{"line":43,"column":0},"end":{"line":43,"column":7}},"43":{"start":{"line":44,"column":0},"end":{"line":44,"column":3}},"44":{"start":{"line":45,"column":0},"end":{"line":45,"column":3}},"45":{"start":{"line":46,"column":0},"end":{"line":46,"column":0}},"46":{"start":{"line":47,"column":0},"end":{"line":47,"column":45}},"47":{"start":{"line":48,"column":0},"end":{"line":48,"column":72}},"48":{"start":{"line":49,"column":0},"end":{"line":49,"column":22}},"49":{"start":{"line":50,"column":0},"end":{"line":50,"column":47}}},"s":{"0":1,"1":0,"2":1,"3":1,"4":1,"5":1,"6":1,"7":1,"8":1,"9":1,"10":1,"11":1,"12":1,"13":1,"14":1,"15":1,"16":1,"17":1,"18":1,"19":0,"20":0,"21":0,"22":1,"23":1,"24":1,"25":1,"26":1,"27":1,"28":1,"29":1,"30":1,"31":1,"32":1,"33":1,"34":1,"35":1,"36":1,"37":1,"38":1,"39":0,"40":0,"41":0,"42":1,"43":1,"44":1,"45":1,"46":1,"47":1,"48":1,"49":1},"branchMap":{"0":{"type":"branch","line":2,"loc":{"start":{"line":2,"column":0},"end":{"line":2,"column":53}},"locations":[{"start":{"line":2,"column":0},"end":{"line":2,"column":53}}]},"1":{"type":"branch","line":18,"loc":{"start":{"line":18,"column":15},"end":{"line":23,"column":3}},"locations":[{"start":{"line":18,"column":15},"end":{"line":23,"column":3}}]},"2":{"type":"branch","line":38,"loc":{"start":{"line":38,"column":17},"end":{"line":44,"column":3}},"locations":[{"start":{"line":38,"column":17},"end":{"line":44,"column":3}}]}},"b":{"0":[1],"1":[1],"2":[1]},"fnMap":{"0":{"name":"asyncGeneratorStep","decl":{"start":{"line":2,"column":0},"end":{"line":2,"column":53}},"loc":{"start":{"line":2,"column":0},"end":{"line":2,"column":53}},"line":2},"1":{"name":"_asyncToGenerator","decl":{"start":{"line":2,"column":0},"end":{"line":2,"column":53}},"loc":{"start":{"line":2,"column":0},"end":{"line":2,"column":53}},"line":2},"2":{"name":"_callee","decl":{"start":{"line":19,"column":2},"end":{"line":22,"column":16}},"loc":{"start":{"line":19,"column":2},"end":{"line":22,"column":16}},"line":19},"3":{"name":"clearFeed","decl":{"start":{"line":30,"column":15},"end":{"line":30,"column":33}},"loc":{"start":{"line":30,"column":15},"end":{"line":30,"column":33}},"line":30},"4":{"name":"selectFeed","decl":{"start":{"line":33,"column":16},"end":{"line":33,"column":40}},"loc":{"start":{"line":33,"column":16},"end":{"line":33,"column":40}},"line":33},"5":{"name":"selectTotal","decl":{"start":{"line":34,"column":17},"end":{"line":34,"column":40}},"loc":{"start":{"line":34,"column":17},"end":{"line":34,"column":40}},"line":34},"6":{"name":"selectTotalToday","decl":{"start":{"line":35,"column":22},"end":{"line":35,"column":50}},"loc":{"start":{"line":35,"column":22},"end":{"line":35,"column":50}},"line":35},"7":{"name":"selectData","decl":{"start":{"line":36,"column":16},"end":{"line":36,"column":32}},"loc":{"start":{"line":36,"column":16},"end":{"line":36,"column":32}},"line":36},"8":{"name":"extraReducers","decl":{"start":{"line":38,"column":17},"end":{"line":44,"column":3}},"loc":{"start":{"line":38,"column":17},"end":{"line":44,"column":3}},"line":38}},"f":{"0":0,"1":1,"2":0,"3":0,"4":0,"5":0,"6":0,"7":0,"8":1}}
,"D:\\Project\\Yandex\\stellar-burgers\\src\\services\\slices\\ingredientsSlice.ts": {"path":"D:\\Project\\Yandex\\stellar-burgers\\src\\services\\slices\\ingredientsSlice.ts","all":false,"statementMap":{"0":{"start":{"line":1,"column":0},"end":{"line":1,"column":65}},"1":{"start":{"line":2,"column":0},"end":{"line":2,"column":77}},"2":{"start":{"line":3,"column":0},"end":{"line":3,"column":48}},"3":{"start":{"line":4,"column":0},"end":{"line":4,"column":0}},"4":{"start":{"line":5,"column":0},"end":{"line":5,"column":47}},"5":{"start":{"line":6,"column":0},"end":{"line":6,"column":0}},"6":{"start":{"line":7,"column":0},"end":{"line":7,"column":28}},"7":{"start":{"line":8,"column":0},"end":{"line":8,"column":29}},"8":{"start":{"line":9,"column":0},"end":{"line":9,"column":21}},"9":{"start":{"line":10,"column":0},"end":{"line":10,"column":1}},"10":{"start":{"line":11,"column":0},"end":{"line":11,"column":0}},"11":{"start":{"line":12,"column":0},"end":{"line":12,"column":40}},"12":{"start":{"line":13,"column":0},"end":{"line":13,"column":18}},"13":{"start":{"line":14,"column":0},"end":{"line":14,"column":17}},"14":{"start":{"line":15,"column":0},"end":{"line":15,"column":2}},"15":{"start":{"line":16,"column":0},"end":{"line":16,"column":0}},"16":{"start":{"line":17,"column":0},"end":{"line":17,"column":49}},"17":{"start":{"line":18,"column":0},"end":{"line":18,"column":23}},"18":{"start":{"line":19,"column":0},"end":{"line":19,"column":33}},"19":{"start":{"line":20,"column":0},"end":{"line":20,"column":2}},"20":{"start":{"line":21,"column":0},"end":{"line":21,"column":0}},"21":{"start":{"line":22,"column":0},"end":{"line":22,"column":45}},"22":{"start":{"line":23,"column":0},"end":{"line":23,"column":22}},"23":{"start":{"line":24,"column":0},"end":{"line":24,"column":15}},"24":{"start":{"line":25,"column":0},"end":{"line":25,"column":15}},"25":{"start":{"line":26,"column":0},"end":{"line":26,"column":14}},"26":{"start":{"line":27,"column":0},"end":{"line":27,"column":52}},"27":{"start":{"line":28,"column":0},"end":{"line":28,"column":56}},"28":{"start":{"line":29,"column":0},"end":{"line":29,"column":4}},"29":{"start":{"line":30,"column":0},"end":{"line":30,"column":31}},"30":{"start":{"line":31,"column":0},"end":{"line":31,"column":58}},"31":{"start":{"line":32,"column":0},"end":{"line":32,"column":29}},"32":{"start":{"line":33,"column":0},"end":{"line":33,"column":7}},"33":{"start":{"line":34,"column":0},"end":{"line":34,"column":68}},"34":{"start":{"line":35,"column":0},"end":{"line":35,"column":30}},"35":{"start":{"line":36,"column":0},"end":{"line":36,"column":41}},"36":{"start":{"line":37,"column":0},"end":{"line":37,"column":7}},"37":{"start":{"line":38,"column":0},"end":{"line":38,"column":3}},"38":{"start":{"line":39,"column":0},"end":{"line":39,"column":3}},"39":{"start":{"line":40,"column":0},"end":{"line":40,"column":0}},"40":{"start":{"line":41,"column":0},"end":{"line":41,"column":62}},"41":{"start":{"line":42,"column":0},"end":{"line":42,"column":29}},"42":{"start":{"line":43,"column":0},"end":{"line":43,"column":0}},"43":{"start":{"line":44,"column":0},"end":{"line":44,"column":59}},"44":{"start":{"line":45,"column":0},"end":{"line":45,"column":0}},"45":{"start":{"line":46,"column":0},"end":{"line":46,"column":18}},"46":{"start":{"line":47,"column":0},"end":{"line":47,"column":70}}},"s":{"0":1,"1":1,"2":1,"3":1,"4":1,"5":1,"6":1,"7":1,"8":1,"9":1,"10":1,"11":1,"12":1,"13":1,"14":1,"15":1,"16":1,"17":1,"18":1,"19":1,"20":1,"21":1,"22":1,"23":1,"24":1,"25":1,"26":1,"27":1,"28":1,"29":1,"30":1,"31":0,"32":1,"33":1,"34":0,"35":0,"36":1,"37":1,"38":1,"39":1,"40":1,"41":1,"42":1,"43":1,"44":1,"45":1,"46":1},"branchMap":{"0":{"type":"branch","line":2,"loc":{"start":{"line":2,"column":0},"end":{"line":2,"column":59}},"locations":[{"start":{"line":2,"column":0},"end":{"line":2,"column":59}}]},"1":{"type":"branch","line":2,"loc":{"start":{"line":2,"column":0},"end":{"line":2,"column":59}},"locations":[{"start":{"line":2,"column":0},"end":{"line":2,"column":59}}]},"2":{"type":"branch","line":2,"loc":{"start":{"line":2,"column":0},"end":{"line":2,"column":59}},"locations":[{"start":{"line":2,"column":0},"end":{"line":2,"column":59}}]},"3":{"type":"branch","line":2,"loc":{"start":{"line":2,"column":0},"end":{"line":2,"column":59}},"locations":[{"start":{"line":2,"column":0},"end":{"line":2,"column":59}}]},"4":{"type":"branch","line":2,"loc":{"start":{"line":2,"column":0},"end":{"line":2,"column":59}},"locations":[{"start":{"line":2,"column":0},"end":{"line":2,"column":59}}]},"5":{"type":"branch","line":2,"loc":{"start":{"line":2,"column":0},"end":{"line":2,"column":59}},"locations":[{"start":{"line":2,"column":0},"end":{"line":2,"column":59}}]},"6":{"type":"branch","line":2,"loc":{"start":{"line":2,"column":0},"end":{"line":2,"column":59}},"locations":[{"start":{"line":2,"column":0},"end":{"line":2,"column":59}}]},"7":{"type":"branch","line":2,"loc":{"start":{"line":2,"column":0},"end":{"line":2,"column":59}},"locations":[{"start":{"line":2,"column":0},"end":{"line":2,"column":59}}]},"8":{"type":"branch","line":2,"loc":{"start":{"line":2,"column":0},"end":{"line":2,"column":59}},"locations":[{"start":{"line":2,"column":0},"end":{"line":2,"column":59}}]},"9":{"type":"branch","line":2,"loc":{"start":{"line":2,"column":0},"end":{"line":2,"column":59}},"locations":[{"start":{"line":2,"column":0},"end":{"line":2,"column":59}}]},"10":{"type":"branch","line":2,"loc":{"start":{"line":2,"column":0},"end":{"line":2,"column":59}},"locations":[{"start":{"line":2,"column":0},"end":{"line":2,"column":59}}]},"11":{"type":"branch","line":2,"loc":{"start":{"line":2,"column":0},"end":{"line":2,"column":59}},"locations":[{"start":{"line":2,"column":0},"end":{"line":2,"column":59}}]},"12":{"type":"branch","line":2,"loc":{"start":{"line":2,"column":0},"end":{"line":2,"column":59}},"locations":[{"start":{"line":2,"column":0},"end":{"line":2,"column":59}}]},"13":{"type":"branch","line":2,"loc":{"start":{"line":2,"column":0},"end":{"line":2,"column":59}},"locations":[{"start":{"line":2,"column":0},"end":{"line":2,"column":59}}]},"14":{"type":"branch","line":2,"loc":{"start":{"line":2,"column":0},"end":{"line":2,"column":59}},"locations":[{"start":{"line":2,"column":0},"end":{"line":2,"column":59}}]},"15":{"type":"branch","line":2,"loc":{"start":{"line":2,"column":0},"end":{"line":2,"column":59}},"locations":[{"start":{"line":2,"column":0},"end":{"line":2,"column":59}}]},"16":{"type":"branch","line":30,"loc":{"start":{"line":30,"column":17},"end":{"line":38,"column":3}},"locations":[{"start":{"line":30,"column":17},"end":{"line":38,"column":3}}]}},"b":{"0":[0],"1":[0],"2":[0],"3":[0],"4":[0],"5":[0],"6":[13],"7":[2],"8":[6],"9":[1],"10":[0],"11":[0],"12":[0],"13":[1],"14":[0],"15":[1],"16":[1]},"fnMap":{"0":{"name":"_regeneratorRuntime","decl":{"start":{"line":2,"column":0},"end":{"line":2,"column":59}},"loc":{"start":{"line":2,"column":0},"end":{"line":2,"column":59}},"line":2},"1":{"name":"o","decl":{"start":{"line":2,"column":0},"end":{"line":2,"column":59}},"loc":{"start":{"line":2,"column":0},"end":{"line":2,"column":59}},"line":2},"2":{"name":"define","decl":{"start":{"line":2,"column":0},"end":{"line":2,"column":59}},"loc":{"start":{"line":2,"column":0},"end":{"line":2,"column":59}},"line":2},"3":{"name":"define","decl":{"start":{"line":2,"column":0},"end":{"line":2,"column":59}},"loc":{"start":{"line":2,"column":0},"end":{"line":2,"column":59}},"line":2},"4":{"name":"wrap","decl":{"start":{"line":2,"column":0},"end":{"line":2,"column":59}},"loc":{"start":{"line":2,"column":0},"end":{"line":2,"column":59}},"line":2},"5":{"name":"tryCatch","decl":{"start":{"line":2,"column":0},"end":{"line":2,"column":59}},"loc":{"start":{"line":2,"column":0},"end":{"line":2,"column":59}},"line":2},"6":{"name":"Generator","decl":{"start":{"line":2,"column":0},"end":{"line":2,"column":59}},"loc":{"start":{"line":2,"column":0},"end":{"line":2,"column":59}},"line":2},"7":{"name":"GeneratorFunction","decl":{"start":{"line":2,"column":0},"end":{"line":2,"column":59}},"loc":{"start":{"line":2,"column":0},"end":{"line":2,"column":59}},"line":2},"8":{"name":"GeneratorFunctionPrototype","decl":{"start":{"line":2,"column":0},"end":{"line":2,"column":59}},"loc":{"start":{"line":2,"column":0},"end":{"line":2,"column":59}},"line":2},"9":{"name":"defineIteratorMethods","decl":{"start":{"line":2,"column":0},"end":{"line":2,"column":59}},"loc":{"start":{"line":2,"column":0},"end":{"line":2,"column":59}},"line":2},"10":{"name":"AsyncIterator","decl":{"start":{"line":2,"column":0},"end":{"line":2,"column":59}},"loc":{"start":{"line":2,"column":0},"end":{"line":2,"column":59}},"line":2},"11":{"name":"makeInvokeMethod","decl":{"start":{"line":2,"column":0},"end":{"line":2,"column":59}},"loc":{"start":{"line":2,"column":0},"end":{"line":2,"column":59}},"line":2},"12":{"name":"maybeInvokeDelegate","decl":{"start":{"line":2,"column":0},"end":{"line":2,"column":59}},"loc":{"start":{"line":2,"column":0},"end":{"line":2,"column":59}},"line":2},"13":{"name":"pushTryEntry","decl":{"start":{"line":2,"column":0},"end":{"line":2,"column":59}},"loc":{"start":{"line":2,"column":0},"end":{"line":2,"column":59}},"line":2},"14":{"name":"resetTryEntry","decl":{"start":{"line":2,"column":0},"end":{"line":2,"column":59}},"loc":{"start":{"line":2,"column":0},"end":{"line":2,"column":59}},"line":2},"15":{"name":"Context","decl":{"start":{"line":2,"column":0},"end":{"line":2,"column":59}},"loc":{"start":{"line":2,"column":0},"end":{"line":2,"column":59}},"line":2},"16":{"name":"values","decl":{"start":{"line":2,"column":0},"end":{"line":2,"column":59}},"loc":{"start":{"line":2,"column":0},"end":{"line":2,"column":59}},"line":2},"17":{"name":"next","decl":{"start":{"line":2,"column":0},"end":{"line":2,"column":59}},"loc":{"start":{"line":2,"column":0},"end":{"line":2,"column":59}},"line":2},"18":{"name":"e.isGeneratorFunction","decl":{"start":{"line":2,"column":0},"end":{"line":2,"column":59}},"loc":{"start":{"line":2,"column":0},"end":{"line":2,"column":59}},"line":2},"19":{"name":"e.mark","decl":{"start":{"line":2,"column":0},"end":{"line":2,"column":59}},"loc":{"start":{"line":2,"column":0},"end":{"line":2,"column":59}},"line":2},"20":{"name":"e.awrap","decl":{"start":{"line":2,"column":0},"end":{"line":2,"column":59}},"loc":{"start":{"line":2,"column":0},"end":{"line":2,"column":59}},"line":2},"21":{"name":"e.async","decl":{"start":{"line":2,"column":0},"end":{"line":2,"column":59}},"loc":{"start":{"line":2,"column":0},"end":{"line":2,"column":59}},"line":2},"22":{"name":"e.keys","decl":{"start":{"line":2,"column":0},"end":{"line":2,"column":59}},"loc":{"start":{"line":2,"column":0},"end":{"line":2,"column":59}},"line":2},"23":{"name":"reset","decl":{"start":{"line":2,"column":0},"end":{"line":2,"column":59}},"loc":{"start":{"line":2,"column":0},"end":{"line":2,"column":59}},"line":2},"24":{"name":"stop","decl":{"start":{"line":2,"column":0},"end":{"line":2,"column":59}},"loc":{"start":{"line":2,"column":0},"end":{"line":2,"column":59}},"line":2},"25":{"name":"dispatchException","decl":{"start":{"line":2,"column":0},"end":{"line":2,"column":59}},"loc":{"start":{"line":2,"column":0},"end":{"line":2,"column":59}},"line":2},"26":{"name":"abrupt","decl":{"start":{"line":2,"column":0},"end":{"line":2,"column":59}},"loc":{"start":{"line":2,"column":0},"end":{"line":2,"column":59}},"line":2},"27":{"name":"complete","decl":{"start":{"line":2,"column":0},"end":{"line":2,"column":59}},"loc":{"start":{"line":2,"column":0},"end":{"line":2,"column":59}},"line":2},"28":{"name":"finish","decl":{"start":{"line":2,"column":0},"end":{"line":2,"column":59}},"loc":{"start":{"line":2,"column":0},"end":{"line":2,"column":59}},"line":2},"29":{"name":"_catch","decl":{"start":{"line":2,"column":0},"end":{"line":2,"column":59}},"loc":{"start":{"line":2,"column":0},"end":{"line":2,"column":59}},"line":2},"30":{"name":"delegateYield","decl":{"start":{"line":2,"column":0},"end":{"line":2,"column":59}},"loc":{"start":{"line":2,"column":0},"end":{"line":2,"column":59}},"line":2},"31":{"name":"asyncGeneratorStep","decl":{"start":{"line":2,"column":0},"end":{"line":2,"column":59}},"loc":{"start":{"line":2,"column":0},"end":{"line":2,"column":59}},"line":2},"32":{"name":"_asyncToGenerator","decl":{"start":{"line":2,"column":0},"end":{"line":2,"column":59}},"loc":{"start":{"line":2,"column":0},"end":{"line":2,"column":59}},"line":2},"33":{"name":"_callee","decl":{"start":{"line":19,"column":2},"end":{"line":19,"column":33}},"loc":{"start":{"line":19,"column":2},"end":{"line":19,"column":33}},"line":19},"34":{"name":"selectIngredients","decl":{"start":{"line":27,"column":23},"end":{"line":27,"column":52}},"loc":{"start":{"line":27,"column":23},"end":{"line":27,"column":52}},"line":27},"35":{"name":"selectIngredientsLoading","decl":{"start":{"line":28,"column":30},"end":{"line":28,"column":56}},"loc":{"start":{"line":28,"column":30},"end":{"line":28,"column":56}},"line":28},"36":{"name":"extraReducers","decl":{"start":{"line":30,"column":17},"end":{"line":38,"column":3}},"loc":{"start":{"line":30,"column":17},"end":{"line":38,"column":3}},"line":30},"37":{"name":"getIngredients","decl":{"start":{"line":47,"column":30},"end":{"line":47,"column":70}},"loc":{"start":{"line":47,"column":30},"end":{"line":47,"column":70}},"line":47}},"f":{"0":0,"1":0,"2":13,"3":0,"4":0,"5":0,"6":0,"7":0,"8":0,"9":2,"10":0,"11":0,"12":0,"13":0,"14":0,"15":0,"16":1,"17":0,"18":0,"19":1,"20":0,"21":0,"22":0,"23":0,"24":0,"25":0,"26":0,"27":0,"28":0,"29":0,"30":0,"31":0,"32":1,"33":0,"34":0,"35":0,"36":1,"37":0}}
,"D:\\Project\\Yandex\\stellar-burgers\\src\\services\\slices\\orderBurgerSlice.ts": {"path":"D:\\Project\\Yandex\\stellar-burgers\\src\\services\\slices\\orderBurgerSlice.ts","all":false,"statementMap":{"0":{"start":{"line":1,"column":0},"end":{"line":1,"column":56}},"1":{"start":{"line":2,"column":0},"end":{"line":2,"column":65}},"2":{"start":{"line":3,"column":0},"end":{"line":3,"column":38}},"3":{"start":{"line":4,"column":0},"end":{"line":4,"column":0}},"4":{"start":{"line":5,"column":0},"end":{"line":5,"column":15}},"5":{"start":{"line":6,"column":0},"end":{"line":6,"column":24}},"6":{"start":{"line":7,"column":0},"end":{"line":7,"column":27}},"7":{"start":{"line":8,"column":0},"end":{"line":8,"column":24}},"8":{"start":{"line":9,"column":0},"end":{"line":9,"column":2}},"9":{"start":{"line":10,"column":0},"end":{"line":10,"column":0}},"10":{"start":{"line":11,"column":0},"end":{"line":11,"column":30}},"11":{"start":{"line":12,"column":0},"end":{"line":12,"column":18}},"12":{"start":{"line":13,"column":0},"end":{"line":13,"column":18}},"13":{"start":{"line":14,"column":0},"end":{"line":14,"column":21}},"14":{"start":{"line":15,"column":0},"end":{"line":15,"column":2}},"15":{"start":{"line":16,"column":0},"end":{"line":16,"column":0}},"16":{"start":{"line":17,"column":0},"end":{"line":17,"column":49}},"17":{"start":{"line":18,"column":0},"end":{"line":18,"column":17}},"18":{"start":{"line":19,"column":0},"end":{"line":19,"column":68}},"19":{"start":{"line":20,"column":0},"end":{"line":20,"column":2}},"20":{"start":{"line":21,"column":0},"end":{"line":21,"column":0}},"21":{"start":{"line":22,"column":0},"end":{"line":22,"column":45}},"22":{"start":{"line":23,"column":0},"end":{"line":23,"column":22}},"23":{"start":{"line":24,"column":0},"end":{"line":24,"column":15}},"24":{"start":{"line":25,"column":0},"end":{"line":25,"column":13}},"25":{"start":{"line":26,"column":0},"end":{"line":26,"column":32}},"26":{"start":{"line":27,"column":0},"end":{"line":27,"column":29}},"27":{"start":{"line":28,"column":0},"end":{"line":28,"column":6}},"28":{"start":{"line":29,"column":0},"end":{"line":29,"column":34}},"29":{"start":{"line":30,"column":0},"end":{"line":30,"column":29}},"30":{"start":{"line":31,"column":0},"end":{"line":31,"column":5}},"31":{"start":{"line":32,"column":0},"end":{"line":32,"column":4}},"32":{"start":{"line":33,"column":0},"end":{"line":33,"column":14}},"33":{"start":{"line":34,"column":0},"end":{"line":34,"column":48}},"34":{"start":{"line":35,"column":0},"end":{"line":35,"column":52}},"35":{"start":{"line":36,"column":0},"end":{"line":36,"column":53}},"36":{"start":{"line":37,"column":0},"end":{"line":37,"column":4}},"37":{"start":{"line":38,"column":0},"end":{"line":38,"column":31}},"38":{"start":{"line":39,"column":0},"end":{"line":39,"column":11}},"39":{"start":{"line":40,"column":0},"end":{"line":40,"column":53}},"40":{"start":{"line":41,"column":0},"end":{"line":41,"column":34}},"41":{"start":{"line":42,"column":0},"end":{"line":42,"column":8}},"42":{"start":{"line":43,"column":0},"end":{"line":43,"column":63}},"43":{"start":{"line":44,"column":0},"end":{"line":44,"column":61}},"44":{"start":{"line":45,"column":0},"end":{"line":45,"column":47}},"45":{"start":{"line":46,"column":0},"end":{"line":46,"column":35}},"46":{"start":{"line":47,"column":0},"end":{"line":47,"column":9}},"47":{"start":{"line":48,"column":0},"end":{"line":48,"column":3}},"48":{"start":{"line":49,"column":0},"end":{"line":49,"column":3}},"49":{"start":{"line":50,"column":0},"end":{"line":50,"column":0}},"50":{"start":{"line":51,"column":0},"end":{"line":51,"column":59}},"51":{"start":{"line":52,"column":0},"end":{"line":52,"column":73}},"52":{"start":{"line":53,"column":0},"end":{"line":53,"column":29}},"53":{"start":{"line":54,"column":0},"end":{"line":54,"column":77}}},"s":{"0":1,"1":0,"2":1,"3":1,"4":1,"5":1,"6":1,"7":1,"8":1,"9":1,"10":1,"11":1,"12":1,"13":1,"14":1,"15":1,"16":1,"17":1,"18":1,"19":1,"20":1,"21":1,"22":1,"23":1,"24":1,"25":1,"26":0,"27":1,"28":1,"29":0,"30":0,"31":1,"32":1,"33":1,"34":1,"35":1,"36":1,"37":1,"38":1,"39":1,"40":0,"41":1,"42":1,"43":0,"44":0,"45":0,"46":1,"47":1,"48":1,"49":1,"50":1,"51":1,"52":1,"53":1},"branchMap":{"0":{"type":"branch","line":2,"loc":{"start":{"line":2,"column":0},"end":{"line":2,"column":65}},"locations":[{"start":{"line":2,"column":0},"end":{"line":2,"column":65}}]},"1":{"type":"branch","line":2,"loc":{"start":{"line":2,"column":0},"end":{"line":2,"column":65}},"locations":[{"start":{"line":2,"column":0},"end":{"line":2,"column":65}}]},"2":{"type":"branch","line":2,"loc":{"start":{"line":2,"column":0},"end":{"line":2,"column":65}},"locations":[{"start":{"line":2,"column":0},"end":{"line":2,"column":65}}]},"3":{"type":"branch","line":2,"loc":{"start":{"line":2,"column":0},"end":{"line":2,"column":65}},"locations":[{"start":{"line":2,"column":0},"end":{"line":2,"column":65}}]},"4":{"type":"branch","line":2,"loc":{"start":{"line":2,"column":0},"end":{"line":2,"column":65}},"locations":[{"start":{"line":2,"column":0},"end":{"line":2,"column":65}}]},"5":{"type":"branch","line":2,"loc":{"start":{"line":2,"column":0},"end":{"line":2,"column":65}},"locations":[{"start":{"line":2,"column":0},"end":{"line":2,"column":65}}]},"6":{"type":"branch","line":2,"loc":{"start":{"line":2,"column":0},"end":{"line":2,"column":65}},"locations":[{"start":{"line":2,"column":0},"end":{"line":2,"column":65}}]},"7":{"type":"branch","line":2,"loc":{"start":{"line":2,"column":0},"end":{"line":2,"column":65}},"locations":[{"start":{"line":2,"column":0},"end":{"line":2,"column":65}}]},"8":{"type":"branch","line":2,"loc":{"start":{"line":2,"column":0},"end":{"line":2,"column":65}},"locations":[{"start":{"line":2,"column":0},"end":{"line":2,"column":65}}]},"9":{"type":"branch","line":2,"loc":{"start":{"line":2,"column":0},"end":{"line":2,"column":65}},"locations":[{"start":{"line":2,"column":0},"end":{"line":2,"column":65}}]},"10":{"type":"branch","line":2,"loc":{"start":{"line":2,"column":0},"end":{"line":2,"column":65}},"locations":[{"start":{"line":2,"column":0},"end":{"line":2,"column":65}}]},"11":{"type":"branch","line":2,"loc":{"start":{"line":2,"column":0},"end":{"line":2,"column":65}},"locations":[{"start":{"line":2,"column":0},"end":{"line":2,"column":65}}]},"12":{"type":"branch","line":2,"loc":{"start":{"line":2,"column":0},"end":{"line":2,"column":65}},"locations":[{"start":{"line":2,"column":0},"end":{"line":2,"column":65}}]},"13":{"type":"branch","line":2,"loc":{"start":{"line":2,"column":0},"end":{"line":2,"column":65}},"locations":[{"start":{"line":2,"column":0},"end":{"line":2,"column":65}}]},"14":{"type":"branch","line":2,"loc":{"start":{"line":2,"column":0},"end":{"line":2,"column":65}},"locations":[{"start":{"line":2,"column":0},"end":{"line":2,"column":65}}]},"15":{"type":"branch","line":2,"loc":{"start":{"line":2,"column":0},"end":{"line":2,"column":65}},"locations":[{"start":{"line":2,"column":0},"end":{"line":2,"column":65}}]},"16":{"type":"branch","line":18,"loc":{"start":{"line":18,"column":16},"end":{"line":19,"column":68}},"locations":[{"start":{"line":18,"column":16},"end":{"line":19,"column":68}}]},"17":{"type":"branch","line":38,"loc":{"start":{"line":38,"column":17},"end":{"line":48,"column":3}},"locations":[{"start":{"line":38,"column":17},"end":{"line":48,"column":3}}]}},"b":{"0":[0],"1":[0],"2":[0],"3":[0],"4":[0],"5":[0],"6":[13],"7":[2],"8":[6],"9":[1],"10":[0],"11":[0],"12":[0],"13":[1],"14":[0],"15":[1],"16":[1],"17":[1]},"fnMap":{"0":{"name":"_regeneratorRuntime","decl":{"start":{"line":2,"column":0},"end":{"line":2,"column":65}},"loc":{"start":{"line":2,"column":0},"end":{"line":2,"column":65}},"line":2},"1":{"name":"o","decl":{"start":{"line":2,"column":0},"end":{"line":2,"column":65}},"loc":{"start":{"line":2,"column":0},"end":{"line":2,"column":65}},"line":2},"2":{"name":"define","decl":{"start":{"line":2,"column":0},"end":{"line":2,"column":65}},"loc":{"start":{"line":2,"column":0},"end":{"line":2,"column":65}},"line":2},"3":{"name":"define","decl":{"start":{"line":2,"column":0},"end":{"line":2,"column":65}},"loc":{"start":{"line":2,"column":0},"end":{"line":2,"column":65}},"line":2},"4":{"name":"wrap","decl":{"start":{"line":2,"column":0},"end":{"line":2,"column":65}},"loc":{"start":{"line":2,"column":0},"end":{"line":2,"column":65}},"line":2},"5":{"name":"tryCatch","decl":{"start":{"line":2,"column":0},"end":{"line":2,"column":65}},"loc":{"start":{"line":2,"column":0},"end":{"line":2,"column":65}},"line":2},"6":{"name":"Generator","decl":{"start":{"line":2,"column":0},"end":{"line":2,"column":65}},"loc":{"start":{"line":2,"column":0},"end":{"line":2,"column":65}},"line":2},"7":{"name":"GeneratorFunction","decl":{"start":{"line":2,"column":0},"end":{"line":2,"column":65}},"loc":{"start":{"line":2,"column":0},"end":{"line":2,"column":65}},"line":2},"8":{"name":"GeneratorFunctionPrototype","decl":{"start":{"line":2,"column":0},"end":{"line":2,"column":65}},"loc":{"start":{"line":2,"column":0},"end":{"line":2,"column":65}},"line":2},"9":{"name":"defineIteratorMethods","decl":{"start":{"line":2,"column":0},"end":{"line":2,"column":65}},"loc":{"start":{"line":2,"column":0},"end":{"line":2,"column":65}},"line":2},"10":{"name":"AsyncIterator","decl":{"start":{"line":2,"column":0},"end":{"line":2,"column":65}},"loc":{"start":{"line":2,"column":0},"end":{"line":2,"column":65}},"line":2},"11":{"name":"makeInvokeMethod","decl":{"start":{"line":2,"column":0},"end":{"line":2,"column":65}},"loc":{"start":{"line":2,"column":0},"end":{"line":2,"column":65}},"line":2},"12":{"name":"maybeInvokeDelegate","decl":{"start":{"line":2,"column":0},"end":{"line":2,"column":65}},"loc":{"start":{"line":2,"column":0},"end":{"line":2,"column":65}},"line":2},"13":{"name":"pushTryEntry","decl":{"start":{"line":2,"column":0},"end":{"line":2,"column":65}},"loc":{"start":{"line":2,"column":0},"end":{"line":2,"column":65}},"line":2},"14":{"name":"resetTryEntry","decl":{"start":{"line":2,"column":0},"end":{"line":2,"column":65}},"loc":{"start":{"line":2,"column":0},"end":{"line":2,"column":65}},"line":2},"15":{"name":"Context","decl":{"start":{"line":2,"column":0},"end":{"line":2,"column":65}},"loc":{"start":{"line":2,"column":0},"end":{"line":2,"column":65}},"line":2},"16":{"name":"values","decl":{"start":{"line":2,"column":0},"end":{"line":2,"column":65}},"loc":{"start":{"line":2,"column":0},"end":{"line":2,"column":65}},"line":2},"17":{"name":"next","decl":{"start":{"line":2,"column":0},"end":{"line":2,"column":65}},"loc":{"start":{"line":2,"column":0},"end":{"line":2,"column":65}},"line":2},"18":{"name":"e.isGeneratorFunction","decl":{"start":{"line":2,"column":0},"end":{"line":2,"column":65}},"loc":{"start":{"line":2,"column":0},"end":{"line":2,"column":65}},"line":2},"19":{"name":"e.mark","decl":{"start":{"line":2,"column":0},"end":{"line":2,"column":65}},"loc":{"start":{"line":2,"column":0},"end":{"line":2,"column":65}},"line":2},"20":{"name":"e.awrap","decl":{"start":{"line":2,"column":0},"end":{"line":2,"column":65}},"loc":{"start":{"line":2,"column":0},"end":{"line":2,"column":65}},"line":2},"21":{"name":"e.async","decl":{"start":{"line":2,"column":0},"end":{"line":2,"column":65}},"loc":{"start":{"line":2,"column":0},"end":{"line":2,"column":65}},"line":2},"22":{"name":"e.keys","decl":{"start":{"line":2,"column":0},"end":{"line":2,"column":65}},"loc":{"start":{"line":2,"column":0},"end":{"line":2,"column":65}},"line":2},"23":{"name":"reset","decl":{"start":{"line":2,"column":0},"end":{"line":2,"column":65}},"loc":{"start":{"line":2,"column":0},"end":{"line":2,"column":65}},"line":2},"24":{"name":"stop","decl":{"start":{"line":2,"column":0},"end":{"line":2,"column":65}},"loc":{"start":{"line":2,"column":0},"end":{"line":2,"column":65}},"line":2},"25":{"name":"dispatchException","decl":{"start":{"line":2,"column":0},"end":{"line":2,"column":65}},"loc":{"start":{"line":2,"column":0},"end":{"line":2,"column":65}},"line":2},"26":{"name":"abrupt","decl":{"start":{"line":2,"column":0},"end":{"line":2,"column":65}},"loc":{"start":{"line":2,"column":0},"end":{"line":2,"column":65}},"line":2},"27":{"name":"complete","decl":{"start":{"line":2,"column":0},"end":{"line":2,"column":65}},"loc":{"start":{"line":2,"column":0},"end":{"line":2,"column":65}},"line":2},"28":{"name":"finish","decl":{"start":{"line":2,"column":0},"end":{"line":2,"column":65}},"loc":{"start":{"line":2,"column":0},"end":{"line":2,"column":65}},"line":2},"29":{"name":"_catch","decl":{"start":{"line":2,"column":0},"end":{"line":2,"column":65}},"loc":{"start":{"line":2,"column":0},"end":{"line":2,"column":65}},"line":2},"30":{"name":"delegateYield","decl":{"start":{"line":2,"column":0},"end":{"line":2,"column":65}},"loc":{"start":{"line":2,"column":0},"end":{"line":2,"column":65}},"line":2},"31":{"name":"asyncGeneratorStep","decl":{"start":{"line":2,"column":0},"end":{"line":2,"column":65}},"loc":{"start":{"line":2,"column":0},"end":{"line":2,"column":65}},"line":2},"32":{"name":"_asyncToGenerator","decl":{"start":{"line":2,"column":0},"end":{"line":2,"column":65}},"loc":{"start":{"line":2,"column":0},"end":{"line":2,"column":65}},"line":2},"33":{"name":"_callee","decl":{"start":{"line":19,"column":2},"end":{"line":19,"column":68}},"loc":{"start":{"line":19,"column":2},"end":{"line":19,"column":68}},"line":19},"34":{"name":"cleanOrderData","decl":{"start":{"line":26,"column":20},"end":{"line":28,"column":5}},"loc":{"start":{"line":26,"column":20},"end":{"line":28,"column":5}},"line":26},"35":{"name":"cleanConstructor","decl":{"start":{"line":29,"column":22},"end":{"line":31,"column":5}},"loc":{"start":{"line":29,"column":22},"end":{"line":31,"column":5}},"line":29},"36":{"name":"selectOrderData","decl":{"start":{"line":34,"column":21},"end":{"line":34,"column":48}},"loc":{"start":{"line":34,"column":21},"end":{"line":34,"column":48}},"line":34},"37":{"name":"selectIngredients","decl":{"start":{"line":35,"column":23},"end":{"line":35,"column":52}},"loc":{"start":{"line":35,"column":23},"end":{"line":35,"column":52}},"line":35},"38":{"name":"selectOrderRequest","decl":{"start":{"line":36,"column":24},"end":{"line":36,"column":53}},"loc":{"start":{"line":36,"column":24},"end":{"line":36,"column":53}},"line":36},"39":{"name":"extraReducers","decl":{"start":{"line":38,"column":17},"end":{"line":48,"column":3}},"loc":{"start":{"line":38,"column":17},"end":{"line":48,"column":3}},"line":38}},"f":{"0":0,"1":0,"2":13,"3":0,"4":0,"5":0,"6":0,"7":0,"8":0,"9":2,"10":0,"11":0,"12":0,"13":0,"14":0,"15":0,"16":1,"17":0,"18":0,"19":1,"20":0,"21":0,"22":0,"23":0,"24":0,"25":0,"26":0,"27":0,"28":0,"29":0,"30":0,"31":0,"32":1,"33":0,"34":0,"35":0,"36":0,"37":0,"38":0,"39":1}}
,"D:\\Project\\Yandex\\stellar-burgers\\src\\services\\slices\\orderSlice.ts": {"path":"D:\\Project\\Yandex\\stellar-burgers\\src\\services\\slices\\orderSlice.ts","all":false,"statementMap":{"0":{"start":{"line":1,"column":0},"end":{"line":1,"column":61}},"1":{"start":{"line":2,"column":0},"end":{"line":2,"column":65}},"2":{"start":{"line":3,"column":0},"end":{"line":3,"column":38}},"3":{"start":{"line":4,"column":0},"end":{"line":4,"column":0}},"4":{"start":{"line":5,"column":0},"end":{"line":5,"column":22}},"5":{"start":{"line":6,"column":0},"end":{"line":6,"column":21}},"6":{"start":{"line":7,"column":0},"end":{"line":7,"column":27}},"7":{"start":{"line":8,"column":0},"end":{"line":8,"column":2}},"8":{"start":{"line":9,"column":0},"end":{"line":9,"column":0}},"9":{"start":{"line":10,"column":0},"end":{"line":10,"column":37}},"10":{"start":{"line":11,"column":0},"end":{"line":11,"column":19}},"11":{"start":{"line":12,"column":0},"end":{"line":12,"column":17}},"12":{"start":{"line":13,"column":0},"end":{"line":13,"column":2}},"13":{"start":{"line":14,"column":0},"end":{"line":14,"column":0}},"14":{"start":{"line":15,"column":0},"end":{"line":15,"column":49}},"15":{"start":{"line":16,"column":0},"end":{"line":16,"column":22}},"16":{"start":{"line":17,"column":0},"end":{"line":17,"column":65}},"17":{"start":{"line":18,"column":0},"end":{"line":18,"column":2}},"18":{"start":{"line":19,"column":0},"end":{"line":19,"column":0}},"19":{"start":{"line":20,"column":0},"end":{"line":20,"column":39}},"20":{"start":{"line":21,"column":0},"end":{"line":21,"column":16}},"21":{"start":{"line":22,"column":0},"end":{"line":22,"column":15}},"22":{"start":{"line":23,"column":0},"end":{"line":23,"column":15}},"23":{"start":{"line":24,"column":0},"end":{"line":24,"column":14}},"24":{"start":{"line":25,"column":0},"end":{"line":25,"column":44}},"25":{"start":{"line":26,"column":0},"end":{"line":26,"column":47}},"26":{"start":{"line":27,"column":0},"end":{"line":27,"column":4}},"27":{"start":{"line":28,"column":0},"end":{"line":28,"column":31}},"28":{"start":{"line":29,"column":0},"end":{"line":29,"column":11}},"29":{"start":{"line":30,"column":0},"end":{"line":30,"column":53}},"30":{"start":{"line":31,"column":0},"end":{"line":31,"column":31}},"31":{"start":{"line":32,"column":0},"end":{"line":32,"column":8}},"32":{"start":{"line":33,"column":0},"end":{"line":33,"column":63}},"33":{"start":{"line":34,"column":0},"end":{"line":34,"column":32}},"34":{"start":{"line":35,"column":0},"end":{"line":35,"column":51}},"35":{"start":{"line":36,"column":0},"end":{"line":36,"column":9}},"36":{"start":{"line":37,"column":0},"end":{"line":37,"column":3}},"37":{"start":{"line":38,"column":0},"end":{"line":38,"column":3}},"38":{"start":{"line":39,"column":0},"end":{"line":39,"column":0}},"39":{"start":{"line":40,"column":0},"end":{"line":40,"column":69}},"40":{"start":{"line":41,"column":0},"end":{"line":41,"column":47}}},"s":{"0":1,"1":0,"2":1,"3":1,"4":1,"5":1,"6":1,"7":1,"8":1,"9":1,"10":1,"11":1,"12":1,"13":1,"14":1,"15":1,"16":1,"17":1,"18":1,"19":1,"20":1,"21":1,"22":1,"23":1,"24":1,"25":1,"26":1,"27":1,"28":1,"29":1,"30":0,"31":1,"32":1,"33":0,"34":0,"35":1,"36":1,"37":1,"38":1,"39":1,"40":1},"branchMap":{"0":{"type":"branch","line":2,"loc":{"start":{"line":2,"column":0},"end":{"line":2,"column":65}},"locations":[{"start":{"line":2,"column":0},"end":{"line":2,"column":65}}]},"1":{"type":"branch","line":2,"loc":{"start":{"line":2,"column":0},"end":{"line":2,"column":65}},"locations":[{"start":{"line":2,"column":0},"end":{"line":2,"column":65}}]},"2":{"type":"branch","line":2,"loc":{"start":{"line":2,"column":0},"end":{"line":2,"column":65}},"locations":[{"start":{"line":2,"column":0},"end":{"line":2,"column":65}}]},"3":{"type":"branch","line":2,"loc":{"start":{"line":2,"column":0},"end":{"line":2,"column":65}},"locations":[{"start":{"line":2,"column":0},"end":{"line":2,"column":65}}]},"4":{"type":"branch","line":2,"loc":{"start":{"line":2,"column":0},"end":{"line":2,"column":65}},"locations":[{"start":{"line":2,"column":0},"end":{"line":2,"column":65}}]},"5":{"type":"branch","line":2,"loc":{"start":{"line":2,"column":0},"end":{"line":2,"column":65}},"locations":[{"start":{"line":2,"column":0},"end":{"line":2,"column":65}}]},"6":{"type":"branch","line":2,"loc":{"start":{"line":2,"column":0},"end":{"line":2,"column":65}},"locations":[{"start":{"line":2,"column":0},"end":{"line":2,"column":65}}]},"7":{"type":"branch","line":2,"loc":{"start":{"line":2,"column":0},"end":{"line":2,"column":65}},"locations":[{"start":{"line":2,"column":0},"end":{"line":2,"column":65}}]},"8":{"type":"branch","line":2,"loc":{"start":{"line":2,"column":0},"end":{"line":2,"column":65}},"locations":[{"start":{"line":2,"column":0},"end":{"line":2,"column":65}}]},"9":{"type":"branch","line":2,"loc":{"start":{"line":2,"column":0},"end":{"line":2,"column":65}},"locations":[{"start":{"line":2,"column":0},"end":{"line":2,"column":65}}]},"10":{"type":"branch","line":2,"loc":{"start":{"line":2,"column":0},"end":{"line":2,"column":65}},"locations":[{"start":{"line":2,"column":0},"end":{"line":2,"column":65}}]},"11":{"type":"branch","line":2,"loc":{"start":{"line":2,"column":0},"end":{"line":2,"column":65}},"locations":[{"start":{"line":2,"column":0},"end":{"line":2,"column":65}}]},"12":{"type":"branch","line":2,"loc":{"start":{"line":2,"column":0},"end":{"line":2,"column":65}},"locations":[{"start":{"line":2,"column":0},"end":{"line":2,"column":65}}]},"13":{"type":"branch","line":2,"loc":{"start":{"line":2,"column":0},"end":{"line":2,"column":65}},"locations":[{"start":{"line":2,"column":0},"end":{"line":2,"column":65}}]},"14":{"type":"branch","line":2,"loc":{"start":{"line":2,"column":0},"end":{"line":2,"column":65}},"locations":[{"start":{"line":2,"column":0},"end":{"line":2,"column":65}}]},"15":{"type":"branch","line":2,"loc":{"start":{"line":2,"column":0},"end":{"line":2,"column":65}},"locations":[{"start":{"line":2,"column":0},"end":{"line":2,"column":65}}]},"16":{"type":"branch","line":16,"loc":{"start":{"line":16,"column":21},"end":{"line":17,"column":65}},"locations":[{"start":{"line":16,"column":21},"end":{"line":17,"column":65}}]},"17":{"type":"branch","line":28,"loc":{"start":{"line":28,"column":17},"end":{"line":37,"column":3}},"locations":[{"start":{"line":28,"column":17},"end":{"line":37,"column":3}}]}},"b":{"0":[0],"1":[0],"2":[0],"3":[0],"4":[0],"5":[0],"6":[13],"7":[2],"8":[6],"9":[1],"10":[0],"11":[0],"12":[0],"13":[1],"14":[0],"15":[1],"16":[1],"17":[1]},"fnMap":{"0":{"name":"_regeneratorRuntime","decl":{"start":{"line":2,"column":0},"end":{"line":2,"column":65}},"loc":{"start":{"line":2,"column":0},"end":{"line":2,"column":65}},"line":2},"1":{"name":"o","decl":{"start":{"line":2,"column":0},"end":{"line":2,"column":65}},"loc":{"start":{"line":2,"column":0},"end":{"line":2,"column":65}},"line":2},"2":{"name":"define","decl":{"start":{"line":2,"column":0},"end":{"line":2,"column":65}},"loc":{"start":{"line":2,"column":0},"end":{"line":2,"column":65}},"line":2},"3":{"name":"define","decl":{"start":{"line":2,"column":0},"end":{"line":2,"column":65}},"loc":{"start":{"line":2,"column":0},"end":{"line":2,"column":65}},"line":2},"4":{"name":"wrap","decl":{"start":{"line":2,"column":0},"end":{"line":2,"column":65}},"loc":{"start":{"line":2,"column":0},"end":{"line":2,"column":65}},"line":2},"5":{"name":"tryCatch","decl":{"start":{"line":2,"column":0},"end":{"line":2,"column":65}},"loc":{"start":{"line":2,"column":0},"end":{"line":2,"column":65}},"line":2},"6":{"name":"Generator","decl":{"start":{"line":2,"column":0},"end":{"line":2,"column":65}},"loc":{"start":{"line":2,"column":0},"end":{"line":2,"column":65}},"line":2},"7":{"name":"GeneratorFunction","decl":{"start":{"line":2,"column":0},"end":{"line":2,"column":65}},"loc":{"start":{"line":2,"column":0},"end":{"line":2,"column":65}},"line":2},"8":{"name":"GeneratorFunctionPrototype","decl":{"start":{"line":2,"column":0},"end":{"line":2,"column":65}},"loc":{"start":{"line":2,"column":0},"end":{"line":2,"column":65}},"line":2},"9":{"name":"defineIteratorMethods","decl":{"start":{"line":2,"column":0},"end":{"line":2,"column":65}},"loc":{"start":{"line":2,"column":0},"end":{"line":2,"column":65}},"line":2},"10":{"name":"AsyncIterator","decl":{"start":{"line":2,"column":0},"end":{"line":2,"column":65}},"loc":{"start":{"line":2,"column":0},"end":{"line":2,"column":65}},"line":2},"11":{"name":"makeInvokeMethod","decl":{"start":{"line":2,"column":0},"end":{"line":2,"column":65}},"loc":{"start":{"line":2,"column":0},"end":{"line":2,"column":65}},"line":2},"12":{"name":"maybeInvokeDelegate","decl":{"start":{"line":2,"column":0},"end":{"line":2,"column":65}},"loc":{"start":{"line":2,"column":0},"end":{"line":2,"column":65}},"line":2},"13":{"name":"pushTryEntry","decl":{"start":{"line":2,"column":0},"end":{"line":2,"column":65}},"loc":{"start":{"line":2,"column":0},"end":{"line":2,"column":65}},"line":2},"14":{"name":"resetTryEntry","decl":{"start":{"line":2,"column":0},"end":{"line":2,"column":65}},"loc":{"start":{"line":2,"column":0},"end":{"line":2,"column":65}},"line":2},"15":{"name":"Context","decl":{"start":{"line":2,"column":0},"end":{"line":2,"column":65}},"loc":{"start":{"line":2,"column":0},"end":{"line":2,"column":65}},"line":2},"16":{"name":"values","decl":{"start":{"line":2,"column":0},"end":{"line":2,"column":65}},"loc":{"start":{"line":2,"column":0},"end":{"line":2,"column":65}},"line":2},"17":{"name":"next","decl":{"start":{"line":2,"column":0},"end":{"line":2,"column":65}},"loc":{"start":{"line":2,"column":0},"end":{"line":2,"column":65}},"line":2},"18":{"name":"e.isGeneratorFunction","decl":{"start":{"line":2,"column":0},"end":{"line":2,"column":65}},"loc":{"start":{"line":2,"column":0},"end":{"line":2,"column":65}},"line":2},"19":{"name":"e.mark","decl":{"start":{"line":2,"column":0},"end":{"line":2,"column":65}},"loc":{"start":{"line":2,"column":0},"end":{"line":2,"column":65}},"line":2},"20":{"name":"e.awrap","decl":{"start":{"line":2,"column":0},"end":{"line":2,"column":65}},"loc":{"start":{"line":2,"column":0},"end":{"line":2,"column":65}},"line":2},"21":{"name":"e.async","decl":{"start":{"line":2,"column":0},"end":{"line":2,"column":65}},"loc":{"start":{"line":2,"column":0},"end":{"line":2,"column":65}},"line":2},"22":{"name":"e.keys","decl":{"start":{"line":2,"column":0},"end":{"line":2,"column":65}},"loc":{"start":{"line":2,"column":0},"end":{"line":2,"column":65}},"line":2},"23":{"name":"reset","decl":{"start":{"line":2,"column":0},"end":{"line":2,"column":65}},"loc":{"start":{"line":2,"column":0},"end":{"line":2,"column":65}},"line":2},"24":{"name":"stop","decl":{"start":{"line":2,"column":0},"end":{"line":2,"column":65}},"loc":{"start":{"line":2,"column":0},"end":{"line":2,"column":65}},"line":2},"25":{"name":"dispatchException","decl":{"start":{"line":2,"column":0},"end":{"line":2,"column":65}},"loc":{"start":{"line":2,"column":0},"end":{"line":2,"column":65}},"line":2},"26":{"name":"abrupt","decl":{"start":{"line":2,"column":0},"end":{"line":2,"column":65}},"loc":{"start":{"line":2,"column":0},"end":{"line":2,"column":65}},"line":2},"27":{"name":"complete","decl":{"start":{"line":2,"column":0},"end":{"line":2,"column":65}},"loc":{"start":{"line":2,"column":0},"end":{"line":2,"column":65}},"line":2},"28":{"name":"finish","decl":{"start":{"line":2,"column":0},"end":{"line":2,"column":65}},"loc":{"start":{"line":2,"column":0},"end":{"line":2,"column":65}},"line":2},"29":{"name":"_catch","decl":{"start":{"line":2,"column":0},"end":{"line":2,"column":65}},"loc":{"start":{"line":2,"column":0},"end":{"line":2,"column":65}},"line":2},"30":{"name":"delegateYield","decl":{"start":{"line":2,"column":0},"end":{"line":2,"column":65}},"loc":{"start":{"line":2,"column":0},"end":{"line":2,"column":65}},"line":2},"31":{"name":"asyncGeneratorStep","decl":{"start":{"line":2,"column":0},"end":{"line":2,"column":65}},"loc":{"start":{"line":2,"column":0},"end":{"line":2,"column":65}},"line":2},"32":{"name":"_asyncToGenerator","decl":{"start":{"line":2,"column":0},"end":{"line":2,"column":65}},"loc":{"start":{"line":2,"column":0},"end":{"line":2,"column":65}},"line":2},"33":{"name":"_callee","decl":{"start":{"line":17,"column":2},"end":{"line":17,"column":65}},"loc":{"start":{"line":17,"column":2},"end":{"line":17,"column":65}},"line":17},"34":{"name":"selectOrder","decl":{"start":{"line":25,"column":17},"end":{"line":25,"column":44}},"loc":{"start":{"line":25,"column":17},"end":{"line":25,"column":44}},"line":25},"35":{"name":"selectIsLoading","decl":{"start":{"line":26,"column":21},"end":{"line":26,"column":47}},"loc":{"start":{"line":26,"column":21},"end":{"line":26,"column":47}},"line":26},"36":{"name":"extraReducers","decl":{"start":{"line":28,"column":17},"end":{"line":37,"column":3}},"loc":{"start":{"line":28,"column":17},"end":{"line":37,"column":3}},"line":28}},"f":{"0":0,"1":0,"2":13,"3":0,"4":0,"5":0,"6":0,"7":0,"8":0,"9":2,"10":0,"11":0,"12":0,"13":0,"14":0,"15":0,"16":1,"17":0,"18":0,"19":1,"20":0,"21":0,"22":0,"23":0,"24":0,"25":0,"26":0,"27":0,"28":0,"29":0,"30":0,"31":0,"32":1,"33":0,"34":0,"35":0,"36":1}}
,"D:\\Project\\Yandex\\stellar-burgers\\src\\services\\slices\\userOrdersSlice.ts": {"path":"D:\\Project\\Yandex\\stellar-burgers\\src\\services\\slices\\userOrdersSlice.ts","all":false,"statementMap":{"0":{"start":{"line":1,"column":0},"end":{"line":1,"column":54}},"1":{"start":{"line":2,"column":0},"end":{"line":2,"column":65}},"2":{"start":{"line":3,"column":0},"end":{"line":3,"column":38}},"3":{"start":{"line":4,"column":0},"end":{"line":4,"column":0}},"4":{"start":{"line":5,"column":0},"end":{"line":5,"column":22}},"5":{"start":{"line":6,"column":0},"end":{"line":6,"column":19}},"6":{"start":{"line":7,"column":0},"end":{"line":7,"column":2}},"7":{"start":{"line":8,"column":0},"end":{"line":8,"column":0}},"8":{"start":{"line":9,"column":0},"end":{"line":9,"column":37}},"9":{"start":{"line":10,"column":0},"end":{"line":10,"column":12}},"10":{"start":{"line":11,"column":0},"end":{"line":11,"column":2}},"11":{"start":{"line":12,"column":0},"end":{"line":12,"column":0}},"12":{"start":{"line":13,"column":0},"end":{"line":13,"column":80}},"13":{"start":{"line":14,"column":0},"end":{"line":14,"column":16}},"14":{"start":{"line":15,"column":0},"end":{"line":15,"column":2}},"15":{"start":{"line":16,"column":0},"end":{"line":16,"column":0}},"16":{"start":{"line":17,"column":0},"end":{"line":17,"column":44}},"17":{"start":{"line":18,"column":0},"end":{"line":18,"column":21}},"18":{"start":{"line":19,"column":0},"end":{"line":19,"column":15}},"19":{"start":{"line":20,"column":0},"end":{"line":20,"column":15}},"20":{"start":{"line":21,"column":0},"end":{"line":21,"column":14}},"21":{"start":{"line":22,"column":0},"end":{"line":22,"column":45}},"22":{"start":{"line":23,"column":0},"end":{"line":23,"column":4}},"23":{"start":{"line":24,"column":0},"end":{"line":24,"column":31}},"24":{"start":{"line":25,"column":0},"end":{"line":25,"column":70}},"25":{"start":{"line":26,"column":0},"end":{"line":26,"column":36}},"26":{"start":{"line":27,"column":0},"end":{"line":27,"column":7}},"27":{"start":{"line":28,"column":0},"end":{"line":28,"column":3}},"28":{"start":{"line":29,"column":0},"end":{"line":29,"column":3}},"29":{"start":{"line":30,"column":0},"end":{"line":30,"column":0}},"30":{"start":{"line":31,"column":0},"end":{"line":31,"column":57}},"31":{"start":{"line":32,"column":0},"end":{"line":32,"column":62}}},"s":{"0":1,"1":0,"2":1,"3":1,"4":1,"5":1,"6":1,"7":1,"8":1,"9":1,"10":1,"11":1,"12":1,"13":0,"14":1,"15":1,"16":1,"17":1,"18":1,"19":1,"20":1,"21":1,"22":1,"23":1,"24":1,"25":0,"26":1,"27":1,"28":1,"29":1,"30":1,"31":1},"branchMap":{"0":{"type":"branch","line":2,"loc":{"start":{"line":2,"column":0},"end":{"line":2,"column":65}},"locations":[{"start":{"line":2,"column":0},"end":{"line":2,"column":65}}]},"1":{"type":"branch","line":2,"loc":{"start":{"line":2,"column":0},"end":{"line":2,"column":65}},"locations":[{"start":{"line":2,"column":0},"end":{"line":2,"column":65}}]},"2":{"type":"branch","line":2,"loc":{"start":{"line":2,"column":0},"end":{"line":2,"column":65}},"locations":[{"start":{"line":2,"column":0},"end":{"line":2,"column":65}}]},"3":{"type":"branch","line":2,"loc":{"start":{"line":2,"column":0},"end":{"line":2,"column":65}},"locations":[{"start":{"line":2,"column":0},"end":{"line":2,"column":65}}]},"4":{"type":"branch","line":2,"loc":{"start":{"line":2,"column":0},"end":{"line":2,"column":65}},"locations":[{"start":{"line":2,"column":0},"end":{"line":2,"column":65}}]},"5":{"type":"branch","line":2,"loc":{"start":{"line":2,"column":0},"end":{"line":2,"column":65}},"locations":[{"start":{"line":2,"column":0},"end":{"line":2,"column":65}}]},"6":{"type":"branch","line":2,"loc":{"start":{"line":2,"column":0},"end":{"line":2,"column":65}},"locations":[{"start":{"line":2,"column":0},"end":{"line":2,"column":65}}]},"7":{"type":"branch","line":2,"loc":{"start":{"line":2,"column":0},"end":{"line":2,"column":65}},"locations":[{"start":{"line":2,"column":0},"end":{"line":2,"column":65}}]},"8":{"type":"branch","line":2,"loc":{"start":{"line":2,"column":0},"end":{"line":2,"column":65}},"locations":[{"start":{"line":2,"column":0},"end":{"line":2,"column":65}}]},"9":{"type":"branch","line":2,"loc":{"start":{"line":2,"column":0},"end":{"line":2,"column":65}},"locations":[{"start":{"line":2,"column":0},"end":{"line":2,"column":65}}]},"10":{"type":"branch","line":2,"loc":{"start":{"line":2,"column":0},"end":{"line":2,"column":65}},"locations":[{"start":{"line":2,"column":0},"end":{"line":2,"column":65}}]},"11":{"type":"branch","line":2,"loc":{"start":{"line":2,"column":0},"end":{"line":2,"column":65}},"locations":[{"start":{"line":2,"column":0},"end":{"line":2,"column":65}}]},"12":{"type":"branch","line":2,"loc":{"start":{"line":2,"column":0},"end":{"line":2,"column":65}},"locations":[{"start":{"line":2,"column":0},"end":{"line":2,"column":65}}]},"13":{"type":"branch","line":2,"loc":{"start":{"line":2,"column":0},"end":{"line":2,"column":65}},"locations":[{"start":{"line":2,"column":0},"end":{"line":2,"column":65}}]},"14":{"type":"branch","line":2,"loc":{"start":{"line":2,"column":0},"end":{"line":2,"column":65}},"locations":[{"start":{"line":2,"column":0},"end":{"line":2,"column":65}}]},"15":{"type":"branch","line":2,"loc":{"start":{"line":2,"column":0},"end":{"line":2,"column":65}},"locations":[{"start":{"line":2,"column":0},"end":{"line":2,"column":65}}]},"16":{"type":"branch","line":24,"loc":{"start":{"line":24,"column":17},"end":{"line":28,"column":3}},"locations":[{"start":{"line":24,"column":17},"end":{"line":28,"column":3}}]}},"b":{"0":[0],"1":[0],"2":[0],"3":[0],"4":[0],"5":[0],"6":[13],"7":[2],"8":[6],"9":[1],"10":[0],"11":[0],"12":[0],"13":[1],"14":[0],"15":[1],"16":[1]},"fnMap":{"0":{"name":"_regeneratorRuntime","decl":{"start":{"line":2,"column":0},"end":{"line":2,"column":65}},"loc":{"start":{"line":2,"column":0},"end":{"line":2,"column":65}},"line":2},"1":{"name":"o","decl":{"start":{"line":2,"column":0},"end":{"line":2,"column":65}},"loc":{"start":{"line":2,"column":0},"end":{"line":2,"column":65}},"line":2},"2":{"name":"define","decl":{"start":{"line":2,"column":0},"end":{"line":2,"column":65}},"loc":{"start":{"line":2,"column":0},"end":{"line":2,"column":65}},"line":2},"3":{"name":"define","decl":{"start":{"line":2,"column":0},"end":{"line":2,"column":65}},"loc":{"start":{"line":2,"column":0},"end":{"line":2,"column":65}},"line":2},"4":{"name":"wrap","decl":{"start":{"line":2,"column":0},"end":{"line":2,"column":65}},"loc":{"start":{"line":2,"column":0},"end":{"line":2,"column":65}},"line":2},"5":{"name":"tryCatch","decl":{"start":{"line":2,"column":0},"end":{"line":2,"column":65}},"loc":{"start":{"line":2,"column":0},"end":{"line":2,"column":65}},"line":2},"6":{"name":"Generator","decl":{"start":{"line":2,"column":0},"end":{"line":2,"column":65}},"loc":{"start":{"line":2,"column":0},"end":{"line":2,"column":65}},"line":2},"7":{"name":"GeneratorFunction","decl":{"start":{"line":2,"column":0},"end":{"line":2,"column":65}},"loc":{"start":{"line":2,"column":0},"end":{"line":2,"column":65}},"line":2},"8":{"name":"GeneratorFunctionPrototype","decl":{"start":{"line":2,"column":0},"end":{"line":2,"column":65}},"loc":{"start":{"line":2,"column":0},"end":{"line":2,"column":65}},"line":2},"9":{"name":"defineIteratorMethods","decl":{"start":{"line":2,"column":0},"end":{"line":2,"column":65}},"loc":{"start":{"line":2,"column":0},"end":{"line":2,"column":65}},"line":2},"10":{"name":"AsyncIterator","decl":{"start":{"line":2,"column":0},"end":{"line":2,"column":65}},"loc":{"start":{"line":2,"column":0},"end":{"line":2,"column":65}},"line":2},"11":{"name":"makeInvokeMethod","decl":{"start":{"line":2,"column":0},"end":{"line":2,"column":65}},"loc":{"start":{"line":2,"column":0},"end":{"line":2,"column":65}},"line":2},"12":{"name":"maybeInvokeDelegate","decl":{"start":{"line":2,"column":0},"end":{"line":2,"column":65}},"loc":{"start":{"line":2,"column":0},"end":{"line":2,"column":65}},"line":2},"13":{"name":"pushTryEntry","decl":{"start":{"line":2,"column":0},"end":{"line":2,"column":65}},"loc":{"start":{"line":2,"column":0},"end":{"line":2,"column":65}},"line":2},"14":{"name":"resetTryEntry","decl":{"start":{"line":2,"column":0},"end":{"line":2,"column":65}},"loc":{"start":{"line":2,"column":0},"end":{"line":2,"column":65}},"line":2},"15":{"name":"Context","decl":{"start":{"line":2,"column":0},"end":{"line":2,"column":65}},"loc":{"start":{"line":2,"column":0},"end":{"line":2,"column":65}},"line":2},"16":{"name":"values","decl":{"start":{"line":2,"column":0},"end":{"line":2,"column":65}},"loc":{"start":{"line":2,"column":0},"end":{"line":2,"column":65}},"line":2},"17":{"name":"next","decl":{"start":{"line":2,"column":0},"end":{"line":2,"column":65}},"loc":{"start":{"line":2,"column":0},"end":{"line":2,"column":65}},"line":2},"18":{"name":"e.isGeneratorFunction","decl":{"start":{"line":2,"column":0},"end":{"line":2,"column":65}},"loc":{"start":{"line":2,"column":0},"end":{"line":2,"column":65}},"line":2},"19":{"name":"e.mark","decl":{"start":{"line":2,"column":0},"end":{"line":2,"column":65}},"loc":{"start":{"line":2,"column":0},"end":{"line":2,"column":65}},"line":2},"20":{"name":"e.awrap","decl":{"start":{"line":2,"column":0},"end":{"line":2,"column":65}},"loc":{"start":{"line":2,"column":0},"end":{"line":2,"column":65}},"line":2},"21":{"name":"e.async","decl":{"start":{"line":2,"column":0},"end":{"line":2,"column":65}},"loc":{"start":{"line":2,"column":0},"end":{"line":2,"column":65}},"line":2},"22":{"name":"e.keys","decl":{"start":{"line":2,"column":0},"end":{"line":2,"column":65}},"loc":{"start":{"line":2,"column":0},"end":{"line":2,"column":65}},"line":2},"23":{"name":"reset","decl":{"start":{"line":2,"column":0},"end":{"line":2,"column":65}},"loc":{"start":{"line":2,"column":0},"end":{"line":2,"column":65}},"line":2},"24":{"name":"stop","decl":{"start":{"line":2,"column":0},"end":{"line":2,"column":65}},"loc":{"start":{"line":2,"column":0},"end":{"line":2,"column":65}},"line":2},"25":{"name":"dispatchException","decl":{"start":{"line":2,"column":0},"end":{"line":2,"column":65}},"loc":{"start":{"line":2,"column":0},"end":{"line":2,"column":65}},"line":2},"26":{"name":"abrupt","decl":{"start":{"line":2,"column":0},"end":{"line":2,"column":65}},"loc":{"start":{"line":2,"column":0},"end":{"line":2,"column":65}},"line":2},"27":{"name":"complete","decl":{"start":{"line":2,"column":0},"end":{"line":2,"column":65}},"loc":{"start":{"line":2,"column":0},"end":{"line":2,"column":65}},"line":2},"28":{"name":"finish","decl":{"start":{"line":2,"column":0},"end":{"line":2,"column":65}},"loc":{"start":{"line":2,"column":0},"end":{"line":2,"column":65}},"line":2},"29":{"name":"_catch","decl":{"start":{"line":2,"column":0},"end":{"line":2,"column":65}},"loc":{"start":{"line":2,"column":0},"end":{"line":2,"column":65}},"line":2},"30":{"name":"delegateYield","decl":{"start":{"line":2,"column":0},"end":{"line":2,"column":65}},"loc":{"start":{"line":2,"column":0},"end":{"line":2,"column":65}},"line":2},"31":{"name":"asyncGeneratorStep","decl":{"start":{"line":2,"column":0},"end":{"line":2,"column":65}},"loc":{"start":{"line":2,"column":0},"end":{"line":2,"column":65}},"line":2},"32":{"name":"_asyncToGenerator","decl":{"start":{"line":2,"column":0},"end":{"line":2,"column":65}},"loc":{"start":{"line":2,"column":0},"end":{"line":2,"column":65}},"line":2},"33":{"name":"_callee","decl":{"start":{"line":13,"column":69},"end":{"line":14,"column":16}},"loc":{"start":{"line":13,"column":69},"end":{"line":14,"column":16}},"line":13},"34":{"name":"selectUserOrders","decl":{"start":{"line":22,"column":22},"end":{"line":22,"column":45}},"loc":{"start":{"line":22,"column":22},"end":{"line":22,"column":45}},"line":22},"35":{"name":"extraReducers","decl":{"start":{"line":24,"column":17},"end":{"line":28,"column":3}},"loc":{"start":{"line":24,"column":17},"end":{"line":28,"column":3}},"line":24}},"f":{"0":0,"1":0,"2":13,"3":0,"4":0,"5":0,"6":0,"7":0,"8":0,"9":2,"10":0,"11":0,"12":0,"13":0,"14":0,"15":0,"16":1,"17":0,"18":0,"19":1,"20":0,"21":0,"22":0,"23":0,"24":0,"25":0,"26":0,"27":0,"28":0,"29":0,"30":0,"31":0,"32":1,"33":0,"34":0,"35":1}}
,"D:\\Project\\Yandex\\stellar-burgers\\src\\services\\slices\\userSlice.ts": {"path":"D:\\Project\\Yandex\\stellar-burgers\\src\\services\\slices\\userSlice.ts","all":false,"statementMap":{"0":{"start":{"line":1,"column":0},"end":{"line":1,"column":8}},"1":{"start":{"line":2,"column":0},"end":{"line":2,"column":13}},"2":{"start":{"line":3,"column":0},"end":{"line":3,"column":16}},"3":{"start":{"line":4,"column":0},"end":{"line":4,"column":13}},"4":{"start":{"line":5,"column":0},"end":{"line":5,"column":15}},"5":{"start":{"line":6,"column":0},"end":{"line":6,"column":12}},"6":{"start":{"line":7,"column":0},"end":{"line":7,"column":18}},"7":{"start":{"line":8,"column":0},"end":{"line":8,"column":15}},"8":{"start":{"line":9,"column":0},"end":{"line":9,"column":32}},"9":{"start":{"line":10,"column":0},"end":{"line":10,"column":0}},"10":{"start":{"line":11,"column":0},"end":{"line":11,"column":65}},"11":{"start":{"line":12,"column":0},"end":{"line":12,"column":37}},"12":{"start":{"line":13,"column":0},"end":{"line":13,"column":72}},"13":{"start":{"line":14,"column":0},"end":{"line":14,"column":0}},"14":{"start":{"line":15,"column":0},"end":{"line":15,"column":28}},"15":{"start":{"line":16,"column":0},"end":{"line":16,"column":25}},"16":{"start":{"line":17,"column":0},"end":{"line":17,"column":27}},"17":{"start":{"line":18,"column":0},"end":{"line":18,"column":21}},"18":{"start":{"line":19,"column":0},"end":{"line":19,"column":33}},"19":{"start":{"line":20,"column":0},"end":{"line":20,"column":37}},"20":{"start":{"line":21,"column":0},"end":{"line":21,"column":28}},"21":{"start":{"line":22,"column":0},"end":{"line":22,"column":40}},"22":{"start":{"line":23,"column":0},"end":{"line":23,"column":1}},"23":{"start":{"line":24,"column":0},"end":{"line":24,"column":0}},"24":{"start":{"line":25,"column":0},"end":{"line":25,"column":33}},"25":{"start":{"line":26,"column":0},"end":{"line":26,"column":23}},"26":{"start":{"line":27,"column":0},"end":{"line":27,"column":25}},"27":{"start":{"line":28,"column":0},"end":{"line":28,"column":19}},"28":{"start":{"line":29,"column":0},"end":{"line":29,"column":13}},"29":{"start":{"line":30,"column":0},"end":{"line":30,"column":21}},"30":{"start":{"line":31,"column":0},"end":{"line":31,"column":26}},"31":{"start":{"line":32,"column":0},"end":{"line":32,"column":23}},"32":{"start":{"line":33,"column":0},"end":{"line":33,"column":2}},"33":{"start":{"line":34,"column":0},"end":{"line":34,"column":0}},"34":{"start":{"line":35,"column":0},"end":{"line":35,"column":72}},"35":{"start":{"line":36,"column":0},"end":{"line":36,"column":14}},"36":{"start":{"line":37,"column":0},"end":{"line":37,"column":2}},"37":{"start":{"line":38,"column":0},"end":{"line":38,"column":0}},"38":{"start":{"line":39,"column":0},"end":{"line":39,"column":46}},"39":{"start":{"line":40,"column":0},"end":{"line":40,"column":23}},"40":{"start":{"line":41,"column":0},"end":{"line":41,"column":30}},"41":{"start":{"line":42,"column":0},"end":{"line":42,"column":35}},"42":{"start":{"line":43,"column":0},"end":{"line":43,"column":46}},"43":{"start":{"line":44,"column":0},"end":{"line":44,"column":30}},"44":{"start":{"line":45,"column":0},"end":{"line":45,"column":9}},"45":{"start":{"line":46,"column":0},"end":{"line":46,"column":12}},"46":{"start":{"line":47,"column":0},"end":{"line":47,"column":28}},"47":{"start":{"line":48,"column":0},"end":{"line":48,"column":5}},"48":{"start":{"line":49,"column":0},"end":{"line":49,"column":3}},"49":{"start":{"line":50,"column":0},"end":{"line":50,"column":2}},"50":{"start":{"line":51,"column":0},"end":{"line":51,"column":0}},"51":{"start":{"line":52,"column":0},"end":{"line":52,"column":47}},"52":{"start":{"line":53,"column":0},"end":{"line":53,"column":15}},"53":{"start":{"line":54,"column":0},"end":{"line":54,"column":46}},"54":{"start":{"line":55,"column":0},"end":{"line":55,"column":57}},"55":{"start":{"line":56,"column":0},"end":{"line":56,"column":24}},"56":{"start":{"line":57,"column":0},"end":{"line":57,"column":13}},"57":{"start":{"line":58,"column":0},"end":{"line":58,"column":12}},"58":{"start":{"line":59,"column":0},"end":{"line":59,"column":49}},"59":{"start":{"line":60,"column":0},"end":{"line":60,"column":62}},"60":{"start":{"line":61,"column":0},"end":{"line":61,"column":23}},"61":{"start":{"line":62,"column":0},"end":{"line":62,"column":5}},"62":{"start":{"line":63,"column":0},"end":{"line":63,"column":3}},"63":{"start":{"line":64,"column":0},"end":{"line":64,"column":2}},"64":{"start":{"line":65,"column":0},"end":{"line":65,"column":0}},"65":{"start":{"line":66,"column":0},"end":{"line":66,"column":50}},"66":{"start":{"line":67,"column":0},"end":{"line":67,"column":22}},"67":{"start":{"line":68,"column":0},"end":{"line":68,"column":53}},"68":{"start":{"line":69,"column":0},"end":{"line":69,"column":52}},"69":{"start":{"line":70,"column":0},"end":{"line":70,"column":2}},"70":{"start":{"line":71,"column":0},"end":{"line":71,"column":0}},"71":{"start":{"line":72,"column":0},"end":{"line":72,"column":48}},"72":{"start":{"line":73,"column":0},"end":{"line":73,"column":16}},"73":{"start":{"line":74,"column":0},"end":{"line":74,"column":31}},"74":{"start":{"line":75,"column":0},"end":{"line":75,"column":2}},"75":{"start":{"line":76,"column":0},"end":{"line":76,"column":0}},"76":{"start":{"line":77,"column":0},"end":{"line":77,"column":52}},"77":{"start":{"line":78,"column":0},"end":{"line":78,"column":20}},"78":{"start":{"line":79,"column":0},"end":{"line":79,"column":55}},"79":{"start":{"line":80,"column":0},"end":{"line":80,"column":64}},"80":{"start":{"line":81,"column":0},"end":{"line":81,"column":24}},"81":{"start":{"line":82,"column":0},"end":{"line":82,"column":13}},"82":{"start":{"line":83,"column":0},"end":{"line":83,"column":12}},"83":{"start":{"line":84,"column":0},"end":{"line":84,"column":23}},"84":{"start":{"line":85,"column":0},"end":{"line":85,"column":5}},"85":{"start":{"line":86,"column":0},"end":{"line":86,"column":3}},"86":{"start":{"line":87,"column":0},"end":{"line":87,"column":2}},"87":{"start":{"line":88,"column":0},"end":{"line":88,"column":0}},"88":{"start":{"line":89,"column":0},"end":{"line":89,"column":38}},"89":{"start":{"line":90,"column":0},"end":{"line":90,"column":15}},"90":{"start":{"line":91,"column":0},"end":{"line":91,"column":15}},"91":{"start":{"line":92,"column":0},"end":{"line":92,"column":13}},"92":{"start":{"line":93,"column":0},"end":{"line":93,"column":27}},"93":{"start":{"line":94,"column":0},"end":{"line":94,"column":33}},"94":{"start":{"line":95,"column":0},"end":{"line":95,"column":6}},"95":{"start":{"line":96,"column":0},"end":{"line":96,"column":29}},"96":{"start":{"line":97,"column":0},"end":{"line":97,"column":32}},"97":{"start":{"line":98,"column":0},"end":{"line":98,"column":35}},"98":{"start":{"line":99,"column":0},"end":{"line":99,"column":5}},"99":{"start":{"line":100,"column":0},"end":{"line":100,"column":4}},"100":{"start":{"line":101,"column":0},"end":{"
[...]
column":0},"end":{"line":221,"column":45}},"221":{"start":{"line":222,"column":0},"end":{"line":222,"column":21}},"222":{"start":{"line":223,"column":0},"end":{"line":223,"column":30}},"223":{"start":{"line":224,"column":0},"end":{"line":224,"column":5}},"224":{"start":{"line":225,"column":0},"end":{"line":225,"column":0}},"225":{"start":{"line":226,"column":0},"end":{"line":226,"column":30}},"226":{"start":{"line":227,"column":0},"end":{"line":227,"column":31}},"227":{"start":{"line":228,"column":0},"end":{"line":228,"column":19}},"228":{"start":{"line":229,"column":0},"end":{"line":229,"column":14}},"229":{"start":{"line":230,"column":0},"end":{"line":230,"column":54}},"230":{"start":{"line":231,"column":0},"end":{"line":231,"column":6}},"231":{"start":{"line":232,"column":0},"end":{"line":232,"column":26}},"232":{"start":{"line":233,"column":0},"end":{"line":233,"column":49}},"233":{"start":{"line":234,"column":0},"end":{"line":234,"column":6}},"234":{"start":{"line":235,"column":0},"end":{"line":235,"column":60}}},"s":{"0":1,"1":0,"2":1,"3":1,"4":1,"5":1,"6":0,"7":1,"8":1,"9":1,"10":1,"11":1,"12":1,"13":1,"14":1,"15":1,"16":1,"17":1,"18":0,"19":0,"20":0,"21":0,"22":0,"23":0,"24":0,"25":0,"26":0,"27":0,"28":0,"29":0,"30":0,"31":0,"32":0,"33":0,"34":0,"35":0,"36":1,"37":1,"38":0,"39":0,"40":0,"41":0,"42":0,"43":0,"44":0,"45":0,"46":0,"47":0,"48":0,"49":0,"50":0,"51":0,"52":0,"53":0,"54":0,"55":1,"56":1,"57":1,"58":1,"59":1,"60":1,"61":1,"62":1,"63":1,"64":1,"65":1,"66":1,"67":1,"68":1,"69":1,"70":1,"71":1,"72":1,"73":1,"74":0,"75":0,"76":0,"77":0,"78":0,"79":0,"80":1,"81":1,"82":0,"83":0,"84":0,"85":0,"86":0,"87":0,"88":1,"89":1,"90":0,"91":0,"92":0,"93":0,"94":0,"95":0,"96":0,"97":0,"98":0,"99":0,"100":1,"101":1,"102":1,"103":1,"104":1,"105":1,"106":1,"107":0,"108":0,"109":0,"110":0,"111":0,"112":0,"113":0,"114":0,"115":0,"116":0,"117":0,"118":0,"119":0,"120":1,"121":1,"122":1,"123":1,"124":1,"125":1,"126":0,"127":0,"128":0,"129":0,"130":0,"131":0,"132":1,"133":1,"134":1,"135":1,"136":1,"137":1,"138":1,"139":1,"140":1,"141":1,"142":1,"143":1,"144":1,"145":1,"146":0,"147":0,"148":0,"149":0,"150":0,"151":0,"152":0,"153":0,"154":0,"155":0,"156":0,"157":0,"158":1,"159":1,"160":1,"161":1,"162":1,"163":1,"164":1,"165":0,"166":0,"167":0,"168":0,"169":0,"170":0,"171":0,"172":0,"173":0,"174":0,"175":0,"176":0,"177":1,"178":1,"179":0,"180":0,"181":0,"182":0,"183":0,"184":0,"185":0,"186":0,"187":0,"188":0,"189":0,"190":0,"191":1,"192":1,"193":0,"194":0,"195":0,"196":0,"197":0,"198":0,"199":0,"200":0,"201":0,"202":0,"203":0,"204":0,"205":1,"206":1,"207":1,"208":1,"209":0,"210":0,"211":0,"212":0,"213":0,"214":1,"215":1,"216":0,"217":0,"218":0,"219":0,"220":0,"221":0,"222":0,"223":0,"224":1,"225":1,"226":0,"227":0,"228":0,"229":0,"230":0,"231":0,"232":0,"233":0,"234":0},"branchMap":{"0":{"type":"branch","line":2,"loc":{"start":{"line":2,"column":-2},"end":{"line":2,"column":66}},"locations":[{"start":{"line":2,"column":-2},"end":{"line":2,"column":66}}]},"1":{"type":"branch","line":2,"loc":{"start":{"line":2,"column":0},"end":{"line":2,"column":66}},"locations":[{"start":{"line":2,"column":0},"end":{"line":2,"column":66}}]},"2":{"type":"branch","line":2,"loc":{"start":{"line":2,"column":0},"end":{"line":2,"column":66}},"locations":[{"start":{"line":2,"column":0},"end":{"line":2,"column":66}}]},"3":{"type":"branch","line":2,"loc":{"start":{"line":2,"column":0},"end":{"line":2,"column":66}},"locations":[{"start":{"line":2,"column":0},"end":{"line":2,"column":66}}]},"4":{"type":"branch","line":2,"loc":{"start":{"line":2,"column":0},"end":{"line":2,"column":66}},"locations":[{"start":{"line":2,"column":0},"end":{"line":2,"column":66}}]},"5":{"type":"branch","line":2,"loc":{"start":{"line":2,"column":0},"end":{"line":2,"column":66}},"locations":[{"start":{"line":2,"column":0},"end":{"line":2,"column":66}}]},"6":{"type":"branch","line":2,"loc":{"start":{"line":2,"column":0},"end":{"line":2,"column":66}},"locations":[{"start":{"line":2,"column":0},"end":{"line":2,"column":66}}]},"7":{"type":"branch","line":2,"loc":{"start":{"line":2,"column":0},"end":{"line":2,"column":66}},"locations":[{"start":{"line":2,"column":0},"end":{"line":2,"column":66}}]},"8":{"type":"branch","line":2,"loc":{"start":{"line":2,"column":0},"end":{"line":2,"column":66}},"locations":[{"start":{"line":2,"column":0},"end":{"line":2,"column":66}}]},"9":{"type":"branch","line":2,"loc":{"start":{"line":2,"column":0},"end":{"line":2,"column":66}},"locations":[{"start":{"line":2,"column":0},"end":{"line":2,"column":66}}]},"10":{"type":"branch","line":2,"loc":{"start":{"line":2,"column":0},"end":{"line":2,"column":66}},"locations":[{"start":{"line":2,"column":0},"end":{"line":2,"column":66}}]},"11":{"type":"branch","line":2,"loc":{"start":{"line":2,"column":0},"end":{"line":2,"column":66}},"locations":[{"start":{"line":2,"column":0},"end":{"line":2,"column":66}}]},"12":{"type":"branch","line":2,"loc":{"start":{"line":2,"column":0},"end":{"line":2,"column":66}},"locations":[{"start":{"line":2,"column":0},"end":{"line":2,"column":66}}]},"13":{"type":"branch","line":2,"loc":{"start":{"line":2,"column":0},"end":{"line":2,"column":66}},"locations":[{"start":{"line":2,"column":0},"end":{"line":2,"column":66}}]},"14":{"type":"branch","line":2,"loc":{"start":{"line":2,"column":0},"end":{"line":2,"column":66}},"locations":[{"start":{"line":2,"column":0},"end":{"line":2,"column":66}}]},"15":{"type":"branch","line":2,"loc":{"start":{"line":2,"column":0},"end":{"line":2,"column":66}},"locations":[{"start":{"line":2,"column":0},"end":{"line":2,"column":66}}]},"16":{"type":"branch","line":2,"loc":{"start":{"line":2,"column":0},"end":{"line":2,"column":66}},"locations":[{"start":{"line":2,"column":0},"end":{"line":2,"column":66}}]},"17":{"type":"branch","line":38,"loc":{"start":{"line":38,"column":29},"end":{"line":38,"column":32}},"locations":[{"start":{"line":38,"column":29},"end":{"line":38,"column":32}}]}},"b":{"0":[6],"1":[0],"2":[0],"3":[0],"4":[0],"5":[0],"6":[0],"7":[78],"8":[12],"9":[36],"10":[6],"11":[0],"12":[0],"13":[0],"14":[6],"15":[0],"16":[6],"17":[6]},"fnMap":{"0":{"name":"_regeneratorRuntime","decl":{"start":{"line":2,"column":-2},"end":{"line":2,"column":66}},"loc":{"start":{"line":2,"column":-2},"end":{"line":2,"column":66}},"line":2},"1":{"name":"_regeneratorRuntime","decl":{"start":{"line":2,"column":0},"end":{"line":2,"column":66}},"loc":{"start":{"line":2,"column":0},"end":{"line":2,"column":66}},"line":2},"2":{"name":"o","decl":{"start":{"line":2,"column":0},"end":{"line":2,"column":66}},"loc":{"start":{"line":2,"column":0},"end":{"line":2,"column":66}},"line":2},"3":{"name":"define","decl":{"start":{"line":2,"column":0},"end":{"line":2,"column":66}},"loc":{"start":{"line":2,"column":0},"end":{"line":2,"column":66}},"line":2},"4":{"name":"define","decl":{"start":{"line":2,"column":0},"end":{"line":2,"column":66}},"loc":{"start":{"line":2,"column":0},"end":{"line":2,"column":66}},"line":2},"5":{"name":"wrap","decl":{"start":{"line":2,"column":0},"end":{"line":2,"column":66}},"loc":{"start":{"line":2,"column":0},"end":{"line":2,"column":66}},"line":2},"6":{"name":"tryCatch","decl":{"start":{"line":2,"column":0},"end":{"line":2,"column":66}},"loc":{"start":{"line":2,"column":0},"end":{"line":2,"column":66}},"line":2},"7":{"name":"Generator","decl":{"start":{"line":2,"column":0},"end":{"line":2,"column":66}},"loc":{"start":{"line":2,"column":0},"end":{"line":2,"column":66}},"line":2},"8":{"name":"GeneratorFunction","decl":{"start":{"line":2,"column":0},"end":{"line":2,"column":66}},"loc":{"start":{"line":2,"column":0},"end":{"line":2,"column":66}},"line":2},"9":{"name":"GeneratorFunctionPrototype","decl":{"start":{"line":2,"column":0},"end":{"line":2,"column":66}},"loc":{"start":{"line":2,"column":0},"end":{"line":2,"column":66}},"line":2},"10":{"name":"defineIteratorMethods","decl":{"start":{"line":2,"column":0},"end":{"line":2,"column":66}},"loc":{"start":{"line":2,"column":0},"end":{"line":2,"column":66}},"line":2},"11":{"name":"AsyncIterator","decl":{"start":{"line":2,"column":0},"end":{"line":2,"column":66}},"loc":{"start":{"line":2,"column":0},"end":{"line":2,"column":66}},"line":2},"12":{"name":"makeInvokeMethod","decl":{"start":{"line":2,"column":0},"end":{"line":2,"column":66}},"loc":{"start":{"line":2,"column":0},"end":{"line":2,"column":66}},"line":2},"13":{"name":"maybeInvokeDelegate","decl":{"start":{"line":2,"column":0},"end":{"line":2,"column":66}},"loc":{"start":{"line":2,"column":0},"end":{"line":2,"column":66}},"line":2},"14":{"name":"pushTryEntry","decl":{"start":{"line":2,"column":0},"end":{"line":2,"column":66}},"loc":{"start":{"line":2,"column":0},"end":{"line":2,"column":66}},"line":2},"15":{"name":"resetTryEntry","decl":{"start":{"line":2,"column":0},"end":{"line":2,"column":66}},"loc":{"start":{"line":2,"column":0},"end":{"line":2,"column":66}},"line":2},"16":{"name":"Context","decl":{"start":{"line":2,"column":0},"end":{"line":2,"column":66}},"loc":{"start":{"line":2,"column":0},"end":{"line":2,"column":66}},"line":2},"17":{"name":"values","decl":{"start":{"line":2,"column":0},"end":{"line":2,"column":66}},"loc":{"start":{"line":2,"column":0},"end":{"line":2,"column":66}},"line":2},"18":{"name":"next","decl":{"start":{"line":2,"column":0},"end":{"line":2,"column":66}},"loc":{"start":{"line":2,"column":0},"end":{"line":2,"column":66}},"line":2},"19":{"name":"e.isGeneratorFunction","decl":{"start":{"line":2,"column":0},"end":{"line":2,"column":66}},"loc":{"start":{"line":2,"column":0},"end":{"line":2,"column":66}},"line":2},"20":{"name":"e.mark","decl":{"start":{"line":2,"column":0},"end":{"line":2,"column":66}},"loc":{"start":{"line":2,"column":0},"end":{"line":2,"column":66}},"line":2},"21":{"name":"e.awrap","decl":{"start":{"line":2,"column":0},"end":{"line":2,"column":66}},"loc":{"start":{"line":2,"column":0},"end":{"line":2,"column":66}},"line":2},"22":{"name":"e.async","decl":{"start":{"line":2,"column":0},"end":{"line":2,"column":66}},"loc":{"start":{"line":2,"column":0},"end":{"line":2,"column":66}},"line":2},"23":{"name":"e.keys","decl":{"start":{"line":2,"column":0},"end":{"line":2,"column":66}},"loc":{"start":{"line":2,"column":0},"end":{"line":2,"column":66}},"line":2},"24":{"name":"reset","decl":{"start":{"line":2,"column":0},"end":{"line":2,"column":66}},"loc":{"start":{"line":2,"column":0},"end":{"line":2,"column":66}},"line":2},"25":{"name":"stop","decl":{"start":{"line":2,"column":0},"end":{"line":2,"column":66}},"loc":{"start":{"line":2,"column":0},"end":{"line":2,"column":66}},"line":2},"26":{"name":"dispatchException","decl":{"start":{"line":2,"column":0},"end":{"line":2,"column":66}},"loc":{"start":{"line":2,"column":0},"end":{"line":2,"column":66}},"line":2},"27":{"name":"abrupt","decl":{"start":{"line":2,"column":0},"end":{"line":2,"column":66}},"loc":{"start":{"line":2,"column":0},"end":{"line":2,"column":66}},"line":2},"28":{"name":"complete","decl":{"start":{"line":2,"column":0},"end":{"line":2,"column":66}},"loc":{"start":{"line":2,"column":0},"end":{"line":2,"column":66}},"line":2},"29":{"name":"finish","decl":{"start":{"line":2,"column":0},"end":{"line":2,"column":66}},"loc":{"start":{"line":2,"column":0},"end":{"line":2,"column":66}},"line":2},"30":{"name":"_catch","decl":{"start":{"line":2,"column":0},"end":{"line":2,"column":66}},"loc":{"start":{"line":2,"column":0},"end":{"line":2,"column":66}},"line":2},"31":{"name":"delegateYield","decl":{"start":{"line":2,"column":0},"end":{"line":2,"column":66}},"loc":{"start":{"line":2,"column":0},"end":{"line":2,"column":66}},"line":2},"32":{"name":"asyncGeneratorStep","decl":{"start":{"line":2,"column":0},"end":{"line":2,"column":66}},"loc":{"start":{"line":2,"column":0},"end":{"line":2,"column":66}},"line":2},"33":{"name":"_asyncToGenerator","decl":{"start":{"line":2,"column":0},"end":{"line":2,"column":66}},"loc":{"start":{"line":2,"column":0},"end":{"line":2,"column":66}},"line":2},"34":{"name":"checkResponse","decl":{"start":{"line":6,"column":22},"end":{"line":7,"column":70}},"loc":{"start":{"line":6,"column":22},"end":{"line":7,"column":70}},"line":6},"35":{"name":"refreshToken","decl":{"start":{"line":18,"column":28},"end":{"line":36,"column":7}},"loc":{"start":{"line":18,"column":28},"end":{"line":36,"column":7}},"line":18},"36":{"name":"_callee","decl":{"start":{"line":38,"column":32},"end":{"line":55,"column":33}},"loc":{"start":{"line":38,"column":32},"end":{"line":55,"column":33}},"line":38},"37":{"name":"getIngredientsApi","decl":{"start":{"line":74,"column":33},"end":{"line":80,"column":7}},"loc":{"start":{"line":74,"column":33},"end":{"line":80,"column":7}},"line":74},"38":{"name":"getFeedsApi","decl":{"start":{"line":82,"column":27},"end":{"line":88,"column":7}},"loc":{"start":{"line":82,"column":27},"end":{"line":88,"column":7}},"line":82},"39":{"name":"getOrdersApi","decl":{"start":{"line":90,"column":28},"end":{"line":100,"column":5}},"loc":{"start":{"line":90,"column":28},"end":{"line":100,"column":5}},"line":90},"40":{"name":"orderBurgerApi","decl":{"start":{"line":107,"column":30},"end":{"line":120,"column":5}},"loc":{"start":{"line":107,"column":30},"end":{"line":120,"column":5}},"line":107},"41":{"name":"getOrderByNumberApi","decl":{"start":{"line":126,"column":35},"end":{"line":132,"column":55}},"loc":{"start":{"line":126,"column":35},"end":{"line":132,"column":55}},"line":126},"42":{"name":"registerUserApi","decl":{"start":{"line":146,"column":31},"end":{"line":158,"column":7}},"loc":{"start":{"line":146,"column":31},"end":{"line":158,"column":7}},"line":146},"43":{"name":"loginUserApi","decl":{"start":{"line":165,"column":28},"end":{"line":177,"column":7}},"loc":{"start":{"line":165,"column":28},"end":{"line":177,"column":7}},"line":165},"44":{"name":"forgotPasswordApi","decl":{"start":{"line":179,"column":33},"end":{"line":191,"column":7}},"loc":{"start":{"line":179,"column":33},"end":{"line":191,"column":7}},"line":179},"45":{"name":"resetPasswordApi","decl":{"start":{"line":193,"column":32},"end":{"line":205,"column":7}},"loc":{"start":{"line":193,"column":32},"end":{"line":205,"column":7}},"line":193},"46":{"name":"getUserApi","decl":{"start":{"line":209,"column":26},"end":{"line":214,"column":5}},"loc":{"start":{"line":209,"column":26},"end":{"line":214,"column":5}},"line":209},"47":{"name":"updateUserApi","decl":{"start":{"line":216,"column":29},"end":{"line":224,"column":5}},"loc":{"start":{"line":216,"column":29},"end":{"line":224,"column":5}},"line":216},"48":{"name":"logoutApi","decl":{"start":{"line":226,"column":25},"end":{"line":235,"column":60}},"loc":{"start":{"line":226,"column":25},"end":{"line":235,"column":60}},"line":226}},"f":{"0":6,"1":0,"2":0,"3":78,"4":0,"5":0,"6":0,"7":0,"8":0,"9":0,"10":12,"11":0,"12":0,"13":0,"14":0,"15":0,"16":0,"17":6,"18":0,"19":0,"20":6,"21":0,"22":0,"23":0,"24":0,"25":0,"26":0,"27":0,"28":0,"29":0,"30":0,"31":0,"32":0,"33":6,"34":0,"35":0,"36":0,"37":0,"38":0,"39":0,"40":0,"41":0,"42":0,"43":0,"44":0,"45":0,"46":0,"47":0,"48":0}}
,"D:\\Project\\Yandex\\stellar-burgers\\src\\utils\\cookie.ts": {"path":"D:\\Project\\Yandex\\stellar-burgers\\src\\utils\\cookie.ts","all":false,"statementMap":{"0":{"start":{"line":1,"column":0},"end":{"line":1,"column":61}},"1":{"start":{"line":2,"column":0},"end":{"line":2,"column":40}},"2":{"start":{"line":3,"column":0},"end":{"line":3,"column":15}},"3":{"start":{"line":4,"column":0},"end":{"line":4,"column":18}},"4":{"start":{"line":5,"column":0},"end":{"line":5,"column":53}},"5":{"start":{"line":6,"column":0},"end":{"line":6,"column":62}},"6":{"start":{"line":7,"column":0},"end":{"line":7,"column":18}},"7":{"start":{"line":8,"column":0},"end":{"line":8,"column":5}},"8":{"start":{"line":9,"column":0},"end":{"line":9,"column":4}},"9":{"start":{"line":10,"column":0},"end":{"line":10,"column":62}},"10":{"start":{"line":11,"column":0},"end":{"line":11,"column":1}},"11":{"start":{"line":12,"column":0},"end":{"line":12,"column":0}},"12":{"start":{"line":13,"column":0},"end":{"line":13,"column":26}},"13":{"start":{"line":14,"column":0},"end":{"line":14,"column":15}},"14":{"start":{"line":15,"column":0},"end":{"line":15,"column":16}},"15":{"start":{"line":16,"column":0},"end":{"line":16,"column":65}},"16":{"start":{"line":17,"column":0},"end":{"line":17,"column":3}},"17":{"start":{"line":18,"column":0},"end":{"line":18,"column":11}},"18":{"start":{"line":19,"column":0},"end":{"line":19,"column":14}},"19":{"start":{"line":20,"column":0},"end":{"line":20,"column":12}},"20":{"start":{"line":21,"column":0},"end":{"line":21,"column":4}},"21":{"start":{"line":22,"column":0},"end":{"line":22,"column":0}},"22":{"start":{"line":23,"column":0},"end":{"line":23,"column":26}},"23":{"start":{"line":24,"column":0},"end":{"line":24,"column":39}},"24":{"start":{"line":25,"column":0},"end":{"line":25,"column":25}},"25":{"start":{"line":26,"column":0},"end":{"line":26,"column":40}},"26":{"start":{"line":27,"column":0},"end":{"line":27,"column":28}},"27":{"start":{"line":28,"column":0},"end":{"line":28,"column":3}},"28":{"start":{"line":29,"column":0},"end":{"line":29,"column":0}},"29":{"start":{"line":30,"column":0},"end":{"line":30,"column":35}},"30":{"start":{"line":31,"column":0},"end":{"line":31,"column":38}},"31":{"start":{"line":32,"column":0},"end":{"line":32,"column":3}},"32":{"start":{"line":33,"column":0},"end":{"line":33,"column":36}},"33":{"start":{"line":34,"column":0},"end":{"line":34,"column":41}},"34":{"start":{"line":35,"column":0},"end":{"line":35,"column":33}},"35":{"start":{"line":36,"column":0},"end":{"line":36,"column":37}},"36":{"start":{"line":37,"column":0},"end":{"line":37,"column":38}},"37":{"start":{"line":38,"column":0},"end":{"line":38,"column":29}},"38":{"start":{"line":39,"column":0},"end":{"line":39,"column":39}},"39":{"start":{"line":40,"column":0},"end":{"line":40,"column":5}},"40":{"start":{"line":41,"column":0},"end":{"line":41,"column":3}},"41":{"start":{"line":42,"column":0},"end":{"line":42,"column":34}},"42":{"start":{"line":43,"column":0},"end":{"line":43,"column":1}},"43":{"start":{"line":44,"column":0},"end":{"line":44,"column":0}},"44":{"start":{"line":45,"column":0},"end":{"line":45,"column":44}},"45":{"start":{"line":46,"column":0},"end":{"line":46,"column":39}},"46":{"start":{"line":47,"column":0},"end":{"line":47,"column":1}}},"s":{"0":1,"1":0,"2":0,"3":0,"4":0,"5":0,"6":0,"7":0,"8":0,"9":0,"10":0,"11":1,"12":1,"13":1,"14":1,"15":1,"16":1,"17":1,"18":1,"19":1,"20":1,"21":1,"22":1,"23":1,"24":1,"25":1,"26":1,"27":1,"28":1,"29":1,"30":1,"31":1,"32":1,"33":1,"34":1,"35":2,"36":2,"37":2,"38":2,"39":2,"40":2,"41":1,"42":1,"43":1,"44":1,"45":1,"46":1},"branchMap":{"0":{"type":"branch","line":13,"loc":{"start":{"line":13,"column":7},"end":{"line":43,"column":1}},"locations":[{"start":{"line":13,"column":7},"end":{"line":43,"column":1}}]},"1":{"type":"branch","line":16,"loc":{"start":{"line":16,"column":60},"end":{"line":16,"column":65}},"locations":[{"start":{"line":16,"column":60},"end":{"line":16,"column":65}}]},"2":{"type":"branch","line":35,"loc":{"start":{"line":35,"column":32},"end":{"line":41,"column":3}},"locations":[{"start":{"line":35,"column":32},"end":{"line":41,"column":3}}]},"3":{"type":"branch","line":45,"loc":{"start":{"line":45,"column":7},"end":{"line":47,"column":1}},"locations":[{"start":{"line":45,"column":7},"end":{"line":47,"column":1}}]}},"b":{"0":[1],"1":[0],"2":[2],"3":[1]},"fnMap":{"0":{"name":"getCookie","decl":{"start":{"line":1,"column":7},"end":{"line":11,"column":1}},"loc":{"start":{"line":1,"column":7},"end":{"line":11,"column":1}},"line":1},"1":{"name":"setCookie","decl":{"start":{"line":13,"column":7},"end":{"line":43,"column":1}},"loc":{"start":{"line":13,"column":7},"end":{"line":43,"column":1}},"line":13},"2":{"name":"deleteCookie","decl":{"start":{"line":45,"column":7},"end":{"line":47,"column":1}},"loc":{"start":{"line":45,"column":7},"end":{"line":47,"column":1}},"line":45}},"f":{"0":0,"1":1,"2":1}}
}
