TN:
SF:src\services\store.ts
FN:36,useDispatch
FNF:1
FNH:0
FNDA:0,useDispatch
DA:1,1
DA:2,1
DA:3,1
DA:4,1
DA:5,1
DA:6,1
DA:7,1
DA:8,1
DA:9,1
DA:10,1
DA:11,1
DA:12,1
DA:13,1
DA:14,1
DA:15,1
DA:16,1
DA:17,1
DA:18,1
DA:19,1
DA:20,1
DA:21,1
DA:22,1
DA:23,1
DA:24,1
DA:25,1
DA:26,1
DA:27,1
DA:28,1
DA:29,1
DA:30,1
DA:31,1
DA:32,1
DA:33,1
DA:34,1
DA:35,1
DA:36,1
DA:37,1
DA:38,1
DA:39,1
LF:39
LH:39
BRF:0
BRH:0
end_of_record
TN:
SF:src\services\slices\constructorIngredientsSlice.ts
FN:26,reducer
FN:34,prepare
FN:39,removeIngredient
FN:44,moveUpIngredient
FN:49,swapElements
FN:62,moveDownIngredient
FN:67,swapElements
FN:80,clearConstructor
FN:87,selectAddedIngredients
FN:88,selectAddedBunId
FN:89,selectAddedBunDetails
FNF:11
FNH:8
FNDA:2,reducer
FNDA:2,prepare
FNDA:1,removeIngredient
FNDA:1,moveUpIngredient
FNDA:1,swapElements
FNDA:1,moveDownIngredient
FNDA:1,swapElements
FNDA:1,clearConstructor
FNDA:0,selectAddedIngredients
FNDA:0,selectAddedBunId
FNDA:0,selectAddedBunDetails
DA:1,1
DA:2,1
DA:3,1
DA:4,1
DA:5,1
DA:6,1
DA:7,1
DA:8,1
DA:9,1
DA:10,1
DA:11,1
DA:12,1
DA:13,1
DA:14,1
DA:15,1
DA:16,1
DA:17,1
DA:18,1
DA:19,1
DA:20,1
DA:21,1
DA:22,1
DA:23,1
DA:24,1
DA:25,1
DA:26,1
DA:27,2
DA:28,1
DA:29,1
DA:30,1
DA:31,1
DA:32,1
DA:33,1
DA:34,1
DA:35,2
DA:36,2
DA:37,2
DA:38,1
DA:39,1
DA:40,1
DA:41,1
DA:42,1
DA:43,1
DA:44,1
DA:45,1
DA:46,1
DA:47,1
DA:48,1
DA:49,1
DA:50,1
DA:51,1
DA:52,1
DA:53,1
DA:54,1
DA:55,1
DA:56,1
DA:57,1
DA:58,1
DA:59,1
DA:60,1
DA:61,1
DA:62,1
DA:63,1
DA:64,1
DA:65,1
DA:66,1
DA:67,1
DA:68,1
DA:69,1
DA:70,1
DA:71,1
DA:72,1
DA:73,1
DA:74,1
DA:75,1
DA:76,1
DA:77,1
DA:78,1
DA:79,1
DA:80,1
DA:81,1
DA:82,1
DA:83,1
DA:84,1
DA:85,1
DA:86,1
DA:87,1
DA:88,1
DA:89,1
DA:90,1
DA:91,1
DA:92,1
DA:93,1
DA:94,1
DA:95,1
DA:96,1
DA:97,1
DA:98,1
DA:99,1
DA:100,1
DA:101,1
DA:102,1
DA:103,1
DA:104,1
DA:105,1
DA:106,1
DA:107,1
LF:107
LH:107
BRDA:26,0,0,2
BRDA:27,1,0,1
BRDA:34,2,0,2
BRDA:39,3,0,1
BRDA:41,4,0,1
BRDA:44,5,0,1
BRDA:46,6,0,2
BRDA:49,7,0,1
BRDA:62,8,0,1
BRDA:64,9,0,1
BRDA:67,10,0,1
BRDA:80,11,0,1
BRF:12
BRH:12
end_of_record
TN:
SF:src\services\slices\feedSlice.ts
FN:2,asyncGeneratorStep
FN:2,_asyncToGenerator
FN:2,_next
FN:2,_throw
FN:19,_callee
FN:19,_callee$
FN:30,clearFeed
FN:33,selectFeed
FN:34,selectTotal
FN:35,selectTotalToday
FN:36,selectData
FN:38,extraReducers
FNF:12
FNH:11
FNDA:2,asyncGeneratorStep
FNDA:2,_asyncToGenerator
FNDA:2,_next
FNDA:0,_throw
FNDA:1,_callee
FNDA:3,_callee$
FNDA:1,clearFeed
FNDA:1,selectFeed
FNDA:1,selectTotal
FNDA:1,selectTotalToday
FNDA:1,selectData
FNDA:2,extraReducers
DA:1,1
DA:2,0
DA:3,1
DA:4,1
DA:5,1
DA:6,1
DA:7,1
DA:8,1
DA:9,1
DA:10,1
DA:11,1
DA:12,1
DA:13,1
DA:14,1
DA:15,1
DA:16,1
DA:17,1
DA:18,1
DA:19,2
DA:20,1
DA:21,1
DA:22,1
DA:23,2
DA:24,1
DA:25,1
DA:26,1
DA:27,1
DA:28,1
DA:29,1
DA:30,1
DA:31,1
DA:32,1
DA:33,1
DA:34,1
DA:35,1
DA:36,1
DA:37,1
DA:38,1
DA:39,2
DA:40,0
DA:41,0
DA:42,0
DA:43,2
DA:44,2
DA:45,1
DA:46,1
DA:47,1
DA:48,1
DA:49,1
DA:50,1
LF:50
LH:46
BRDA:2,0,0,2
BRDA:2,1,0,0
BRDA:2,2,0,1
BRDA:2,3,0,2
BRDA:2,4,0,1
BRDA:2,5,0,1
BRDA:2,6,0,2
BRDA:18,7,0,2
BRDA:19,8,0,1
BRDA:19,9,0,3
BRDA:19,10,0,1
BRDA:21,11,0,1
BRDA:22,12,0,0
BRDA:22,13,0,1
BRDA:30,14,0,1
BRDA:33,15,0,1
BRDA:34,16,0,1
BRDA:35,17,0,1
BRDA:36,18,0,1
BRDA:38,19,0,2
BRF:20
BRH:18
end_of_record
TN:
SF:src\services\slices\ingredientsSlice.ts
FN:2,_regeneratorRuntime
FN:2,o
FN:2,define
FN:2,define
FN:2,wrap
FN:2,tryCatch
FN:2,Generator
FN:2,GeneratorFunction
FN:2,GeneratorFunctionPrototype
FN:2,defineIteratorMethods
FN:2,AsyncIterator
FN:2,makeInvokeMethod
FN:2,maybeInvokeDelegate
FN:2,pushTryEntry
FN:2,resetTryEntry
FN:2,Context
FN:2,values
FN:2,next
FN:2,e.isGeneratorFunction
FN:2,e.mark
FN:2,e.awrap
FN:2,e.async
FN:2,e.keys
FN:2,reset
FN:2,stop
FN:2,dispatchException
FN:2,abrupt
FN:2,complete
FN:2,finish
FN:2,_catch
FN:2,delegateYield
FN:2,asyncGeneratorStep
FN:2,_asyncToGenerator
FN:2,_next
FN:2,_throw
FN:19,_callee
FN:19,_callee$
FN:27,selectIngredients
FN:28,selectIngredientsLoading
FN:30,extraReducers
FN:47,getIngredients
FNF:41
FNH:20
FNDA:1,_regeneratorRuntime
FNDA:0,o
FNDA:26,define
FNDA:0,define
FNDA:1,wrap
FNDA:2,tryCatch
FNDA:0,Generator
FNDA:0,GeneratorFunction
FNDA:0,GeneratorFunctionPrototype
FNDA:4,defineIteratorMethods
FNDA:0,AsyncIterator
FNDA:1,makeInvokeMethod
FNDA:0,maybeInvokeDelegate
FNDA:0,pushTryEntry
FNDA:1,resetTryEntry
FNDA:1,Context
FNDA:2,values
FNDA:0,next
FNDA:0,e.isGeneratorFunction
FNDA:2,e.mark
FNDA:0,e.awrap
FNDA:0,e.async
FNDA:0,e.keys
FNDA:1,reset
FNDA:1,stop
FNDA:0,dispatchException
FNDA:2,abrupt
FNDA:2,complete
FNDA:0,finish
FNDA:0,_catch
FNDA:0,delegateYield
FNDA:1,asyncGeneratorStep
FNDA:2,_asyncToGenerator
FNDA:1,_next
FNDA:0,_throw
FNDA:1,_callee
FNDA:2,_callee$
FNDA:0,selectIngredients
FNDA:0,selectIngredientsLoading
FNDA:2,extraReducers
FNDA:0,getIngredients
DA:1,1
DA:2,1
DA:3,1
DA:4,1
DA:5,1
DA:6,1
DA:7,1
DA:8,1
DA:9,1
DA:10,1
DA:11,1
DA:12,1
DA:13,1
DA:14,1
DA:15,1
DA:16,1
DA:17,1
DA:18,1
DA:19,1
DA:20,1
DA:21,1
DA:22,1
DA:23,1
DA:24,1
DA:25,1
DA:26,1
DA:27,1
DA:28,1
DA:29,1
DA:30,1
DA:31,2
DA:32,2
DA:33,2
DA:34,2
DA:35,1
DA:36,1
DA:37,2
DA:38,2
DA:39,1
DA:40,1
DA:41,1
DA:42,1
DA:43,1
DA:44,1
DA:45,1
DA:46,1
DA:47,1
LF:47
LH:47
BRDA:2,0,0,0
BRDA:2,1,0,0
BRDA:2,2,0,0
BRDA:2,3,0,0
BRDA:2,4,0,0
BRDA:2,5,0,0
BRDA:2,6,0,1
BRDA:2,7,0,26
BRDA:2,8,0,1
BRDA:2,9,0,0
BRDA:2,10,0,2
BRDA:2,11,0,0
BRDA:2,12,0,4
BRDA:2,13,0,12
BRDA:2,14,0,1
BRDA:2,15,0,1
BRDA:2,16,0,1
BRDA:2,17,0,0
BRDA:2,18,0,0
BRDA:2,19,0,2
BRDA:2,20,0,0
BRDA:2,21,0,1
BRDA:2,22,0,0
BRDA:2,23,0,1
BRDA:2,24,0,1
BRDA:2,25,0,1
BRDA:2,26,0,0
BRDA:2,27,0,1
BRDA:2,28,0,1
BRDA:2,29,0,2
BRDA:2,30,0,0
BRDA:2,31,0,0
BRDA:2,32,0,0
BRDA:2,33,0,2
BRDA:2,34,0,0
BRDA:2,35,0,1
BRDA:2,36,0,0
BRDA:2,37,0,1
BRDA:2,38,0,0
BRDA:2,39,0,2
BRDA:2,40,0,0
BRDA:2,41,0,0
BRDA:2,42,0,0
BRDA:2,43,0,0
BRDA:2,44,0,0
BRDA:2,45,0,0
BRDA:2,46,0,0
BRDA:2,47,0,0
BRDA:2,48,0,0
BRDA:2,49,0,2
BRDA:2,50,0,0
BRDA:2,51,0,0
BRDA:2,52,0,0
BRDA:2,53,0,1
BRDA:2,54,0,0
BRDA:2,55,0,0
BRDA:2,56,0,2
BRDA:2,57,0,1
BRDA:2,58,0,1
BRDA:2,59,0,1
BRDA:19,60,0,1
BRDA:19,61,0,2
BRDA:19,62,0,1
BRDA:30,63,0,2
BRDA:31,64,0,2
BRDA:34,65,0,1
BRF:66
BRH:33
end_of_record
TN:
SF:src\services\slices\orderBurgerSlice.ts
FN:2,_regeneratorRuntime
FN:2,o
FN:2,define
FN:2,define
FN:2,wrap
FN:2,tryCatch
FN:2,Generator
FN:2,GeneratorFunction
FN:2,GeneratorFunctionPrototype
FN:2,defineIteratorMethods
FN:2,AsyncIterator
FN:2,makeInvokeMethod
FN:2,maybeInvokeDelegate
FN:2,pushTryEntry
FN:2,resetTryEntry
FN:2,Context
FN:2,values
FN:2,next
FN:2,e.isGeneratorFunction
FN:2,e.mark
FN:2,e.awrap
FN:2,e.async
FN:2,e.keys
FN:2,reset
FN:2,stop
FN:2,dispatchException
FN:2,abrupt
FN:2,complete
FN:2,finish
FN:2,_catch
FN:2,delegateYield
FN:2,asyncGeneratorStep
FN:2,_asyncToGenerator
FN:19,_callee
FN:26,cleanOrderData
FN:29,cleanConstructor
FN:34,selectOrderData
FN:35,selectIngredients
FN:36,selectOrderRequest
FN:38,extraReducers
FNF:40
FNH:8
FNDA:0,_regeneratorRuntime
FNDA:0,o
FNDA:26,define
FNDA:0,define
FNDA:0,wrap
FNDA:0,tryCatch
FNDA:0,Generator
FNDA:0,GeneratorFunction
FNDA:0,GeneratorFunctionPrototype
FNDA:4,defineIteratorMethods
FNDA:0,AsyncIterator
FNDA:0,makeInvokeMethod
FNDA:0,maybeInvokeDelegate
FNDA:0,pushTryEntry
FNDA:0,resetTryEntry
FNDA:0,Context
FNDA:2,values
FNDA:0,next
FNDA:0,e.isGeneratorFunction
FNDA:2,e.mark
FNDA:0,e.awrap
FNDA:0,e.async
FNDA:0,e.keys
FNDA:0,reset
FNDA:0,stop
FNDA:0,dispatchException
FNDA:0,abrupt
FNDA:0,complete
FNDA:0,finish
FNDA:0,_catch
FNDA:0,delegateYield
FNDA:0,asyncGeneratorStep
FNDA:2,_asyncToGenerator
FNDA:0,_callee
FNDA:1,cleanOrderData
FNDA:1,cleanConstructor
FNDA:0,selectOrderData
FNDA:0,selectIngredients
FNDA:0,selectOrderRequest
FNDA:2,extraReducers
DA:1,1
DA:2,0
DA:3,1
DA:4,1
DA:5,1
DA:6,1
DA:7,1
DA:8,1
DA:9,1
DA:10,1
DA:11,1
DA:12,1
DA:13,1
DA:14,1
DA:15,1
DA:16,1
DA:17,1
DA:18,1
DA:19,2
DA:20,1
DA:21,1
DA:22,1
DA:23,1
DA:24,1
DA:25,1
DA:26,1
DA:27,1
DA:28,1
DA:29,1
DA:30,1
DA:31,1
DA:32,1
DA:33,1
DA:34,1
DA:35,1
DA:36,1
DA:37,1
DA:38,1
DA:39,2
DA:40,2
DA:41,1
DA:42,2
DA:43,2
DA:44,0
DA:45,0
DA:46,0
DA:47,2
DA:48,2
DA:49,1
DA:50,1
DA:51,1
DA:52,1
DA:53,1
DA:54,1
LF:54
LH:50
BRDA:2,0,0,0
BRDA:2,1,0,0
BRDA:2,2,0,0
BRDA:2,3,0,0
BRDA:2,4,0,0
BRDA:2,5,0,0
BRDA:2,6,0,26
BRDA:2,7,0,4
BRDA:2,8,0,12
BRDA:2,9,0,2
BRDA:2,10,0,0
BRDA:2,11,0,0
BRDA:2,12,0,0
BRDA:2,13,0,2
BRDA:2,14,0,0
BRDA:2,15,0,2
BRDA:18,16,0,2
BRDA:26,17,0,1
BRDA:29,18,0,1
BRDA:38,19,0,2
BRDA:40,20,0,1
BRF:21
BRH:11
end_of_record
TN:
SF:src\services\slices\orderSlice.ts
FN:2,_regeneratorRuntime
FN:2,o
FN:2,define
FN:2,define
FN:2,wrap
FN:2,tryCatch
FN:2,Generator
FN:2,GeneratorFunction
FN:2,GeneratorFunctionPrototype
FN:2,defineIteratorMethods
FN:2,AsyncIterator
FN:2,makeInvokeMethod
FN:2,maybeInvokeDelegate
FN:2,pushTryEntry
FN:2,resetTryEntry
FN:2,Context
FN:2,values
FN:2,next
FN:2,e.isGeneratorFunction
FN:2,e.mark
FN:2,e.awrap
FN:2,e.async
FN:2,e.keys
FN:2,reset
FN:2,stop
FN:2,dispatchException
FN:2,abrupt
FN:2,complete
FN:2,finish
FN:2,_catch
FN:2,delegateYield
FN:2,asyncGeneratorStep
FN:2,_asyncToGenerator
FN:17,_callee
FN:25,selectOrder
FN:26,selectIsLoading
FN:28,extraReducers
FNF:37
FNH:8
FNDA:0,_regeneratorRuntime
FNDA:0,o
FNDA:26,define
FNDA:0,define
FNDA:0,wrap
FNDA:0,tryCatch
FNDA:0,Generator
FNDA:0,GeneratorFunction
FNDA:0,GeneratorFunctionPrototype
FNDA:4,defineIteratorMethods
FNDA:0,AsyncIterator
FNDA:0,makeInvokeMethod
FNDA:0,maybeInvokeDelegate
FNDA:0,pushTryEntry
FNDA:0,resetTryEntry
FNDA:0,Context
FNDA:2,values
FNDA:0,next
FNDA:0,e.isGeneratorFunction
FNDA:2,e.mark
FNDA:0,e.awrap
FNDA:0,e.async
FNDA:0,e.keys
FNDA:0,reset
FNDA:0,stop
FNDA:0,dispatchException
FNDA:0,abrupt
FNDA:0,complete
FNDA:0,finish
FNDA:0,_catch
FNDA:0,delegateYield
FNDA:0,asyncGeneratorStep
FNDA:2,_asyncToGenerator
FNDA:0,_callee
FNDA:1,selectOrder
FNDA:1,selectIsLoading
FNDA:2,extraReducers
DA:1,1
DA:2,0
DA:3,1
DA:4,1
DA:5,1
DA:6,1
DA:7,1
DA:8,1
DA:9,1
DA:10,1
DA:11,1
DA:12,1
DA:13,1
DA:14,1
DA:15,1
DA:16,1
DA:17,2
DA:18,1
DA:19,1
DA:20,1
DA:21,1
DA:22,1
DA:23,1
DA:24,1
DA:25,1
DA:26,1
DA:27,1
DA:28,1
DA:29,2
DA:30,2
DA:31,2
DA:32,2
DA:33,2
DA:34,2
DA:35,2
DA:36,2
DA:37,2
DA:38,1
DA:39,1
DA:40,1
DA:41,1
LF:41
LH:40
BRDA:2,0,0,0
BRDA:2,1,0,0
BRDA:2,2,0,0
BRDA:2,3,0,0
BRDA:2,4,0,0
BRDA:2,5,0,0
BRDA:2,6,0,26
BRDA:2,7,0,4
BRDA:2,8,0,12
BRDA:2,9,0,2
BRDA:2,10,0,0
BRDA:2,11,0,0
BRDA:2,12,0,0
BRDA:2,13,0,2
BRDA:2,14,0,0
BRDA:2,15,0,2
BRDA:16,16,0,2
BRDA:25,17,0,1
BRDA:26,18,0,1
BRDA:28,19,0,2
BRDA:30,20,0,2
BRDA:33,21,0,2
BRF:22
BRH:12
end_of_record
TN:
SF:src\services\slices\userOrdersSlice.ts
FN:2,_regeneratorRuntime
FN:2,o
FN:2,define
FN:2,define
FN:2,wrap
FN:2,tryCatch
FN:2,Generator
FN:2,GeneratorFunction
FN:2,GeneratorFunctionPrototype
FN:2,defineIteratorMethods
FN:2,AsyncIterator
FN:2,makeInvokeMethod
FN:2,maybeInvokeDelegate
FN:2,pushTryEntry
FN:2,resetTryEntry
FN:2,Context
FN:2,values
FN:2,next
FN:2,e.isGeneratorFunction
FN:2,e.mark
FN:2,e.awrap
FN:2,e.async
FN:2,e.keys
FN:2,reset
FN:2,stop
FN:2,dispatchException
FN:2,abrupt
FN:2,complete
FN:2,finish
FN:2,_catch
FN:2,delegateYield
FN:2,asyncGeneratorStep
FN:2,_asyncToGenerator
FN:2,_next
FN:2,_throw
FN:13,_callee
FN:13,_callee$
FN:22,selectUserOrders
FN:24,extraReducers
FNF:39
FNH:20
FNDA:1,_regeneratorRuntime
FNDA:0,o
FNDA:26,define
FNDA:0,define
FNDA:1,wrap
FNDA:2,tryCatch
FNDA:0,Generator
FNDA:0,GeneratorFunction
FNDA:0,GeneratorFunctionPrototype
FNDA:4,defineIteratorMethods
FNDA:0,AsyncIterator
FNDA:1,makeInvokeMethod
FNDA:0,maybeInvokeDelegate
FNDA:0,pushTryEntry
FNDA:1,resetTryEntry
FNDA:1,Context
FNDA:2,values
FNDA:0,next
FNDA:0,e.isGeneratorFunction
FNDA:2,e.mark
FNDA:0,e.awrap
FNDA:0,e.async
FNDA:0,e.keys
FNDA:1,reset
FNDA:1,stop
FNDA:0,dispatchException
FNDA:2,abrupt
FNDA:2,complete
FNDA:0,finish
FNDA:0,_catch
FNDA:0,delegateYield
FNDA:1,asyncGeneratorStep
FNDA:2,_asyncToGenerator
FNDA:1,_next
FNDA:0,_throw
FNDA:1,_callee
FNDA:2,_callee$
FNDA:0,selectUserOrders
FNDA:2,extraReducers
DA:1,1
DA:2,0
DA:3,1
DA:4,1
DA:5,1
DA:6,1
DA:7,1
DA:8,1
DA:9,1
DA:10,1
DA:11,1
DA:12,1
DA:13,1
DA:14,1
DA:15,1
DA:16,1
DA:17,1
DA:18,1
DA:19,1
DA:20,1
DA:21,1
DA:22,1
DA:23,1
DA:24,1
DA:25,2
DA:26,1
DA:27,2
DA:28,2
DA:29,1
DA:30,1
DA:31,1
DA:32,1
LF:32
LH:31
BRDA:2,0,0,0
BRDA:2,1,0,0
BRDA:2,2,0,0
BRDA:2,3,0,0
BRDA:2,4,0,0
BRDA:2,5,0,0
BRDA:2,6,0,1
BRDA:2,7,0,26
BRDA:2,8,0,1
BRDA:2,9,0,0
BRDA:2,10,0,2
BRDA:2,11,0,0
BRDA:2,12,0,4
BRDA:2,13,0,12
BRDA:2,14,0,1
BRDA:2,15,0,1
BRDA:2,16,0,1
BRDA:2,17,0,0
BRDA:2,18,0,0
BRDA:2,19,0,2
BRDA:2,20,0,0
BRDA:2,21,0,1
BRDA:2,22,0,0
BRDA:2,23,0,1
BRDA:2,24,0,1
BRDA:2,25,0,1
BRDA:2,26,0,0
BRDA:2,27,0,1
BRDA:2,28,0,1
BRDA:2,29,0,2
BRDA:2,30,0,0
BRDA:2,31,0,0
BRDA:2,32,0,0
BRDA:2,33,0,2
BRDA:2,34,0,0
BRDA:2,35,0,1
BRDA:2,36,0,0
BRDA:2,37,0,1
BRDA:2,38,0,0
BRDA:2,39,0,2
BRDA:2,40,0,0
BRDA:2,41,0,0
BRDA:2,42,0,0
BRDA:2,43,0,0
BRDA:2,44,0,0
BRDA:2,45,0,0
BRDA:2,46,0,0
BRDA:2,47,0,0
BRDA:2,48,0,0
BRDA:2,49,0,2
BRDA:2,50,0,0
BRDA:2,51,0,0
BRDA:2,52,0,0
BRDA:2,53,0,1
BRDA:2,54,0,0
BRDA:2,55,0,0
BRDA:2,56,0,2
BRDA:2,57,0,1
BRDA:2,58,0,1
BRDA:2,59,0,1
BRDA:13,60,0,1
BRDA:13,61,0,2
BRDA:13,62,0,1
BRDA:24,63,0,2
BRDA:25,64,0,1
BRF:65
BRH:32
end_of_record
TN:
SF:src\services\slices\userSlice.ts
FN:2,asyncGeneratorStep
FN:2,_asyncToGenerator
FN:35,_callee
FN:41,_callee2
FN:54,_callee3
FN:68,_callee4
FN:74,_callee5
FN:79,_callee6
FN:93,authCheck
FN:96,clearErrors
FN:102,selectUserAuthenticated
FN:103,selectUserData
FN:104,selectIsAuthChecked
FN:105,selectLoginError
FN:106,selectRegisterError
FN:108,extraReducers
FNF:16
FNH:4
FNDA:0,asyncGeneratorStep
FNDA:12,_asyncToGenerator
FNDA:0,_callee
FNDA:0,_callee2
FNDA:0,_callee3
FNDA:0,_callee4
FNDA:0,_callee5
FNDA:0,_callee6
FNDA:1,authCheck
FNDA:1,clearErrors
FNDA:0,selectUserAuthenticated
FNDA:0,selectUserData
FNDA:0,selectIsAuthChecked
FNDA:0,selectLoginError
FNDA:0,selectRegisterError
FNDA:2,extraReducers
DA:1,1
DA:2,0
DA:3,1
DA:4,1
DA:5,1
DA:6,1
DA:7,1
DA:8,1
DA:9,1
DA:10,1
DA:11,1
DA:12,1
DA:13,1
DA:14,1
DA:15,1
DA:16,1
DA:17,1
DA:18,1
DA:19,1
DA:20,1
DA:21,1
DA:22,1
DA:23,1
DA:24,1
DA:25,1
DA:26,1
DA:27,1
DA:28,1
DA:29,1
DA:30,1
DA:31,1
DA:32,1
DA:33,1
DA:34,1
DA:35,1
DA:36,0
DA:37,1
DA:38,1
DA:39,1
DA:40,1
DA:41,2
DA:42,0
DA:43,0
DA:44,0
DA:45,0
DA:46,0
DA:47,0
DA:48,0
DA:49,2
DA:50,1
DA:51,1
DA:52,1
DA:53,1
DA:54,2
DA:55,0
DA:56,0
DA:57,0
DA:58,0
DA:59,0
DA:60,0
DA:61,0
DA:62,2
DA:63,2
DA:64,1
DA:65,1
DA:66,1
DA:67,1
DA:68,2
DA:69,0
DA:70,1
DA:71,1
DA:72,1
DA:73,1
DA:74,1
DA:75,1
DA:76,1
DA:77,1
DA:78,1
DA:79,2
DA:80,0
DA:81,0
DA:82,0
DA:83,0
DA:84,0
DA:85,2
DA:86,2
DA:87,1
DA:88,1
DA:89,1
DA:90,1
DA:91,1
DA:92,1
DA:93,1
DA:94,1
DA:95,1
DA:96,1
DA:97,1
DA:98,1
DA:99,1
DA:100,1
DA:101,1
DA:102,1
DA:103,1
DA:104,1
DA:105,1
DA:106,1
DA:107,1
DA:108,1
DA:109,2
DA:110,2
DA:111,1
DA:112,1
DA:113,1
DA:114,2
DA:115,2
DA:116,1
DA:117,1
DA:118,1
DA:119,2
DA:120,2
DA:121,0
DA:122,0
DA:123,0
DA:124,0
DA:125,0
DA:126,0
DA:127,2
DA:128,2
DA:129,1
DA:130,2
DA:131,2
DA:132,1
DA:133,1
DA:134,2
DA:135,2
DA:136,1
DA:137,1
DA:138,1
DA:139,2
DA:140,2
DA:141,1
DA:142,1
DA:143,1
DA:144,1
DA:145,1
DA:146,2
DA:147,2
DA:148,1
DA:149,1
DA:150,1
DA:151,1
DA:152,1
DA:153,2
DA:154,2
DA:155,1
DA:156,2
DA:157,2
DA:158,1
DA:159,1
DA:160,2
DA:161,2
DA:162,1
DA:163,1
DA:164,1
DA:165,1
DA:166,1
DA:167,1
DA:168,1
DA:169,1
DA:170,1
DA:171,1
DA:172,1
LF:172
LH:144
BRDA:2,0,0,12
BRDA:40,1,0,2
BRDA:53,2,0,2
BRDA:67,3,0,2
BRDA:78,4,0,2
BRDA:93,5,0,1
BRDA:96,6,0,1
BRDA:108,7,0,2
BRDA:110,8,0,1
BRDA:115,9,0,1
BRDA:128,10,0,1
BRDA:131,11,0,1
BRDA:135,12,0,1
BRDA:140,13,0,1
BRDA:147,14,0,1
BRDA:154,15,0,1
BRDA:157,16,0,1
BRF:17
BRH:17
end_of_record
TN:
SF:src\utils\burger-api.ts
FN:2,_regeneratorRuntime
FN:2,_regeneratorRuntime
FN:2,o
FN:2,define
FN:2,define
FN:2,wrap
FN:2,tryCatch
FN:2,Generator
FN:2,GeneratorFunction
FN:2,GeneratorFunctionPrototype
FN:2,defineIteratorMethods
FN:2,AsyncIterator
FN:2,makeInvokeMethod
FN:2,maybeInvokeDelegate
FN:2,pushTryEntry
FN:2,resetTryEntry
FN:2,Context
FN:2,values
FN:2,next
FN:2,e.isGeneratorFunction
FN:2,e.mark
FN:2,e.awrap
FN:2,e.async
FN:2,e.keys
FN:2,reset
FN:2,stop
FN:2,dispatchException
FN:2,abrupt
FN:2,complete
FN:2,finish
FN:2,_catch
FN:2,delegateYield
FN:2,asyncGeneratorStep
FN:2,_asyncToGenerator
FN:6,checkResponse
FN:18,refreshToken
FN:38,_callee
FN:74,getIngredientsApi
FN:82,getFeedsApi
FN:90,getOrdersApi
FN:107,orderBurgerApi
FN:126,getOrderByNumberApi
FN:146,registerUserApi
FN:165,loginUserApi
FN:179,forgotPasswordApi
FN:193,resetPasswordApi
FN:209,getUserApi
FN:216,updateUserApi
FN:226,logoutApi
FNF:49
FNH:6
FNDA:7,_regeneratorRuntime
FNDA:0,_regeneratorRuntime
FNDA:0,o
FNDA:91,define
FNDA:0,define
FNDA:0,wrap
FNDA:0,tryCatch
FNDA:0,Generator
FNDA:0,GeneratorFunction
FNDA:0,GeneratorFunctionPrototype
FNDA:14,defineIteratorMethods
FNDA:0,AsyncIterator
FNDA:0,makeInvokeMethod
FNDA:0,maybeInvokeDelegate
FNDA:0,pushTryEntry
FNDA:0,resetTryEntry
FNDA:0,Context
FNDA:7,values
FNDA:0,next
FNDA:0,e.isGeneratorFunction
FNDA:7,e.mark
FNDA:0,e.awrap
FNDA:0,e.async
FNDA:0,e.keys
FNDA:0,reset
FNDA:0,stop
FNDA:0,dispatchException
FNDA:0,abrupt
FNDA:0,complete
FNDA:0,finish
FNDA:0,_catch
FNDA:0,delegateYield
FNDA:0,asyncGeneratorStep
FNDA:7,_asyncToGenerator
FNDA:0,checkResponse
FNDA:0,refreshToken
FNDA:0,_callee
FNDA:0,getIngredientsApi
FNDA:0,getFeedsApi
FNDA:0,getOrdersApi
FNDA:0,orderBurgerApi
FNDA:0,getOrderByNumberApi
FNDA:0,registerUserApi
FNDA:0,loginUserApi
FNDA:0,forgotPasswordApi
FNDA:0,resetPasswordApi
FNDA:0,getUserApi
FNDA:0,updateUserApi
FNDA:0,logoutApi
DA:1,1
DA:2,0
DA:3,1
DA:4,1
DA:5,1
DA:6,1
DA:7,0
DA:8,1
DA:9,1
DA:10,1
DA:11,1
DA:12,1
DA:13,1
DA:14,1
DA:15,1
DA:16,1
DA:17,1
DA:18,1
DA:19,0
DA:20,0
DA:21,0
DA:22,0
DA:23,0
DA:24,0
DA:25,0
DA:26,0
DA:27,0
DA:28,0
DA:29,0
DA:30,0
DA:31,0
DA:32,0
DA:33,0
DA:34,0
DA:35,0
DA:36,0
DA:37,1
DA:38,1
DA:39,0
DA:40,0
DA:41,0
DA:42,0
DA:43,0
DA:44,0
DA:45,0
DA:46,0
DA:47,0
DA:48,0
DA:49,0
DA:50,0
DA:51,0
DA:52,0
DA:53,0
DA:54,0
DA:55,0
DA:56,1
DA:57,1
DA:58,1
DA:59,1
DA:60,1
DA:61,1
DA:62,1
DA:63,1
DA:64,1
DA:65,1
DA:66,1
DA:67,1
DA:68,1
DA:69,1
DA:70,1
DA:71,1
DA:72,1
DA:73,1
DA:74,1
DA:75,0
DA:76,0
DA:77,0
DA:78,0
DA:79,0
DA:80,0
DA:81,1
DA:82,1
DA:83,0
DA:84,0
DA:85,0
DA:86,0
DA:87,0
DA:88,0
DA:89,1
DA:90,1
DA:91,0
DA:92,0
DA:93,0
DA:94,0
DA:95,0
DA:96,0
DA:97,0
DA:98,0
DA:99,0
DA:100,0
DA:101,1
DA:102,1
DA:103,1
DA:104,1
DA:105,1
DA:106,1
DA:107,1
DA:108,0
DA:109,0
DA:110,0
DA:111,0
DA:112,0
DA:113,0
DA:114,0
DA:115,0
DA:116,0
DA:117,0
DA:118,0
DA:119,0
DA:120,0
DA:121,1
DA:122,1
DA:123,1
DA:124,1
DA:125,1
DA:126,1
DA:127,0
DA:128,0
DA:129,0
DA:130,0
DA:131,0
DA:132,0
DA:133,1
DA:134,1
DA:135,1
DA:136,1
DA:137,1
DA:138,1
DA:139,1
DA:140,1
DA:141,1
DA:142,1
DA:143,1
DA:144,1
DA:145,1
DA:146,1
DA:147,0
DA:148,0
DA:149,0
DA:150,0
DA:151,0
DA:152,0
DA:153,0
DA:154,0
DA:155,0
DA:156,0
DA:157,0
DA:158,0
DA:159,1
DA:160,1
DA:161,1
DA:162,1
DA:163,1
DA:164,1
DA:165,1
DA:166,0
DA:167,0
DA:168,0
DA:169,0
DA:170,0
DA:171,0
DA:172,0
DA:173,0
DA:174,0
DA:175,0
DA:176,0
DA:177,0
DA:178,1
DA:179,1
DA:180,0
DA:181,0
DA:182,0
DA:183,0
DA:184,0
DA:185,0
DA:186,0
DA:187,0
DA:188,0
DA:189,0
DA:190,0
DA:191,0
DA:192,1
DA:193,1
DA:194,0
DA:195,0
DA:196,0
DA:197,0
DA:198,0
DA:199,0
DA:200,0
DA:201,0
DA:202,0
DA:203,0
DA:204,0
DA:205,0
DA:206,1
DA:207,1
DA:208,1
DA:209,1
DA:210,0
DA:211,0
DA:212,0
DA:213,0
DA:214,0
DA:215,1
DA:216,1
DA:217,0
DA:218,0
DA:219,0
DA:220,0
DA:221,0
DA:222,0
DA:223,0
DA:224,0
DA:225,1
DA:226,1
DA:227,0
DA:228,0
DA:229,0
DA:230,0
DA:231,0
DA:232,0
DA:233,0
DA:234,0
DA:235,0
LF:235
LH:87
BRDA:2,0,0,7
BRDA:2,1,0,0
BRDA:2,2,0,0
BRDA:2,3,0,0
BRDA:2,4,0,0
BRDA:2,5,0,0
BRDA:2,6,0,0
BRDA:2,7,0,91
BRDA:2,8,0,14
BRDA:2,9,0,42
BRDA:2,10,0,7
BRDA:2,11,0,0
BRDA:2,12,0,0
BRDA:2,13,0,0
BRDA:2,14,0,7
BRDA:2,15,0,0
BRDA:2,16,0,7
BRDA:38,17,0,7
BRF:18
BRH:8
end_of_record
TN:
SF:src\utils\cookie.ts
FN:1,getCookie
FN:13,setCookie
FN:45,deleteCookie
FNF:3
FNH:2
FNDA:0,getCookie
FNDA:1,setCookie
FNDA:1,deleteCookie
DA:1,1
DA:2,0
DA:3,0
DA:4,0
DA:5,0
DA:6,0
DA:7,0
DA:8,0
DA:9,0
DA:10,0
DA:11,0
DA:12,1
DA:13,1
DA:14,1
DA:15,1
DA:16,1
DA:17,1
DA:18,1
DA:19,1
DA:20,1
DA:21,1
DA:22,1
DA:23,1
DA:24,1
DA:25,1
DA:26,1
DA:27,1
DA:28,1
DA:29,1
DA:30,1
DA:31,1
DA:32,1
DA:33,1
DA:34,1
DA:35,1
DA:36,2
DA:37,2
DA:38,2
DA:39,2
DA:40,2
DA:41,2
DA:42,1
DA:43,1
DA:44,1
DA:45,1
DA:46,1
DA:47,1
LF:47
LH:37
BRDA:13,0,0,1
BRDA:16,1,0,0
BRDA:35,2,0,2
BRDA:45,3,0,1
BRF:4
BRH:3
end_of_record
