TN:
SF:src\services\store.ts
FN:36,useDispatch
FNF:1
FNH:0
FNDA:0,useDispatch
DA:1,1
DA:2,1
DA:3,1
DA:4,1
DA:5,1
DA:6,1
DA:7,1
DA:8,1
DA:9,1
DA:10,1
DA:11,1
DA:12,1
DA:13,1
DA:14,1
DA:15,1
DA:16,1
DA:17,1
DA:18,1
DA:19,1
DA:20,1
DA:21,1
DA:22,1
DA:23,1
DA:24,1
DA:25,1
DA:26,1
DA:27,1
DA:28,1
DA:29,1
DA:30,1
DA:31,1
DA:32,1
DA:33,1
DA:34,1
DA:35,1
DA:36,1
DA:37,1
DA:38,1
DA:39,1
LF:39
LH:39
BRF:0
BRH:0
end_of_record
TN:
SF:src\services\slices\constructorIngredientsSlice.ts
FN:26,reducer
FN:34,prepare
FN:39,removeIngredient
FN:44,moveUpIngredient
FN:62,moveDownIngredient
FN:80,clearConstructor
FN:87,selectAddedIngredients
FN:88,selectAddedBunId
FN:89,selectAddedBunDetails
FNF:9
FNH:0
FNDA:0,reducer
FNDA:0,prepare
FNDA:0,removeIngredient
FNDA:0,moveUpIngredient
FNDA:0,moveDownIngredient
FNDA:0,clearConstructor
FNDA:0,selectAddedIngredients
FNDA:0,selectAddedBunId
FNDA:0,selectAddedBunDetails
DA:1,1
DA:2,1
DA:3,1
DA:4,1
DA:5,1
DA:6,1
DA:7,1
DA:8,1
DA:9,1
DA:10,1
DA:11,1
DA:12,1
DA:13,1
DA:14,1
DA:15,1
DA:16,1
DA:17,1
DA:18,1
DA:19,1
DA:20,1
DA:21,1
DA:22,1
DA:23,1
DA:24,1
DA:25,1
DA:26,1
DA:27,0
DA:28,0
DA:29,0
DA:30,0
DA:31,0
DA:32,0
DA:33,1
DA:34,1
DA:35,0
DA:36,0
DA:37,0
DA:38,1
DA:39,1
DA:40,0
DA:41,0
DA:42,0
DA:43,1
DA:44,1
DA:45,0
DA:46,0
DA:47,0
DA:48,0
DA:49,0
DA:50,0
DA:51,0
DA:52,0
DA:53,0
DA:54,0
DA:55,0
DA:56,0
DA:57,0
DA:58,0
DA:59,0
DA:60,0
DA:61,1
DA:62,1
DA:63,0
DA:64,0
DA:65,0
DA:66,0
DA:67,0
DA:68,0
DA:69,0
DA:70,0
DA:71,0
DA:72,0
DA:73,0
DA:74,0
DA:75,0
DA:76,0
DA:77,0
DA:78,0
DA:79,1
DA:80,1
DA:81,0
DA:82,0
DA:83,0
DA:84,0
DA:85,1
DA:86,1
DA:87,1
DA:88,1
DA:89,1
DA:90,1
DA:91,1
DA:92,1
DA:93,1
DA:94,1
DA:95,1
DA:96,1
DA:97,1
DA:98,1
DA:99,1
DA:100,1
DA:101,1
DA:102,1
DA:103,1
DA:104,1
DA:105,1
DA:106,1
DA:107,1
LF:107
LH:59
BRF:0
BRH:0
end_of_record
TN:
SF:src\services\slices\feedSlice.ts
FN:2,asyncGeneratorStep
FN:2,_asyncToGenerator
FN:19,_callee
FN:30,clearFeed
FN:33,selectFeed
FN:34,selectTotal
FN:35,selectTotalToday
FN:36,selectData
FN:38,extraReducers
FNF:9
FNH:2
FNDA:0,asyncGeneratorStep
FNDA:1,_asyncToGenerator
FNDA:0,_callee
FNDA:0,clearFeed
FNDA:0,selectFeed
FNDA:0,selectTotal
FNDA:0,selectTotalToday
FNDA:0,selectData
FNDA:1,extraReducers
DA:1,1
DA:2,0
DA:3,1
DA:4,1
DA:5,1
DA:6,1
DA:7,1
DA:8,1
DA:9,1
DA:10,1
DA:11,1
DA:12,1
DA:13,1
DA:14,1
DA:15,1
DA:16,1
DA:17,1
DA:18,1
DA:19,1
DA:20,0
DA:21,0
DA:22,0
DA:23,1
DA:24,1
DA:25,1
DA:26,1
DA:27,1
DA:28,1
DA:29,1
DA:30,1
DA:31,1
DA:32,1
DA:33,1
DA:34,1
DA:35,1
DA:36,1
DA:37,1
DA:38,1
DA:39,1
DA:40,0
DA:41,0
DA:42,0
DA:43,1
DA:44,1
DA:45,1
DA:46,1
DA:47,1
DA:48,1
DA:49,1
DA:50,1
LF:50
LH:43
BRDA:2,0,0,1
BRDA:18,1,0,1
BRDA:38,2,0,1
BRF:3
BRH:3
end_of_record
TN:
SF:src\services\slices\ingredientsSlice.ts
FN:2,_regeneratorRuntime
FN:2,o
FN:2,define
FN:2,define
FN:2,wrap
FN:2,tryCatch
FN:2,Generator
FN:2,GeneratorFunction
FN:2,GeneratorFunctionPrototype
FN:2,defineIteratorMethods
FN:2,AsyncIterator
FN:2,makeInvokeMethod
FN:2,maybeInvokeDelegate
FN:2,pushTryEntry
FN:2,resetTryEntry
FN:2,Context
FN:2,values
FN:2,next
FN:2,e.isGeneratorFunction
FN:2,e.mark
FN:2,e.awrap
FN:2,e.async
FN:2,e.keys
FN:2,reset
FN:2,stop
FN:2,dispatchException
FN:2,abrupt
FN:2,complete
FN:2,finish
FN:2,_catch
FN:2,delegateYield
FN:2,asyncGeneratorStep
FN:2,_asyncToGenerator
FN:19,_callee
FN:27,selectIngredients
FN:28,selectIngredientsLoading
FN:30,extraReducers
FN:47,getIngredients
FNF:38
FNH:6
FNDA:0,_regeneratorRuntime
FNDA:0,o
FNDA:13,define
FNDA:0,define
FNDA:0,wrap
FNDA:0,tryCatch
FNDA:0,Generator
FNDA:0,GeneratorFunction
FNDA:0,GeneratorFunctionPrototype
FNDA:2,defineIteratorMethods
FNDA:0,AsyncIterator
FNDA:0,makeInvokeMethod
FNDA:0,maybeInvokeDelegate
FNDA:0,pushTryEntry
FNDA:0,resetTryEntry
FNDA:0,Context
FNDA:1,values
FNDA:0,next
FNDA:0,e.isGeneratorFunction
FNDA:1,e.mark
FNDA:0,e.awrap
FNDA:0,e.async
FNDA:0,e.keys
FNDA:0,reset
FNDA:0,stop
FNDA:0,dispatchException
FNDA:0,abrupt
FNDA:0,complete
FNDA:0,finish
FNDA:0,_catch
FNDA:0,delegateYield
FNDA:0,asyncGeneratorStep
FNDA:1,_asyncToGenerator
FNDA:0,_callee
FNDA:0,selectIngredients
FNDA:0,selectIngredientsLoading
FNDA:1,extraReducers
FNDA:0,getIngredients
DA:1,1
DA:2,1
DA:3,1
DA:4,1
DA:5,1
DA:6,1
DA:7,1
DA:8,1
DA:9,1
DA:10,1
DA:11,1
DA:12,1
DA:13,1
DA:14,1
DA:15,1
DA:16,1
DA:17,1
DA:18,1
DA:19,1
DA:20,1
DA:21,1
DA:22,1
DA:23,1
DA:24,1
DA:25,1
DA:26,1
DA:27,1
DA:28,1
DA:29,1
DA:30,1
DA:31,1
DA:32,0
DA:33,1
DA:34,1
DA:35,0
DA:36,0
DA:37,1
DA:38,1
DA:39,1
DA:40,1
DA:41,1
DA:42,1
DA:43,1
DA:44,1
DA:45,1
DA:46,1
DA:47,1
LF:47
LH:44
BRDA:2,0,0,0
BRDA:2,1,0,0
BRDA:2,2,0,0
BRDA:2,3,0,0
BRDA:2,4,0,0
BRDA:2,5,0,0
BRDA:2,6,0,13
BRDA:2,7,0,2
BRDA:2,8,0,6
BRDA:2,9,0,1
BRDA:2,10,0,0
BRDA:2,11,0,0
BRDA:2,12,0,0
BRDA:2,13,0,1
BRDA:2,14,0,0
BRDA:2,15,0,1
BRDA:30,16,0,1
BRF:17
BRH:7
end_of_record
TN:
SF:src\services\slices\orderBurgerSlice.ts
FN:2,_regeneratorRuntime
FN:2,o
FN:2,define
FN:2,define
FN:2,wrap
FN:2,tryCatch
FN:2,Generator
FN:2,GeneratorFunction
FN:2,GeneratorFunctionPrototype
FN:2,defineIteratorMethods
FN:2,AsyncIterator
FN:2,makeInvokeMethod
FN:2,maybeInvokeDelegate
FN:2,pushTryEntry
FN:2,resetTryEntry
FN:2,Context
FN:2,values
FN:2,next
FN:2,e.isGeneratorFunction
FN:2,e.mark
FN:2,e.awrap
FN:2,e.async
FN:2,e.keys
FN:2,reset
FN:2,stop
FN:2,dispatchException
FN:2,abrupt
FN:2,complete
FN:2,finish
FN:2,_catch
FN:2,delegateYield
FN:2,asyncGeneratorStep
FN:2,_asyncToGenerator
FN:19,_callee
FN:26,cleanOrderData
FN:29,cleanConstructor
FN:34,selectOrderData
FN:35,selectIngredients
FN:36,selectOrderRequest
FN:38,extraReducers
FNF:40
FNH:6
FNDA:0,_regeneratorRuntime
FNDA:0,o
FNDA:13,define
FNDA:0,define
FNDA:0,wrap
FNDA:0,tryCatch
FNDA:0,Generator
FNDA:0,GeneratorFunction
FNDA:0,GeneratorFunctionPrototype
FNDA:2,defineIteratorMethods
FNDA:0,AsyncIterator
FNDA:0,makeInvokeMethod
FNDA:0,maybeInvokeDelegate
FNDA:0,pushTryEntry
FNDA:0,resetTryEntry
FNDA:0,Context
FNDA:1,values
FNDA:0,next
FNDA:0,e.isGeneratorFunction
FNDA:1,e.mark
FNDA:0,e.awrap
FNDA:0,e.async
FNDA:0,e.keys
FNDA:0,reset
FNDA:0,stop
FNDA:0,dispatchException
FNDA:0,abrupt
FNDA:0,complete
FNDA:0,finish
FNDA:0,_catch
FNDA:0,delegateYield
FNDA:0,asyncGeneratorStep
FNDA:1,_asyncToGenerator
FNDA:0,_callee
FNDA:0,cleanOrderData
FNDA:0,cleanConstructor
FNDA:0,selectOrderData
FNDA:0,selectIngredients
FNDA:0,selectOrderRequest
FNDA:1,extraReducers
DA:1,1
DA:2,0
DA:3,1
DA:4,1
DA:5,1
DA:6,1
DA:7,1
DA:8,1
DA:9,1
DA:10,1
DA:11,1
DA:12,1
DA:13,1
DA:14,1
DA:15,1
DA:16,1
DA:17,1
DA:18,1
DA:19,1
DA:20,1
DA:21,1
DA:22,1
DA:23,1
DA:24,1
DA:25,1
DA:26,1
DA:27,0
DA:28,1
DA:29,1
DA:30,0
DA:31,0
DA:32,1
DA:33,1
DA:34,1
DA:35,1
DA:36,1
DA:37,1
DA:38,1
DA:39,1
DA:40,1
DA:41,0
DA:42,1
DA:43,1
DA:44,0
DA:45,0
DA:46,0
DA:47,1
DA:48,1
DA:49,1
DA:50,1
DA:51,1
DA:52,1
DA:53,1
DA:54,1
LF:54
LH:46
BRDA:2,0,0,0
BRDA:2,1,0,0
BRDA:2,2,0,0
BRDA:2,3,0,0
BRDA:2,4,0,0
BRDA:2,5,0,0
BRDA:2,6,0,13
BRDA:2,7,0,2
BRDA:2,8,0,6
BRDA:2,9,0,1
BRDA:2,10,0,0
BRDA:2,11,0,0
BRDA:2,12,0,0
BRDA:2,13,0,1
BRDA:2,14,0,0
BRDA:2,15,0,1
BRDA:18,16,0,1
BRDA:38,17,0,1
BRF:18
BRH:8
end_of_record
TN:
SF:src\services\slices\orderSlice.ts
FN:2,_regeneratorRuntime
FN:2,o
FN:2,define
FN:2,define
FN:2,wrap
FN:2,tryCatch
FN:2,Generator
FN:2,GeneratorFunction
FN:2,GeneratorFunctionPrototype
FN:2,defineIteratorMethods
FN:2,AsyncIterator
FN:2,makeInvokeMethod
FN:2,maybeInvokeDelegate
FN:2,pushTryEntry
FN:2,resetTryEntry
FN:2,Context
FN:2,values
FN:2,next
FN:2,e.isGeneratorFunction
FN:2,e.mark
FN:2,e.awrap
FN:2,e.async
FN:2,e.keys
FN:2,reset
FN:2,stop
FN:2,dispatchException
FN:2,abrupt
FN:2,complete
FN:2,finish
FN:2,_catch
FN:2,delegateYield
FN:2,asyncGeneratorStep
FN:2,_asyncToGenerator
FN:17,_callee
FN:25,selectOrder
FN:26,selectIsLoading
FN:28,extraReducers
FNF:37
FNH:6
FNDA:0,_regeneratorRuntime
FNDA:0,o
FNDA:13,define
FNDA:0,define
FNDA:0,wrap
FNDA:0,tryCatch
FNDA:0,Generator
FNDA:0,GeneratorFunction
FNDA:0,GeneratorFunctionPrototype
FNDA:2,defineIteratorMethods
FNDA:0,AsyncIterator
FNDA:0,makeInvokeMethod
FNDA:0,maybeInvokeDelegate
FNDA:0,pushTryEntry
FNDA:0,resetTryEntry
FNDA:0,Context
FNDA:1,values
FNDA:0,next
FNDA:0,e.isGeneratorFunction
FNDA:1,e.mark
FNDA:0,e.awrap
FNDA:0,e.async
FNDA:0,e.keys
FNDA:0,reset
FNDA:0,stop
FNDA:0,dispatchException
FNDA:0,abrupt
FNDA:0,complete
FNDA:0,finish
FNDA:0,_catch
FNDA:0,delegateYield
FNDA:0,asyncGeneratorStep
FNDA:1,_asyncToGenerator
FNDA:0,_callee
FNDA:0,selectOrder
FNDA:0,selectIsLoading
FNDA:1,extraReducers
DA:1,1
DA:2,0
DA:3,1
DA:4,1
DA:5,1
DA:6,1
DA:7,1
DA:8,1
DA:9,1
DA:10,1
DA:11,1
DA:12,1
DA:13,1
DA:14,1
DA:15,1
DA:16,1
DA:17,1
DA:18,1
DA:19,1
DA:20,1
DA:21,1
DA:22,1
DA:23,1
DA:24,1
DA:25,1
DA:26,1
DA:27,1
DA:28,1
DA:29,1
DA:30,1
DA:31,0
DA:32,1
DA:33,1
DA:34,0
DA:35,0
DA:36,1
DA:37,1
DA:38,1
DA:39,1
DA:40,1
DA:41,1
LF:41
LH:37
BRDA:2,0,0,0
BRDA:2,1,0,0
BRDA:2,2,0,0
BRDA:2,3,0,0
BRDA:2,4,0,0
BRDA:2,5,0,0
BRDA:2,6,0,13
BRDA:2,7,0,2
BRDA:2,8,0,6
BRDA:2,9,0,1
BRDA:2,10,0,0
BRDA:2,11,0,0
BRDA:2,12,0,0
BRDA:2,13,0,1
BRDA:2,14,0,0
BRDA:2,15,0,1
BRDA:16,16,0,1
BRDA:28,17,0,1
BRF:18
BRH:8
end_of_record
TN:
SF:src\services\slices\userOrdersSlice.ts
FN:2,_regeneratorRuntime
FN:2,o
FN:2,define
FN:2,define
FN:2,wrap
FN:2,tryCatch
FN:2,Generator
FN:2,GeneratorFunction
FN:2,GeneratorFunctionPrototype
FN:2,defineIteratorMethods
FN:2,AsyncIterator
FN:2,makeInvokeMethod
FN:2,maybeInvokeDelegate
FN:2,pushTryEntry
FN:2,resetTryEntry
FN:2,Context
FN:2,values
FN:2,next
FN:2,e.isGeneratorFunction
FN:2,e.mark
FN:2,e.awrap
FN:2,e.async
FN:2,e.keys
FN:2,reset
FN:2,stop
FN:2,dispatchException
FN:2,abrupt
FN:2,complete
FN:2,finish
FN:2,_catch
FN:2,delegateYield
FN:2,asyncGeneratorStep
FN:2,_asyncToGenerator
FN:13,_callee
FN:22,selectUserOrders
FN:24,extraReducers
FNF:36
FNH:6
FNDA:0,_regeneratorRuntime
FNDA:0,o
FNDA:13,define
FNDA:0,define
FNDA:0,wrap
FNDA:0,tryCatch
FNDA:0,Generator
FNDA:0,GeneratorFunction
FNDA:0,GeneratorFunctionPrototype
FNDA:2,defineIteratorMethods
FNDA:0,AsyncIterator
FNDA:0,makeInvokeMethod
FNDA:0,maybeInvokeDelegate
FNDA:0,pushTryEntry
FNDA:0,resetTryEntry
FNDA:0,Context
FNDA:1,values
FNDA:0,next
FNDA:0,e.isGeneratorFunction
FNDA:1,e.mark
FNDA:0,e.awrap
FNDA:0,e.async
FNDA:0,e.keys
FNDA:0,reset
FNDA:0,stop
FNDA:0,dispatchException
FNDA:0,abrupt
FNDA:0,complete
FNDA:0,finish
FNDA:0,_catch
FNDA:0,delegateYield
FNDA:0,asyncGeneratorStep
FNDA:1,_asyncToGenerator
FNDA:0,_callee
FNDA:0,selectUserOrders
FNDA:1,extraReducers
DA:1,1
DA:2,0
DA:3,1
DA:4,1
DA:5,1
DA:6,1
DA:7,1
DA:8,1
DA:9,1
DA:10,1
DA:11,1
DA:12,1
DA:13,1
DA:14,0
DA:15,1
DA:16,1
DA:17,1
DA:18,1
DA:19,1
DA:20,1
DA:21,1
DA:22,1
DA:23,1
DA:24,1
DA:25,1
DA:26,0
DA:27,1
DA:28,1
DA:29,1
DA:30,1
DA:31,1
DA:32,1
LF:32
LH:29
BRDA:2,0,0,0
BRDA:2,1,0,0
BRDA:2,2,0,0
BRDA:2,3,0,0
BRDA:2,4,0,0
BRDA:2,5,0,0
BRDA:2,6,0,13
BRDA:2,7,0,2
BRDA:2,8,0,6
BRDA:2,9,0,1
BRDA:2,10,0,0
BRDA:2,11,0,0
BRDA:2,12,0,0
BRDA:2,13,0,1
BRDA:2,14,0,0
BRDA:2,15,0,1
BRDA:24,16,0,1
BRF:17
BRH:7
end_of_record
TN:
SF:src\services\slices\userSlice.ts
FN:2,asyncGeneratorStep
FN:2,_asyncToGenerator
FN:35,_callee
FN:41,_callee2
FN:54,_callee3
FN:68,_callee4
FN:74,_callee5
FN:79,_callee6
FN:93,authCheck
FN:96,clearErrors
FN:102,selectUserAuthenticated
FN:103,selectUserData
FN:104,selectIsAuthChecked
FN:105,selectLoginError
FN:106,selectRegisterError
FN:108,extraReducers
FNF:16
FNH:2
FNDA:0,asyncGeneratorStep
FNDA:6,_asyncToGenerator
FNDA:0,_callee
FNDA:0,_callee2
FNDA:0,_callee3
FNDA:0,_callee4
FNDA:0,_callee5
FNDA:0,_callee6
FNDA:0,authCheck
FNDA:0,clearErrors
FNDA:0,selectUserAuthenticated
FNDA:0,selectUserData
FNDA:0,selectIsAuthChecked
FNDA:0,selectLoginError
FNDA:0,selectRegisterError
FNDA:1,extraReducers
DA:1,1
DA:2,0
DA:3,1
DA:4,1
DA:5,1
DA:6,1
DA:7,1
DA:8,1
DA:9,1
DA:10,1
DA:11,1
DA:12,1
DA:13,1
DA:14,1
DA:15,1
DA:16,1
DA:17,1
DA:18,1
DA:19,1
DA:20,1
DA:21,1
DA:22,1
DA:23,1
DA:24,1
DA:25,1
DA:26,1
DA:27,1
DA:28,1
DA:29,1
DA:30,1
DA:31,1
DA:32,1
DA:33,1
DA:34,1
DA:35,1
DA:36,0
DA:37,1
DA:38,1
DA:39,1
DA:40,1
DA:41,1
DA:42,0
DA:43,0
DA:44,0
DA:45,0
DA:46,0
DA:47,0
DA:48,0
DA:49,1
DA:50,1
DA:51,1
DA:52,1
DA:53,1
DA:54,1
DA:55,0
DA:56,0
DA:57,0
DA:58,0
DA:59,0
DA:60,0
DA:61,0
DA:62,1
DA:63,1
DA:64,1
DA:65,1
DA:66,1
DA:67,1
DA:68,1
DA:69,0
DA:70,1
DA:71,1
DA:72,1
DA:73,1
DA:74,1
DA:75,1
DA:76,1
DA:77,1
DA:78,1
DA:79,1
DA:80,0
DA:81,0
DA:82,0
DA:83,0
DA:84,0
DA:85,1
DA:86,1
DA:87,1
DA:88,1
DA:89,1
DA:90,1
DA:91,1
DA:92,1
DA:93,1
DA:94,0
DA:95,1
DA:96,1
DA:97,0
DA:98,0
DA:99,0
DA:100,1
DA:101,1
DA:102,1
DA:103,1
DA:104,1
DA:105,1
DA:106,1
DA:107,1
DA:108,1
DA:109,1
DA:110,1
DA:111,0
DA:112,0
DA:113,0
DA:114,1
DA:115,1
DA:116,0
DA:117,0
DA:118,0
DA:119,1
DA:120,1
DA:121,0
DA:122,0
DA:123,0
DA:124,0
DA:125,0
DA:126,0
DA:127,1
DA:128,1
DA:129,0
DA:130,1
DA:131,1
DA:132,0
DA:133,0
DA:134,1
DA:135,1
DA:136,0
DA:137,0
DA:138,0
DA:139,1
DA:140,1
DA:141,0
DA:142,0
DA:143,0
DA:144,0
DA:145,0
DA:146,1
DA:147,1
DA:148,0
DA:149,0
DA:150,0
DA:151,0
DA:152,1
DA:153,1
DA:154,0
DA:155,1
DA:156,1
DA:157,0
DA:158,0
DA:159,1
DA:160,1
DA:161,1
DA:162,1
DA:163,1
DA:164,1
DA:165,1
DA:166,1
DA:167,1
DA:168,1
DA:169,1
DA:170,1
DA:171,1
LF:171
LH:115
BRDA:2,0,0,6
BRDA:40,1,0,1
BRDA:53,2,0,1
BRDA:67,3,0,1
BRDA:78,4,0,1
BRDA:108,5,0,1
BRF:6
BRH:6
end_of_record
TN:
SF:src\services\slices\test\BurgerConstructorSlice.ts
FN:2,asyncGeneratorStep
FN:2,_asyncToGenerator
FN:39,_callee
FN:50,reducer
FN:57,prepare
FN:62,removeIngredient
FN:71,moveUpIngredient
FN:81,moveDownIngredient
FN:91,clearOrder
FN:93,extraReducers
FN:112,getConstructorItems
FN:113,getOrderRequest
FN:114,getOrderModalData
FN:115,getLoading
FN:116,getError
FNF:15
FNH:8
FNDA:0,asyncGeneratorStep
FNDA:1,_asyncToGenerator
FNDA:0,_callee
FNDA:2,reducer
FNDA:2,prepare
FNDA:1,removeIngredient
FNDA:1,moveUpIngredient
FNDA:1,moveDownIngredient
FNDA:1,clearOrder
FNDA:1,extraReducers
FNDA:0,getConstructorItems
FNDA:0,getOrderRequest
FNDA:0,getOrderModalData
FNDA:0,getLoading
FNDA:0,getError
DA:1,1
DA:2,0
DA:3,1
DA:4,1
DA:5,1
DA:6,1
DA:7,1
DA:8,1
DA:9,1
DA:10,1
DA:11,1
DA:12,1
DA:13,1
DA:14,1
DA:15,1
DA:16,1
DA:17,1
DA:18,1
DA:19,1
DA:20,1
DA:21,1
DA:22,1
DA:23,1
DA:24,1
DA:25,1
DA:26,1
DA:27,1
DA:28,1
DA:29,1
DA:30,1
DA:31,1
DA:32,1
DA:33,1
DA:34,1
DA:35,1
DA:36,1
DA:37,1
DA:38,1
DA:39,1
DA:40,0
DA:41,0
DA:42,1
DA:43,1
DA:44,1
DA:45,1
DA:46,1
DA:47,1
DA:48,1
DA:49,1
DA:50,1
DA:51,2
DA:52,1
DA:53,1
DA:54,1
DA:55,1
DA:56,1
DA:57,1
DA:58,2
DA:59,2
DA:60,2
DA:61,1
DA:62,1
DA:63,1
DA:64,1
DA:65,1
DA:66,1
DA:67,1
DA:68,1
DA:69,1
DA:70,1
DA:71,1
DA:72,1
DA:73,1
DA:74,1
DA:75,1
DA:76,1
DA:77,1
DA:78,1
DA:79,1
DA:80,1
DA:81,1
DA:82,1
DA:83,1
DA:84,1
DA:85,1
DA:86,1
DA:87,1
DA:88,1
DA:89,1
DA:90,1
DA:91,1
DA:92,1
DA:93,1
DA:94,1
DA:95,1
DA:96,0
DA:97,0
DA:98,1
DA:99,1
DA:100,0
DA:101,0
DA:102,1
DA:103,1
DA:104,0
DA:105,0
DA:106,0
DA:107,0
DA:108,0
DA:109,1
DA:110,1
DA:111,1
DA:112,1
DA:113,1
DA:114,1
DA:115,1
DA:116,1
DA:117,1
DA:118,1
DA:119,1
DA:120,1
DA:121,1
DA:122,1
DA:123,1
DA:124,1
DA:125,1
DA:126,1
DA:127,1
DA:128,1
DA:129,1
DA:130,1
DA:131,1
DA:132,1
DA:133,1
DA:134,1
DA:135,1
LF:135
LH:123
BRDA:2,0,0,1
BRDA:38,1,0,1
BRDA:50,2,0,2
BRDA:51,3,0,1
BRDA:57,4,0,2
BRDA:62,5,0,1
BRDA:68,6,0,2
BRDA:71,7,0,1
BRDA:81,8,0,1
BRDA:91,9,0,1
BRDA:93,10,0,1
BRF:11
BRH:11
end_of_record
TN:
SF:src\services\slices\test\FeedDataSlice.ts
FN:2,_regeneratorRuntime
FN:2,o
FN:2,define
FN:2,define
FN:2,wrap
FN:2,tryCatch
FN:2,Generator
FN:2,GeneratorFunction
FN:2,GeneratorFunctionPrototype
FN:2,defineIteratorMethods
FN:2,AsyncIterator
FN:2,makeInvokeMethod
FN:2,maybeInvokeDelegate
FN:2,pushTryEntry
FN:2,resetTryEntry
FN:2,Context
FN:2,values
FN:2,next
FN:2,e.isGeneratorFunction
FN:2,e.mark
FN:2,e.awrap
FN:2,e.async
FN:2,e.keys
FN:2,reset
FN:2,stop
FN:2,dispatchException
FN:2,abrupt
FN:2,complete
FN:2,finish
FN:2,_catch
FN:2,delegateYield
FN:2,asyncGeneratorStep
FN:2,_asyncToGenerator
FN:29,_callee
FN:43,extraReducers
FN:73,getFeedOrders
FN:74,getTotalEmountOrders
FN:75,getTotalEmountToday
FN:76,getLoading
FN:77,getError
FN:78,selectModalOrder
FNF:41
FNH:6
FNDA:0,_regeneratorRuntime
FNDA:0,o
FNDA:13,define
FNDA:0,define
FNDA:0,wrap
FNDA:0,tryCatch
FNDA:0,Generator
FNDA:0,GeneratorFunction
FNDA:0,GeneratorFunctionPrototype
FNDA:2,defineIteratorMethods
FNDA:0,AsyncIterator
FNDA:0,makeInvokeMethod
FNDA:0,maybeInvokeDelegate
FNDA:0,pushTryEntry
FNDA:0,resetTryEntry
FNDA:0,Context
FNDA:1,values
FNDA:0,next
FNDA:0,e.isGeneratorFunction
FNDA:1,e.mark
FNDA:0,e.awrap
FNDA:0,e.async
FNDA:0,e.keys
FNDA:0,reset
FNDA:0,stop
FNDA:0,dispatchException
FNDA:0,abrupt
FNDA:0,complete
FNDA:0,finish
FNDA:0,_catch
FNDA:0,delegateYield
FNDA:0,asyncGeneratorStep
FNDA:1,_asyncToGenerator
FNDA:0,_callee
FNDA:1,extraReducers
FNDA:0,getFeedOrders
FNDA:0,getTotalEmountOrders
FNDA:0,getTotalEmountToday
FNDA:0,getLoading
FNDA:0,getError
FNDA:0,selectModalOrder
DA:1,1
DA:2,0
DA:3,1
DA:4,1
DA:5,1
DA:6,1
DA:7,1
DA:8,1
DA:9,1
DA:10,1
DA:11,1
DA:12,1
DA:13,1
DA:14,1
DA:15,1
DA:16,1
DA:17,1
DA:18,1
DA:19,1
DA:20,1
DA:21,1
DA:22,1
DA:23,1
DA:24,1
DA:25,1
DA:26,1
DA:27,1
DA:28,1
DA:29,1
DA:30,0
DA:31,0
DA:32,0
DA:33,0
DA:34,0
DA:35,1
DA:36,1
DA:37,1
DA:38,1
DA:39,1
DA:40,1
DA:41,1
DA:42,1
DA:43,1
DA:44,1
DA:45,1
DA:46,1
DA:47,1
DA:48,1
DA:49,1
DA:50,1
DA:51,1
DA:52,1
DA:53,1
DA:54,1
DA:55,1
DA:56,1
DA:57,1
DA:58,1
DA:59,1
DA:60,1
DA:61,1
DA:62,1
DA:63,1
DA:64,1
DA:65,1
DA:66,1
DA:67,1
DA:68,1
DA:69,1
DA:70,1
DA:71,1
DA:72,1
DA:73,1
DA:74,1
DA:75,1
DA:76,1
DA:77,1
DA:78,1
DA:79,1
DA:80,1
DA:81,1
DA:82,1
DA:83,1
DA:84,1
DA:85,1
DA:86,1
DA:87,1
DA:88,1
DA:89,1
LF:89
LH:83
BRDA:2,0,0,0
BRDA:2,1,0,0
BRDA:2,2,0,0
BRDA:2,3,0,0
BRDA:2,4,0,0
BRDA:2,5,0,0
BRDA:2,6,0,13
BRDA:2,7,0,2
BRDA:2,8,0,6
BRDA:2,9,0,1
BRDA:2,10,0,0
BRDA:2,11,0,0
BRDA:2,12,0,0
BRDA:2,13,0,1
BRDA:2,14,0,0
BRDA:2,15,0,1
BRDA:28,16,0,1
BRDA:43,17,0,1
BRDA:45,18,0,1
BRDA:49,19,0,1
BRDA:55,20,0,1
BRDA:57,21,0,0
BRDA:59,22,0,1
BRDA:63,23,0,1
BRDA:67,24,0,1
BRDA:69,25,0,0
BRF:26
BRH:14
end_of_record
TN:
SF:src\services\slices\test\IngredientsSlice.ts
FN:2,asyncGeneratorStep
FN:2,_asyncToGenerator
FN:19,_callee
FN:29,extraReducers
FN:45,getIngredientsWithSelector
FN:46,getLoadingStatus
FNF:6
FNH:2
FNDA:0,asyncGeneratorStep
FNDA:1,_asyncToGenerator
FNDA:0,_callee
FNDA:1,extraReducers
FNDA:0,getIngredientsWithSelector
FNDA:0,getLoadingStatus
DA:1,1
DA:2,0
DA:3,1
DA:4,1
DA:5,1
DA:6,1
DA:7,1
DA:8,1
DA:9,1
DA:10,1
DA:11,1
DA:12,1
DA:13,1
DA:14,1
DA:15,1
DA:16,1
DA:17,1
DA:18,1
DA:19,1
DA:20,0
DA:21,0
DA:22,0
DA:23,1
DA:24,1
DA:25,1
DA:26,1
DA:27,1
DA:28,1
DA:29,1
DA:30,1
DA:31,1
DA:32,1
DA:33,1
DA:34,1
DA:35,1
DA:36,1
DA:37,1
DA:38,1
DA:39,1
DA:40,1
DA:41,1
DA:42,1
DA:43,1
DA:44,1
DA:45,1
DA:46,1
DA:47,1
DA:48,1
DA:49,1
DA:50,1
DA:51,1
DA:52,1
LF:52
LH:48
BRDA:2,0,0,1
BRDA:29,1,0,1
BRDA:31,2,0,1
BRDA:35,3,0,1
BRDA:39,4,0,1
BRF:5
BRH:5
end_of_record
TN:
SF:src\services\slices\test\UserInfoSlice.ts
FN:2,asyncGeneratorStep
FN:2,_asyncToGenerator
FN:38,_callee
FN:50,_callee2
FN:62,_callee3
FN:79,authChecked
FN:83,extraReducers
FN:170,selectUser
FN:171,selectIsAuthenticated
FN:172,selectLoginUserError
FN:173,selectIsAuthChecked
FN:174,selectloginUserRequest
FNF:12
FNH:3
FNDA:0,asyncGeneratorStep
FNDA:3,_asyncToGenerator
FNDA:0,_callee
FNDA:0,_callee2
FNDA:0,_callee3
FNDA:1,authChecked
FNDA:1,extraReducers
FNDA:0,selectUser
FNDA:0,selectIsAuthenticated
FNDA:0,selectLoginUserError
FNDA:0,selectIsAuthChecked
FNDA:0,selectloginUserRequest
DA:1,1
DA:2,0
DA:3,1
DA:4,1
DA:5,1
DA:6,1
DA:7,1
DA:8,1
DA:9,1
DA:10,1
DA:11,1
DA:12,1
DA:13,1
DA:14,1
DA:15,1
DA:16,1
DA:17,1
DA:18,1
DA:19,1
DA:20,1
DA:21,1
DA:22,1
DA:23,1
DA:24,1
DA:25,1
DA:26,1
DA:27,1
DA:28,1
DA:29,1
DA:30,1
DA:31,1
DA:32,1
DA:33,1
DA:34,1
DA:35,1
DA:36,1
DA:37,1
DA:38,1
DA:39,0
DA:40,0
DA:41,0
DA:42,0
DA:43,0
DA:44,0
DA:45,1
DA:46,1
DA:47,1
DA:48,1
DA:49,1
DA:50,1
DA:51,0
DA:52,0
DA:53,0
DA:54,0
DA:55,0
DA:56,0
DA:57,1
DA:58,1
DA:59,1
DA:60,1
DA:61,1
DA:62,1
DA:63,0
DA:64,0
DA:65,0
DA:66,0
DA:67,0
DA:68,0
DA:69,1
DA:70,1
DA:71,1
DA:72,1
DA:73,1
DA:74,1
DA:75,1
DA:76,1
DA:77,1
DA:78,1
DA:79,1
DA:80,1
DA:81,1
DA:82,1
DA:83,1
DA:84,1
DA:85,1
DA:86,0
DA:87,0
DA:88,0
DA:89,0
DA:90,1
DA:91,1
DA:92,0
DA:93,0
DA:94,0
DA:95,0
DA:96,1
DA:97,1
DA:98,0
DA:99,0
DA:100,0
DA:101,0
DA:102,0
DA:103,0
DA:104,1
DA:105,1
DA:106,1
DA:107,1
DA:108,1
DA:109,1
DA:110,1
DA:111,1
DA:112,1
DA:113,1
DA:114,1
DA:115,1
DA:116,1
DA:117,1
DA:118,1
DA:119,1
DA:120,1
DA:121,1
DA:122,1
DA:123,1
DA:124,1
DA:125,1
DA:126,1
DA:127,1
DA:128,1
DA:129,1
DA:130,1
DA:131,1
DA:132,1
DA:133,1
DA:134,1
DA:135,1
DA:136,1
DA:137,1
DA:138,1
DA:139,1
DA:140,1
DA:141,1
DA:142,1
DA:143,1
DA:144,1
DA:145,1
DA:146,1
DA:147,1
DA:148,1
DA:149,1
DA:150,1
DA:151,1
DA:152,1
DA:153,1
DA:154,1
DA:155,1
DA:156,1
DA:157,1
DA:158,1
DA:159,1
DA:160,1
DA:161,1
DA:162,1
DA:163,1
DA:164,1
DA:165,1
DA:166,1
DA:167,1
DA:168,1
DA:169,1
DA:170,1
DA:171,1
DA:172,1
DA:173,1
DA:174,1
DA:175,1
DA:176,1
DA:177,1
DA:178,1
DA:179,1
DA:180,1
DA:181,0
DA:182,0
DA:183,0
DA:184,0
DA:185,0
DA:186,0
DA:187,0
DA:188,0
DA:189,1
DA:190,1
DA:191,1
DA:192,1
DA:193,1
DA:194,1
DA:195,1
DA:196,1
DA:197,1
DA:198,1
DA:199,1
DA:200,1
LF:200
LH:159
BRDA:2,0,0,3
BRDA:37,1,0,1
BRDA:49,2,0,1
BRDA:61,3,0,1
BRDA:79,4,0,1
BRDA:83,5,0,1
BRDA:105,6,0,1
BRDA:110,7,0,1
BRDA:115,8,0,1
BRDA:118,9,0,0
BRDA:121,10,0,1
BRDA:125,11,0,1
BRDA:131,12,0,1
BRDA:134,13,0,0
BRDA:137,14,0,1
BRDA:141,15,0,1
BRDA:148,16,0,1
BRDA:152,17,0,0
BRDA:154,18,0,1
BRDA:158,19,0,1
BRDA:163,20,0,1
BRDA:165,21,0,0
BRF:22
BRH:18
end_of_record
TN:
SF:src\services\slices\test\UserOrdersHistory.ts
FN:26,extraReducers
FN:42,getUserOrdersHistory
FN:43,getUserOrdersHistoryError
FN:44,getUserOrdersLoading
FNF:4
FNH:1
FNDA:1,extraReducers
FNDA:0,getUserOrdersHistory
FNDA:0,getUserOrdersHistoryError
FNDA:0,getUserOrdersLoading
DA:1,1
DA:2,1
DA:3,1
DA:4,1
DA:5,1
DA:6,1
DA:7,1
DA:8,1
DA:9,1
DA:10,1
DA:11,1
DA:12,1
DA:13,1
DA:14,1
DA:15,1
DA:16,1
DA:17,1
DA:18,1
DA:19,1
DA:20,1
DA:21,1
DA:22,1
DA:23,1
DA:24,1
DA:25,1
DA:26,1
DA:27,1
DA:28,1
DA:29,1
DA:30,1
DA:31,1
DA:32,1
DA:33,1
DA:34,1
DA:35,1
DA:36,1
DA:37,1
DA:38,1
DA:39,1
DA:40,1
DA:41,1
DA:42,1
DA:43,1
DA:44,1
DA:45,1
DA:46,1
DA:47,1
DA:48,1
DA:49,1
DA:50,1
DA:51,1
DA:52,1
DA:53,1
DA:54,1
LF:54
LH:54
BRDA:26,0,0,1
BRDA:28,1,0,1
BRDA:31,2,0,1
BRDA:36,3,0,1
BRDA:37,4,0,0
BRF:5
BRH:4
end_of_record
TN:
SF:src\utils\burger-api.ts
FN:2,_regeneratorRuntime
FN:2,_regeneratorRuntime
FN:2,o
FN:2,define
FN:2,define
FN:2,wrap
FN:2,tryCatch
FN:2,Generator
FN:2,GeneratorFunction
FN:2,GeneratorFunctionPrototype
FN:2,defineIteratorMethods
FN:2,AsyncIterator
FN:2,makeInvokeMethod
FN:2,maybeInvokeDelegate
FN:2,pushTryEntry
FN:2,resetTryEntry
FN:2,Context
FN:2,values
FN:2,next
FN:2,e.isGeneratorFunction
FN:2,e.mark
FN:2,e.awrap
FN:2,e.async
FN:2,e.keys
FN:2,reset
FN:2,stop
FN:2,dispatchException
FN:2,abrupt
FN:2,complete
FN:2,finish
FN:2,_catch
FN:2,delegateYield
FN:2,asyncGeneratorStep
FN:2,_asyncToGenerator
FN:6,checkResponse
FN:18,refreshToken
FN:38,_callee
FN:74,getIngredientsApi
FN:82,getFeedsApi
FN:90,getOrdersApi
FN:107,orderBurgerApi
FN:126,getOrderByNumberApi
FN:146,registerUserApi
FN:165,loginUserApi
FN:179,forgotPasswordApi
FN:193,resetPasswordApi
FN:209,getUserApi
FN:216,updateUserApi
FN:226,logoutApi
FNF:49
FNH:6
FNDA:6,_regeneratorRuntime
FNDA:0,_regeneratorRuntime
FNDA:0,o
FNDA:78,define
FNDA:0,define
FNDA:0,wrap
FNDA:0,tryCatch
FNDA:0,Generator
FNDA:0,GeneratorFunction
FNDA:0,GeneratorFunctionPrototype
FNDA:12,defineIteratorMethods
FNDA:0,AsyncIterator
FNDA:0,makeInvokeMethod
FNDA:0,maybeInvokeDelegate
FNDA:0,pushTryEntry
FNDA:0,resetTryEntry
FNDA:0,Context
FNDA:6,values
FNDA:0,next
FNDA:0,e.isGeneratorFunction
FNDA:6,e.mark
FNDA:0,e.awrap
FNDA:0,e.async
FNDA:0,e.keys
FNDA:0,reset
FNDA:0,stop
FNDA:0,dispatchException
FNDA:0,abrupt
FNDA:0,complete
FNDA:0,finish
FNDA:0,_catch
FNDA:0,delegateYield
FNDA:0,asyncGeneratorStep
FNDA:6,_asyncToGenerator
FNDA:0,checkResponse
FNDA:0,refreshToken
FNDA:0,_callee
FNDA:0,getIngredientsApi
FNDA:0,getFeedsApi
FNDA:0,getOrdersApi
FNDA:0,orderBurgerApi
FNDA:0,getOrderByNumberApi
FNDA:0,registerUserApi
FNDA:0,loginUserApi
FNDA:0,forgotPasswordApi
FNDA:0,resetPasswordApi
FNDA:0,getUserApi
FNDA:0,updateUserApi
FNDA:0,logoutApi
DA:1,1
DA:2,0
DA:3,1
DA:4,1
DA:5,1
DA:6,1
DA:7,0
DA:8,1
DA:9,1
DA:10,1
DA:11,1
DA:12,1
DA:13,1
DA:14,1
DA:15,1
DA:16,1
DA:17,1
DA:18,1
DA:19,0
DA:20,0
DA:21,0
DA:22,0
DA:23,0
DA:24,0
DA:25,0
DA:26,0
DA:27,0
DA:28,0
DA:29,0
DA:30,0
DA:31,0
DA:32,0
DA:33,0
DA:34,0
DA:35,0
DA:36,0
DA:37,1
DA:38,1
DA:39,0
DA:40,0
DA:41,0
DA:42,0
DA:43,0
DA:44,0
DA:45,0
DA:46,0
DA:47,0
DA:48,0
DA:49,0
DA:50,0
DA:51,0
DA:52,0
DA:53,0
DA:54,0
DA:55,0
DA:56,1
DA:57,1
DA:58,1
DA:59,1
DA:60,1
DA:61,1
DA:62,1
DA:63,1
DA:64,1
DA:65,1
DA:66,1
DA:67,1
DA:68,1
DA:69,1
DA:70,1
DA:71,1
DA:72,1
DA:73,1
DA:74,1
DA:75,0
DA:76,0
DA:77,0
DA:78,0
DA:79,0
DA:80,0
DA:81,1
DA:82,1
DA:83,0
DA:84,0
DA:85,0
DA:86,0
DA:87,0
DA:88,0
DA:89,1
DA:90,1
DA:91,0
DA:92,0
DA:93,0
DA:94,0
DA:95,0
DA:96,0
DA:97,0
DA:98,0
DA:99,0
DA:100,0
DA:101,1
DA:102,1
DA:103,1
DA:104,1
DA:105,1
DA:106,1
DA:107,1
DA:108,0
DA:109,0
DA:110,0
DA:111,0
DA:112,0
DA:113,0
DA:114,0
DA:115,0
DA:116,0
DA:117,0
DA:118,0
DA:119,0
DA:120,0
DA:121,1
DA:122,1
DA:123,1
DA:124,1
DA:125,1
DA:126,1
DA:127,0
DA:128,0
DA:129,0
DA:130,0
DA:131,0
DA:132,0
DA:133,1
DA:134,1
DA:135,1
DA:136,1
DA:137,1
DA:138,1
DA:139,1
DA:140,1
DA:141,1
DA:142,1
DA:143,1
DA:144,1
DA:145,1
DA:146,1
DA:147,0
DA:148,0
DA:149,0
DA:150,0
DA:151,0
DA:152,0
DA:153,0
DA:154,0
DA:155,0
DA:156,0
DA:157,0
DA:158,0
DA:159,1
DA:160,1
DA:161,1
DA:162,1
DA:163,1
DA:164,1
DA:165,1
DA:166,0
DA:167,0
DA:168,0
DA:169,0
DA:170,0
DA:171,0
DA:172,0
DA:173,0
DA:174,0
DA:175,0
DA:176,0
DA:177,0
DA:178,1
DA:179,1
DA:180,0
DA:181,0
DA:182,0
DA:183,0
DA:184,0
DA:185,0
DA:186,0
DA:187,0
DA:188,0
DA:189,0
DA:190,0
DA:191,0
DA:192,1
DA:193,1
DA:194,0
DA:195,0
DA:196,0
DA:197,0
DA:198,0
DA:199,0
DA:200,0
DA:201,0
DA:202,0
DA:203,0
DA:204,0
DA:205,0
DA:206,1
DA:207,1
DA:208,1
DA:209,1
DA:210,0
DA:211,0
DA:212,0
DA:213,0
DA:214,0
DA:215,1
DA:216,1
DA:217,0
DA:218,0
DA:219,0
DA:220,0
DA:221,0
DA:222,0
DA:223,0
DA:224,0
DA:225,1
DA:226,1
DA:227,0
DA:228,0
DA:229,0
DA:230,0
DA:231,0
DA:232,0
DA:233,0
DA:234,0
DA:235,0
LF:235
LH:87
BRDA:2,0,0,6
BRDA:2,1,0,0
BRDA:2,2,0,0
BRDA:2,3,0,0
BRDA:2,4,0,0
BRDA:2,5,0,0
BRDA:2,6,0,0
BRDA:2,7,0,78
BRDA:2,8,0,12
BRDA:2,9,0,36
BRDA:2,10,0,6
BRDA:2,11,0,0
BRDA:2,12,0,0
BRDA:2,13,0,0
BRDA:2,14,0,6
BRDA:2,15,0,0
BRDA:2,16,0,6
BRDA:38,17,0,6
BRF:18
BRH:8
end_of_record
TN:
SF:src\utils\cookie.ts
FN:1,getCookie
FN:13,setCookie
FN:45,deleteCookie
FNF:3
FNH:2
FNDA:0,getCookie
FNDA:1,setCookie
FNDA:1,deleteCookie
DA:1,1
DA:2,0
DA:3,0
DA:4,0
DA:5,0
DA:6,0
DA:7,0
DA:8,0
DA:9,0
DA:10,0
DA:11,0
DA:12,1
DA:13,1
DA:14,1
DA:15,1
DA:16,1
DA:17,1
DA:18,1
DA:19,1
DA:20,1
DA:21,1
DA:22,1
DA:23,1
DA:24,1
DA:25,1
DA:26,1
DA:27,1
DA:28,1
DA:29,1
DA:30,1
DA:31,1
DA:32,1
DA:33,1
DA:34,1
DA:35,1
DA:36,2
DA:37,2
DA:38,2
DA:39,2
DA:40,2
DA:41,2
DA:42,1
DA:43,1
DA:44,1
DA:45,1
DA:46,1
DA:47,1
LF:47
LH:37
BRDA:13,0,0,1
BRDA:16,1,0,0
BRDA:35,2,0,2
BRDA:45,3,0,1
BRF:4
BRH:3
end_of_record
